2024-04-11 10:49:39.250 [info] Log level: Info
2024-04-11 10:49:39.250 [info] Validating found git in: "git"
2024-04-11 10:49:39.250 [info] Using git "2.44.0" from "git"
2024-04-11 10:50:00.132 [info] Log level: Info
2024-04-11 10:50:00.132 [info] Validating found git in: "git"
2024-04-11 10:50:00.132 [info] Using git "2.44.0" from "git"
2024-04-11 10:50:00.132 [info] > git rev-parse --show-toplevel [3ms]
2024-04-11 10:50:00.132 [info] fatal: not a git repository (or any parent up to mount point /)
Stopping at filesystem boundary (GIT_DISCOVERY_ACROSS_FILESYSTEM not set).
2024-04-11 10:50:00.132 [info] > git rev-parse --show-toplevel [3ms]
2024-04-11 10:50:00.132 [info] fatal: not a git repository (or any parent up to mount point /)
Stopping at filesystem boundary (GIT_DISCOVERY_ACROSS_FILESYSTEM not set).
2024-04-11 10:50:00.132 [info] > git rev-parse --show-toplevel [3ms]
2024-04-11 10:50:00.132 [info] fatal: not a git repository (or any parent up to mount point /)
Stopping at filesystem boundary (GIT_DISCOVERY_ACROSS_FILESYSTEM not set).
2024-04-11 10:50:00.319 [info] > git rev-parse --show-toplevel [27ms]
2024-04-11 10:50:00.319 [info] fatal: not a git repository (or any parent up to mount point /)
Stopping at filesystem boundary (GIT_DISCOVERY_ACROSS_FILESYSTEM not set).
2024-04-11 10:50:06.544 [info] > git rev-parse --show-toplevel [1ms]
2024-04-11 10:50:06.544 [info] fatal: not a git repository (or any parent up to mount point /)
Stopping at filesystem boundary (GIT_DISCOVERY_ACROSS_FILESYSTEM not set).
2024-04-11 10:56:09.293 [info] > git rev-parse --show-toplevel [1ms]
2024-04-11 10:56:09.293 [info] fatal: not a git repository (or any parent up to mount point /)
Stopping at filesystem boundary (GIT_DISCOVERY_ACROSS_FILESYSTEM not set).
2024-04-11 10:58:39.229 [info] > git rev-parse --show-toplevel [1ms]
2024-04-11 10:58:39.229 [info] fatal: not a git repository (or any parent up to mount point /)
Stopping at filesystem boundary (GIT_DISCOVERY_ACROSS_FILESYSTEM not set).
2024-04-11 10:58:42.854 [info] > git rev-parse --show-toplevel [1ms]
2024-04-11 10:58:42.854 [info] fatal: not a git repository (or any parent up to mount point /)
Stopping at filesystem boundary (GIT_DISCOVERY_ACROSS_FILESYSTEM not set).
2024-04-11 10:58:51.361 [info] > git rev-parse --show-toplevel [1ms]
2024-04-11 10:58:51.361 [info] fatal: not a git repository (or any parent up to mount point /)
Stopping at filesystem boundary (GIT_DISCOVERY_ACROSS_FILESYSTEM not set).
2024-04-11 11:00:39.697 [info] > git rev-parse --show-toplevel [0ms]
2024-04-11 11:00:39.697 [info] fatal: not a git repository (or any parent up to mount point /)
Stopping at filesystem boundary (GIT_DISCOVERY_ACROSS_FILESYSTEM not set).
2024-04-11 11:00:41.732 [info] > git rev-parse --show-toplevel [1ms]
2024-04-11 11:00:41.732 [info] fatal: not a git repository (or any parent up to mount point /)
Stopping at filesystem boundary (GIT_DISCOVERY_ACROSS_FILESYSTEM not set).
2024-04-11 11:00:45.724 [info] > git rev-parse --show-toplevel [0ms]
2024-04-11 11:00:45.724 [info] fatal: not a git repository (or any parent up to mount point /)
Stopping at filesystem boundary (GIT_DISCOVERY_ACROSS_FILESYSTEM not set).
2024-04-11 11:03:33.446 [info] > git rev-parse --show-toplevel [1ms]
2024-04-11 11:03:33.446 [info] fatal: not a git repository (or any parent up to mount point /)
Stopping at filesystem boundary (GIT_DISCOVERY_ACROSS_FILESYSTEM not set).
2024-04-11 11:04:59.320 [info] > git rev-parse --show-toplevel [6ms]
2024-04-11 11:04:59.320 [info] fatal: not a git repository (or any parent up to mount point /)
Stopping at filesystem boundary (GIT_DISCOVERY_ACROSS_FILESYSTEM not set).
2024-04-11 11:16:25.576 [info] > git rev-parse --show-toplevel [0ms]
2024-04-11 11:16:25.577 [info] fatal: not a git repository (or any parent up to mount point /)
Stopping at filesystem boundary (GIT_DISCOVERY_ACROSS_FILESYSTEM not set).
2024-04-11 11:16:27.324 [info] > git rev-parse --show-toplevel [1ms]
2024-04-11 11:16:27.324 [info] fatal: not a git repository (or any parent up to mount point /)
Stopping at filesystem boundary (GIT_DISCOVERY_ACROSS_FILESYSTEM not set).
2024-04-11 11:16:34.357 [info] > git rev-parse --show-toplevel [0ms]
2024-04-11 11:16:34.357 [info] fatal: not a git repository (or any parent up to mount point /)
Stopping at filesystem boundary (GIT_DISCOVERY_ACROSS_FILESYSTEM not set).
2024-04-11 11:16:38.465 [info] > git rev-parse --show-toplevel [1ms]
2024-04-11 11:16:38.465 [info] fatal: not a git repository (or any parent up to mount point /)
Stopping at filesystem boundary (GIT_DISCOVERY_ACROSS_FILESYSTEM not set).
2024-04-11 11:16:40.346 [info] > git rev-parse --show-toplevel [1ms]
2024-04-11 11:16:40.346 [info] fatal: not a git repository (or any parent up to mount point /)
Stopping at filesystem boundary (GIT_DISCOVERY_ACROSS_FILESYSTEM not set).
2024-04-11 11:16:46.394 [info] > git rev-parse --show-toplevel [1ms]
2024-04-11 11:16:46.394 [info] fatal: not a git repository (or any parent up to mount point /)
Stopping at filesystem boundary (GIT_DISCOVERY_ACROSS_FILESYSTEM not set).
