2024-04-10 10:27:48.254 [info] Reading sessions from keychain...
2024-04-10 10:27:48.254 [info] Getting sessions for all scopes...
2024-04-10 10:27:48.254 [info] Getting sessions for all scopes...
2024-04-10 10:27:48.255 [info] Got stored sessions!
2024-04-10 10:27:48.255 [info] Got 1 verified sessions.
2024-04-10 10:27:48.255 [info] Got 1 sessions for ...
2024-04-10 10:27:48.255 [info] Got 1 sessions for ...
2024-04-10 10:27:48.255 [info] Getting sessions for all scopes...
2024-04-10 10:27:48.255 [info] Got 1 sessions for ...
2024-04-10 10:27:48.549 [info] Getting sessions for project,read:org,read:user,repo,user:email,workflow...
2024-04-10 10:27:48.549 [info] Got 0 sessions for project,read:org,read:user,repo,user:email,workflow...
2024-04-10 10:27:48.640 [info] Getting sessions for read:user,repo,user:email,workflow...
2024-04-10 10:27:48.640 [info] Got 1 sessions for read:user,repo,user:email,workflow...
2024-04-10 10:27:48.723 [info] Getting sessions for read:user,repo,user:email,workflow...
2024-04-10 10:27:48.723 [info] Got 1 sessions for read:user,repo,user:email,workflow...
2024-04-10 10:28:10.855 [info] Reading sessions from keychain...
2024-04-10 10:28:10.855 [info] Getting sessions for all scopes...
2024-04-10 10:28:10.855 [info] Getting sessions for all scopes...
2024-04-10 10:28:10.855 [info] Got stored sessions!
2024-04-10 10:28:10.855 [info] Got 1 verified sessions.
2024-04-10 10:28:10.855 [info] Got 1 sessions for ...
2024-04-10 10:28:10.855 [info] Got 1 sessions for ...
2024-04-10 10:28:10.855 [info] Getting sessions for all scopes...
2024-04-10 10:28:10.855 [info] Got 1 sessions for ...
2024-04-10 10:28:11.157 [info] Getting sessions for project,read:org,read:user,repo,user:email,workflow...
2024-04-10 10:28:11.157 [info] Got 0 sessions for project,read:org,read:user,repo,user:email,workflow...
2024-04-10 10:28:11.157 [info] Getting sessions for all scopes...
2024-04-10 10:28:11.157 [info] Got 1 sessions for ...
2024-04-10 10:28:11.193 [info] Getting sessions for read:user,repo,user:email,workflow...
2024-04-10 10:28:11.193 [info] Got 1 sessions for read:user,repo,user:email,workflow...
2024-04-10 10:28:11.316 [info] Getting sessions for read:user,repo,user:email,workflow...
2024-04-10 10:28:11.316 [info] Got 1 sessions for read:user,repo,user:email,workflow...
