2024-05-04 19:20:27.389 [info] Reading sessions from keychain...
2024-05-04 19:20:27.389 [info] Getting sessions for all scopes...
2024-05-04 19:20:27.389 [info] Getting sessions for all scopes...
2024-05-04 19:20:27.389 [info] Got stored sessions!
2024-05-04 19:20:27.389 [info] Got 1 verified sessions.
2024-05-04 19:20:27.389 [info] Got 1 sessions for ...
2024-05-04 19:20:27.389 [info] Got 1 sessions for ...
2024-05-04 19:20:27.392 [info] Getting sessions for all scopes...
2024-05-04 19:20:27.392 [info] Got 1 sessions for ...
2024-05-04 19:20:27.459 [info] Getting sessions for all scopes...
2024-05-04 19:20:27.459 [info] Got 1 sessions for ...
2024-05-04 19:20:27.645 [info] Getting sessions for project,read:org,read:user,repo,user:email,workflow...
2024-05-04 19:20:27.645 [info] Got 0 sessions for project,read:org,read:user,repo,user:email,workflow...
2024-05-04 19:20:27.804 [info] Getting sessions for read:user,repo,user:email,workflow...
2024-05-04 19:20:27.804 [info] Got 1 sessions for read:user,repo,user:email,workflow...
2024-05-04 19:20:27.830 [info] Getting sessions for read:user,repo,user:email...
2024-05-04 19:20:27.830 [info] Got 0 sessions for read:user,repo,user:email...
2024-05-04 19:20:28.036 [info] Getting sessions for read:user,repo,user:email,workflow...
2024-05-04 19:20:28.036 [info] Got 1 sessions for read:user,repo,user:email,workflow...
2024-05-04 19:20:30.895 [info] Getting sessions for read:user,repo,user:email,workflow...
2024-05-04 19:20:30.895 [info] Got 1 sessions for read:user,repo,user:email,workflow...
2024-05-04 19:20:31.880 [info] Getting sessions for read:user,repo,user:email,workflow...
2024-05-04 19:20:31.880 [info] Got 1 sessions for read:user,repo,user:email,workflow...
