2024-04-16 22:03:59.802 [info] Log level: Info
2024-04-16 22:03:59.802 [info] Validating found git in: "git"
2024-04-16 22:03:59.802 [info] Using git "2.44.0" from "git"
2024-04-16 22:03:59.802 [info] > git rev-parse --show-toplevel [4ms]
2024-04-16 22:03:59.802 [info] > git rev-parse --git-dir --git-common-dir [2ms]
2024-04-16 22:03:59.802 [info] Open repository: /home/I40S/.config
2024-04-16 22:03:59.955 [info] > git rev-parse --show-toplevel [147ms]
2024-04-16 22:03:59.956 [info] > git config --get commit.template [151ms]
2024-04-16 22:04:00.059 [info] > git rev-parse --show-toplevel [26ms]
2024-04-16 22:04:00.066 [info] > git rev-parse --show-toplevel [3ms]
2024-04-16 22:04:00.066 [info] > git for-each-ref --format=%(refname)%00%(upstream:short)%00%(objectname)%00%(upstream:track)%00%(upstream:remotename)%00%(upstream:remoteref) refs/heads/main refs/remotes/main [9ms]
2024-04-16 22:04:00.085 [info] > git rev-parse --show-toplevel [10ms]
2024-04-16 22:04:00.545 [info] > git status -z -uall [454ms] (cancelled)
2024-04-16 22:04:00.545 [info] > git check-ignore -v -z --stdin [62ms]
2024-04-16 22:04:00.635 [info] > git show --textconv :eww/scss/weather.scss [52ms]
2024-04-16 22:04:00.635 [info] > git ls-files --stage -- /home/I40S/.config/eww/scss/weather.scss [49ms]
2024-04-16 22:04:00.641 [info] > git cat-file -s 8dabda4fe4762402d3728b6371170bd18ef865e0 [3ms]
2024-04-16 22:04:01.156 [info] > git config --local branch.main.github-pr-owner-number [41ms]
2024-04-16 22:04:01.157 [warning] git config failed: Failed to execute git
2024-04-16 22:04:01.355 [info] > git check-ignore -v -z --stdin [1ms]
2024-04-16 22:04:02.490 [info] > git show --textconv :eww/scss/bar.scss [9ms]
2024-04-16 22:04:02.491 [info] > git ls-files --stage -- /home/I40S/.config/eww/scss/bar.scss [4ms]
2024-04-16 22:04:02.496 [info] > git cat-file -s 408e03b97656e93a3b00e2ab60f97fd607ece75f [1ms]
2024-04-16 22:04:04.980 [info] > git show --textconv :eww/eww.scss [7ms]
2024-04-16 22:04:04.982 [info] > git ls-files --stage -- /home/I40S/.config/eww/eww.scss [3ms]
2024-04-16 22:04:04.990 [info] > git cat-file -s 1e12bf05875680a351f16ea5207a1c5d9292f5d3 [2ms]
2024-04-16 22:04:07.163 [info] > git merge-base refs/heads/main refs/remotes/origin/main [55ms]
2024-04-16 22:04:07.167 [info] > git config --get commit.template [5ms]
2024-04-16 22:04:07.173 [info] > git rev-list --count --left-right refs/heads/main...refs/remotes/origin/main [7ms]
2024-04-16 22:04:07.178 [info] > git for-each-ref --format=%(refname)%00%(upstream:short)%00%(objectname)%00%(upstream:track)%00%(upstream:remotename)%00%(upstream:remoteref) refs/heads/main refs/remotes/main [6ms]
2024-04-16 22:04:07.187 [info] > git diff --name-status -z --diff-filter=ADMR 824edd8fb9fb510089b60ca32a6560b43971bbb4...refs/remotes/origin/main [10ms]
2024-04-16 22:04:07.780 [info] > git status -z -uall [589ms] (cancelled)
2024-04-16 22:09:00.788 [info] > git config --local branch.main.github-pr-owner-number [1ms]
2024-04-16 22:09:00.788 [warning] git config failed: Failed to execute git
