2024-04-10 09:56:32.418 [info] Log level: Info
2024-04-10 09:56:32.418 [info] Validating found git in: "git"
2024-04-10 09:56:32.418 [info] Using git "2.44.0" from "git"
2024-04-10 09:56:32.418 [info] > git rev-parse --show-toplevel [2ms]
2024-04-10 09:56:32.418 [info] fatal: not a git repository (or any parent up to mount point /)
Stopping at filesystem boundary (GIT_DISCOVERY_ACROSS_FILESYSTEM not set).
2024-04-10 09:56:32.418 [info] > git rev-parse --show-toplevel [3ms]
2024-04-10 09:56:32.418 [info] fatal: not a git repository (or any parent up to mount point /)
Stopping at filesystem boundary (GIT_DISCOVERY_ACROSS_FILESYSTEM not set).
2024-04-10 09:56:32.605 [info] > git rev-parse --show-toplevel [16ms]
2024-04-10 09:56:32.605 [info] fatal: not a git repository (or any parent up to mount point /)
Stopping at filesystem boundary (GIT_DISCOVERY_ACROSS_FILESYSTEM not set).
2024-04-10 09:56:32.796 [info] > git rev-parse --show-toplevel [5ms]
2024-04-10 09:56:32.796 [info] fatal: not a git repository (or any parent up to mount point /)
Stopping at filesystem boundary (GIT_DISCOVERY_ACROSS_FILESYSTEM not set).
2024-04-10 09:56:32.937 [info] > git rev-parse --show-toplevel [1ms]
2024-04-10 09:56:32.937 [info] fatal: not a git repository (or any parent up to mount point /)
Stopping at filesystem boundary (GIT_DISCOVERY_ACROSS_FILESYSTEM not set).
2024-04-10 09:56:37.158 [info] > git rev-parse --show-toplevel [1ms]
2024-04-10 09:56:37.158 [info] fatal: not a git repository (or any parent up to mount point /)
Stopping at filesystem boundary (GIT_DISCOVERY_ACROSS_FILESYSTEM not set).
2024-04-10 09:56:40.295 [info] > git rev-parse --show-toplevel [1ms]
2024-04-10 09:56:40.296 [info] fatal: not a git repository (or any parent up to mount point /)
Stopping at filesystem boundary (GIT_DISCOVERY_ACROSS_FILESYSTEM not set).
2024-04-10 09:56:56.151 [info] > git rev-parse --show-toplevel [1ms]
2024-04-10 09:56:56.151 [info] fatal: not a git repository (or any parent up to mount point /)
Stopping at filesystem boundary (GIT_DISCOVERY_ACROSS_FILESYSTEM not set).
2024-04-10 09:56:56.888 [info] > git rev-parse --show-toplevel [1ms]
2024-04-10 09:56:56.888 [info] fatal: not a git repository (or any parent up to mount point /)
Stopping at filesystem boundary (GIT_DISCOVERY_ACROSS_FILESYSTEM not set).
2024-04-10 09:57:01.045 [info] > git rev-parse --show-toplevel [1ms]
2024-04-10 09:57:01.046 [info] fatal: not a git repository (or any parent up to mount point /)
Stopping at filesystem boundary (GIT_DISCOVERY_ACROSS_FILESYSTEM not set).
2024-04-10 09:57:02.031 [info] > git rev-parse --show-toplevel [1ms]
2024-04-10 09:57:02.031 [info] fatal: not a git repository (or any parent up to mount point /)
Stopping at filesystem boundary (GIT_DISCOVERY_ACROSS_FILESYSTEM not set).
2024-04-10 09:57:33.549 [info] > git rev-parse --show-toplevel [1ms]
2024-04-10 09:57:33.549 [info] fatal: not a git repository (or any parent up to mount point /)
Stopping at filesystem boundary (GIT_DISCOVERY_ACROSS_FILESYSTEM not set).
