2024-04-30 15:28:02.212 [info] Reading sessions from keychain...
2024-04-30 15:28:02.212 [info] Getting sessions for all scopes...
2024-04-30 15:28:02.212 [info] Getting sessions for all scopes...
2024-04-30 15:28:02.212 [info] Got stored sessions!
2024-04-30 15:28:02.212 [info] Got 1 verified sessions.
2024-04-30 15:28:02.212 [info] Got 1 sessions for ...
2024-04-30 15:28:02.212 [info] Got 1 sessions for ...
2024-04-30 15:28:02.350 [info] Getting sessions for all scopes...
2024-04-30 15:28:02.350 [info] Got 1 sessions for ...
2024-04-30 15:28:02.398 [info] Getting sessions for project,read:org,read:user,repo,user:email,workflow...
2024-04-30 15:28:02.398 [info] Got 0 sessions for project,read:org,read:user,repo,user:email,workflow...
2024-04-30 15:28:02.399 [info] Getting sessions for read:user,repo,user:email...
2024-04-30 15:28:02.399 [info] Got 0 sessions for read:user,repo,user:email...
2024-04-30 15:28:02.531 [info] Getting sessions for read:user,repo,user:email,workflow...
2024-04-30 15:28:02.531 [info] Got 1 sessions for read:user,repo,user:email,workflow...
2024-04-30 15:28:02.586 [info] Getting sessions for read:user,repo,user:email,workflow...
2024-04-30 15:28:02.586 [info] Got 1 sessions for read:user,repo,user:email,workflow...
2024-04-30 15:28:07.059 [info] Getting sessions for read:user,repo,user:email,workflow...
2024-04-30 15:28:07.059 [info] Got 1 sessions for read:user,repo,user:email,workflow...
2024-04-30 15:28:08.162 [info] Getting sessions for read:user,repo,user:email,workflow...
2024-04-30 15:28:08.162 [info] Got 1 sessions for read:user,repo,user:email,workflow...
2024-04-30 15:28:16.144 [info] Reading sessions from keychain...
2024-04-30 15:28:16.144 [info] Getting sessions for all scopes...
2024-04-30 15:28:16.144 [info] Getting sessions for all scopes...
2024-04-30 15:28:16.144 [info] Got stored sessions!
2024-04-30 15:28:16.144 [info] Got 1 verified sessions.
2024-04-30 15:28:16.144 [info] Got 1 sessions for ...
2024-04-30 15:28:16.144 [info] Got 1 sessions for ...
2024-04-30 15:28:16.144 [info] Getting sessions for all scopes...
2024-04-30 15:28:16.144 [info] Got 1 sessions for ...
2024-04-30 15:28:16.214 [info] Getting sessions for project,read:org,read:user,repo,user:email,workflow...
2024-04-30 15:28:16.214 [info] Got 0 sessions for project,read:org,read:user,repo,user:email,workflow...
2024-04-30 15:28:16.272 [info] Getting sessions for read:user,repo,user:email,workflow...
2024-04-30 15:28:16.272 [info] Got 1 sessions for read:user,repo,user:email,workflow...
2024-04-30 15:28:16.395 [info] Getting sessions for read:user,repo,user:email,workflow...
2024-04-30 15:28:16.395 [info] Got 1 sessions for read:user,repo,user:email,workflow...
2024-04-30 15:28:54.073 [info] Reading sessions from keychain...
2024-04-30 15:28:54.073 [info] Getting sessions for all scopes...
2024-04-30 15:28:54.073 [info] Getting sessions for all scopes...
2024-04-30 15:28:54.073 [info] Got stored sessions!
2024-04-30 15:28:54.073 [info] Got 1 verified sessions.
2024-04-30 15:28:54.073 [info] Got 1 sessions for ...
2024-04-30 15:28:54.073 [info] Got 1 sessions for ...
2024-04-30 15:28:54.073 [info] Getting sessions for all scopes...
2024-04-30 15:28:54.073 [info] Got 1 sessions for ...
2024-04-30 15:28:54.157 [info] Getting sessions for all scopes...
2024-04-30 15:28:54.158 [info] Got 1 sessions for ...
2024-04-30 15:28:54.322 [info] Getting sessions for project,read:org,read:user,repo,user:email,workflow...
2024-04-30 15:28:54.323 [info] Got 0 sessions for project,read:org,read:user,repo,user:email,workflow...
2024-04-30 15:28:54.411 [info] Getting sessions for read:user,repo,user:email,workflow...
2024-04-30 15:28:54.411 [info] Got 1 sessions for read:user,repo,user:email,workflow...
2024-04-30 15:28:54.529 [info] Getting sessions for read:user,repo,user:email,workflow...
2024-04-30 15:28:54.530 [info] Got 1 sessions for read:user,repo,user:email,workflow...
2024-04-30 15:28:54.630 [info] Getting sessions for read:user,repo,user:email...
2024-04-30 15:28:54.630 [info] Got 0 sessions for read:user,repo,user:email...
2024-04-30 15:28:59.268 [info] Getting sessions for read:user,repo,user:email,workflow...
2024-04-30 15:28:59.268 [info] Got 1 sessions for read:user,repo,user:email,workflow...
2024-04-30 15:29:00.294 [info] Getting sessions for read:user,repo,user:email,workflow...
2024-04-30 15:29:00.294 [info] Got 1 sessions for read:user,repo,user:email,workflow...
