2024-04-11 19:22:30.945 [info] Extension host with pid 54047 started
2024-04-11 19:22:30.945 [info] Skipping acquiring lock for /home/I40S/.config/Code/User/workspaceStorage/5ecbbd13792e5f5d4a281e2c58390dd3.
2024-04-11 19:22:31.109 [info] ExtensionService#_doActivateExtension vscode.emmet, startup: false, activationEvent: 'onLanguage'
2024-04-11 19:22:31.242 [info] ExtensionService#_doActivateExtension vscode.git-base, startup: true, activationEvent: '*', root cause: vscode.git
2024-04-11 19:22:31.244 [info] ExtensionService#_doActivateExtension dlasagno.wal-theme, startup: true, activationEvent: '*'
2024-04-11 19:22:31.259 [info] ExtensionService#_doActivateExtension pixl-garden.BongoCat, startup: true, activationEvent: '*'
2024-04-11 19:22:31.285 [info] ExtensionService#_doActivateExtension vscode.git, startup: true, activationEvent: '*'
2024-04-11 19:22:31.303 [info] ExtensionService#_doActivateExtension vscode.github, startup: true, activationEvent: '*'
2024-04-11 19:22:31.344 [info] Eager extensions activated
2024-04-11 19:22:31.413 [info] ExtensionService#_doActivateExtension vscode.debug-auto-launch, startup: false, activationEvent: 'onStartupFinished'
2024-04-11 19:22:31.415 [info] ExtensionService#_doActivateExtension vscode.merge-conflict, startup: false, activationEvent: 'onStartupFinished'
2024-04-11 19:22:31.421 [info] ExtensionService#_doActivateExtension Catppuccin.catppuccin-vsc, startup: false, activationEvent: 'onStartupFinished'
2024-04-11 19:22:31.423 [info] ExtensionService#_doActivateExtension eamodio.gitlens, startup: false, activationEvent: 'onStartupFinished'
2024-04-11 19:22:31.452 [info] ExtensionService#_doActivateExtension vscode.github-authentication, startup: false, activationEvent: 'onStartupFinished', root cause: GitHub.vscode-pull-request-github
2024-04-11 19:22:31.461 [info] ExtensionService#_doActivateExtension ritwickdey.LiveServer, startup: false, activationEvent: 'onStartupFinished'
2024-04-11 19:22:31.464 [info] ExtensionService#_doActivateExtension tonybaloney.vscode-pets, startup: false, activationEvent: 'onStartupFinished'
2024-04-11 19:22:31.472 [info] ExtensionService#_doActivateExtension vscode-icons-team.vscode-icons, startup: false, activationEvent: 'onStartupFinished'
2024-04-11 19:22:31.615 [info] ExtensionService#_doActivateExtension ms-vsliveshare.vsliveshare, startup: false, activationEvent: 'api', root cause: eamodio.gitlens
2024-04-11 19:22:31.720 [info] ExtensionService#_doActivateExtension GitHub.vscode-pull-request-github, startup: false, activationEvent: 'onStartupFinished'
2024-04-11 19:22:35.294 [warning] [Decorations] CAPPING events from decorations provider vscode.git 10226
2024-04-11 19:22:35.832 [warning] [Decorations] CAPPING events from decorations provider vscode.git 10231
2024-04-11 19:24:19.269 [warning] TextEditor is closed/disposed
2024-04-11 19:24:19.381 [info] ExtensionService#_doActivateExtension vscode.css-language-features, startup: false, activationEvent: 'onLanguage:scss'
2024-04-11 19:24:19.741 [warning] TextEditor is closed/disposed
2024-04-11 19:24:23.164 [warning] TextEditor is closed/disposed
2024-04-11 19:24:24.201 [warning] TextEditor is closed/disposed
2024-04-11 19:24:25.053 [warning] TextEditor is closed/disposed
2024-04-11 19:24:37.968 [warning] TextEditor is closed/disposed
2024-04-11 19:24:38.034 [info] ExtensionService#_doActivateExtension vscode.extension-editing, startup: false, activationEvent: 'onLanguage:markdown'
2024-04-11 19:24:38.039 [info] ExtensionService#_doActivateExtension vscode.markdown-language-features, startup: false, activationEvent: 'onLanguage:markdown'
2024-04-11 19:24:38.328 [info] ExtensionService#_doActivateExtension vscode.markdown-math, startup: false, activationEvent: 'api', root cause: vscode.markdown-language-features
