2024-04-11 08:25:18.891 [info] Reading sessions from keychain...
2024-04-11 08:25:18.891 [info] Getting sessions for all scopes...
2024-04-11 08:25:18.891 [info] Getting sessions for all scopes...
2024-04-11 08:25:18.891 [info] Got stored sessions!
2024-04-11 08:25:18.891 [info] Got 1 verified sessions.
2024-04-11 08:25:18.891 [info] Got 1 sessions for ...
2024-04-11 08:25:18.891 [info] Got 1 sessions for ...
2024-04-11 08:25:19.012 [info] Getting sessions for project,read:org,read:user,repo,user:email,workflow...
2024-04-11 08:25:19.012 [info] Got 0 sessions for project,read:org,read:user,repo,user:email,workflow...
2024-04-11 08:25:19.013 [info] Getting sessions for all scopes...
2024-04-11 08:25:19.013 [info] Got 1 sessions for ...
2024-04-11 08:25:19.137 [info] Getting sessions for read:user,repo,user:email,workflow...
2024-04-11 08:25:19.137 [info] Got 1 sessions for read:user,repo,user:email,workflow...
2024-04-11 08:25:19.291 [info] Getting sessions for all scopes...
2024-04-11 08:25:19.291 [info] Got 1 sessions for ...
2024-04-11 08:25:19.580 [info] Getting sessions for read:user,repo,user:email,workflow...
2024-04-11 08:25:19.581 [info] Got 1 sessions for read:user,repo,user:email,workflow...
2024-04-11 08:25:19.581 [info] Getting sessions for read:user,repo,user:email...
2024-04-11 08:25:19.581 [info] Got 0 sessions for read:user,repo,user:email...
2024-04-11 08:25:37.048 [info] Getting sessions for read:user,repo,user:email,workflow...
2024-04-11 08:25:37.048 [info] Got 1 sessions for read:user,repo,user:email,workflow...
2024-04-11 08:25:39.406 [info] Getting sessions for read:user,repo,user:email,workflow...
2024-04-11 08:25:39.406 [info] Got 1 sessions for read:user,repo,user:email,workflow...
