2024-04-10 10:27:46.998 [info] Added views:workbench.panel.markers.view in workbench.panel.markers
2024-04-10 10:27:46.998 [info] Added views:workbench.panel.output in workbench.panel.output
2024-04-10 10:27:46.998 [info] Added views:terminal in terminal
2024-04-10 10:27:46.998 [info] Added views:outline in workbench.view.explorer
2024-04-10 10:27:46.998 [info] Added views:workbench.scm in workbench.view.scm
2024-04-10 10:27:46.998 [info] Added views:workbench.view.search in workbench.view.search
2024-04-10 10:27:46.998 [info] Added views:timeline in workbench.view.explorer
2024-04-10 10:27:46.998 [info] Added views:workbench.explorer.openEditorsView,workbench.explorer.emptyView in workbench.view.explorer
2024-04-10 10:27:47.254 [info] Added views:gitlens.views.home,gitlens.views.workspaces,gitlens.views.account in workbench.view.extension.gitlens
2024-04-10 10:27:47.255 [info] Added views:gitlens.views.commitDetails,gitlens.views.lineHistory,gitlens.views.fileHistory,gitlens.views.searchAndCompare in workbench.view.extension.gitlensInspect
2024-04-10 10:27:47.256 [info] Added views:gitlens.views.commits,gitlens.views.branches,gitlens.views.remotes,gitlens.views.stashes,gitlens.views.tags,gitlens.views.contributors in workbench.view.scm
2024-04-10 10:27:47.257 [info] Added views:pr:github,issues:github in workbench.view.extension.github-pull-requests
2024-04-10 10:27:47.257 [info] Added views:liveshare.session in workbench.view.extension.liveshare
2024-04-10 10:27:47.589 [info] Added views:workbench.debug.variablesView,workbench.debug.watchExpressionsView,workbench.debug.callStackView,workbench.debug.breakPointsView in workbench.view.debug
2024-04-10 10:27:47.608 [info] Added views:workbench.panel.repl.view in workbench.panel.repl
2024-04-10 10:27:47.609 [info] Removed views:workbench.debug.breakPointsView,workbench.debug.callStackView,workbench.debug.watchExpressionsView,workbench.debug.variablesView from workbench.view.debug
2024-04-10 10:27:47.609 [info] Added views:workbench.debug.welcome in workbench.view.debug
2024-04-10 10:27:47.933 [info] Removed views:gitlens.views.searchAndCompare,gitlens.views.fileHistory,gitlens.views.lineHistory,gitlens.views.commitDetails from workbench.view.extension.gitlensInspect
2024-04-10 10:27:47.934 [info] Removed views:gitlens.views.contributors,gitlens.views.tags,gitlens.views.stashes,gitlens.views.remotes,gitlens.views.branches,gitlens.views.commits from workbench.view.scm
2024-04-10 10:27:48.020 [info] Added views:gitlens.views.drafts in workbench.view.extension.gitlens
2024-04-10 10:27:48.026 [info] Added views:petsView in workbench.view.explorer
2024-04-10 10:27:48.207 [info] Added views:~remote.forwardedPorts in ~remote.forwardedPortsContainer
2024-04-10 10:28:08.814 [info] Added views:workbench.panel.markers.view in workbench.panel.markers
2024-04-10 10:28:08.814 [info] Added views:workbench.panel.output in workbench.panel.output
2024-04-10 10:28:08.814 [info] Added views:terminal in terminal
2024-04-10 10:28:08.814 [info] Added views:outline in workbench.view.explorer
2024-04-10 10:28:08.814 [info] Added views:workbench.scm in workbench.view.scm
2024-04-10 10:28:08.814 [info] Added views:workbench.view.search in workbench.view.search
2024-04-10 10:28:08.814 [info] Added views:timeline in workbench.view.explorer
2024-04-10 10:28:08.814 [info] Added views:workbench.explorer.openEditorsView,workbench.explorer.fileView in workbench.view.explorer
2024-04-10 10:28:09.095 [info] Added views:workbench.debug.welcome in workbench.view.debug
2024-04-10 10:28:09.365 [info] Added views:gitlens.views.home,gitlens.views.workspaces,gitlens.views.account in workbench.view.extension.gitlens
2024-04-10 10:28:09.366 [info] Added views:gitlens.views.commitDetails,gitlens.views.lineHistory,gitlens.views.fileHistory,gitlens.views.searchAndCompare in workbench.view.extension.gitlensInspect
2024-04-10 10:28:09.366 [info] Added views:gitlens.views.commits,gitlens.views.branches,gitlens.views.remotes,gitlens.views.stashes,gitlens.views.tags,gitlens.views.contributors in workbench.view.scm
2024-04-10 10:28:09.366 [info] Added views:pr:github,issues:github in workbench.view.extension.github-pull-requests
2024-04-10 10:28:09.367 [info] Added views:liveshare.session in workbench.view.extension.liveshare
2024-04-10 10:28:09.901 [info] Added views:workbench.panel.repl.view in workbench.panel.repl
2024-04-10 10:28:10.526 [info] Removed views:gitlens.views.searchAndCompare,gitlens.views.fileHistory,gitlens.views.lineHistory,gitlens.views.commitDetails from workbench.view.extension.gitlensInspect
2024-04-10 10:28:10.529 [info] Removed views:gitlens.views.contributors,gitlens.views.tags,gitlens.views.stashes,gitlens.views.remotes,gitlens.views.branches,gitlens.views.commits from workbench.view.scm
2024-04-10 10:28:10.615 [info] Added views:gitlens.views.drafts in workbench.view.extension.gitlens
2024-04-10 10:28:10.672 [info] Added views:petsView in workbench.view.explorer
2024-04-10 10:28:11.244 [info] Added views:~remote.forwardedPorts in ~remote.forwardedPortsContainer
