2024-05-01 11:29:53.358 [info] Log level: Info
2024-05-01 11:29:53.358 [info] Validating found git in: "git"
2024-05-01 11:29:53.358 [info] Using git "2.45.0" from "git"
2024-05-01 11:29:53.358 [info] > git rev-parse --show-toplevel [9ms]
2024-05-01 11:29:53.358 [info] > git rev-parse --git-dir --git-common-dir [142ms]
2024-05-01 11:29:53.358 [info] Open repository: /home/I40S/.config
2024-05-01 11:29:53.360 [info] > git rev-parse --show-toplevel [23ms]
2024-05-01 11:29:53.361 [info] > git config --get commit.template [28ms]
2024-05-01 11:29:53.373 [info] > git rev-parse --show-toplevel [7ms]
2024-05-01 11:29:53.389 [info] > git for-each-ref --format=%(refname)%00%(upstream:short)%00%(objectname)%00%(upstream:track)%00%(upstream:remotename)%00%(upstream:remoteref) refs/heads/main refs/remotes/main [18ms]
2024-05-01 11:29:53.393 [info] > git rev-parse --show-toplevel [8ms]
2024-05-01 11:29:53.401 [info] > git rev-parse --show-toplevel [2ms]
2024-05-01 11:29:53.424 [info] > git rev-parse --show-toplevel [11ms]
2024-05-01 11:29:53.735 [info] > git rev-parse --show-toplevel [146ms]
2024-05-01 11:29:53.748 [info] > git check-ignore -v -z --stdin [9ms]
2024-05-01 11:29:53.750 [info] > git rev-parse --show-toplevel [7ms]
2024-05-01 11:29:53.759 [info] > git status -z -uall [351ms] (cancelled)
2024-05-01 11:29:53.759 [info] > git rev-parse --show-toplevel [5ms]
2024-05-01 11:29:53.793 [info] > git rev-parse --show-toplevel [30ms]
2024-05-01 11:29:53.875 [info] > git rev-parse --show-toplevel [25ms]
2024-05-01 11:29:53.895 [info] > git rev-parse --show-toplevel [6ms]
2024-05-01 11:29:53.956 [info] > git rev-parse --show-toplevel [2ms]
2024-05-01 11:29:53.963 [info] > git rev-parse --show-toplevel [2ms]
2024-05-01 11:29:53.973 [info] > git rev-parse --show-toplevel [2ms]
2024-05-01 11:29:53.981 [info] > git rev-parse --show-toplevel [2ms]
2024-05-01 11:29:53.992 [info] > git rev-parse --show-toplevel [5ms]
2024-05-01 11:29:54.002 [info] > git rev-parse --show-toplevel [2ms]
2024-05-01 11:29:54.069 [info] > git rev-parse --show-toplevel [11ms]
2024-05-01 11:29:54.076 [info] > git rev-parse --show-toplevel [2ms]
2024-05-01 11:29:54.082 [info] > git rev-parse --show-toplevel [1ms]
2024-05-01 11:29:54.102 [info] > git rev-parse --show-toplevel [14ms]
2024-05-01 11:29:54.126 [info] > git rev-parse --show-toplevel [6ms]
2024-05-01 11:29:54.138 [info] > git rev-parse --show-toplevel [8ms]
2024-05-01 11:29:54.165 [info] > git rev-parse --show-toplevel [21ms]
2024-05-01 11:29:54.212 [info] > git rev-parse --show-toplevel [36ms]
2024-05-01 11:29:54.346 [info] > git rev-parse --show-toplevel [96ms]
2024-05-01 11:29:54.367 [info] > git rev-parse --show-toplevel [3ms]
2024-05-01 11:29:54.417 [info] > git rev-parse --show-toplevel [39ms]
2024-05-01 11:29:54.472 [info] > git rev-parse --show-toplevel [2ms]
2024-05-01 11:29:54.479 [info] > git rev-parse --show-toplevel [2ms]
2024-05-01 11:29:54.504 [info] > git rev-parse --show-toplevel [2ms]
2024-05-01 11:29:54.511 [info] > git rev-parse --show-toplevel [1ms]
2024-05-01 11:29:54.527 [info] > git rev-parse --show-toplevel [11ms]
2024-05-01 11:29:54.538 [info] > git rev-parse --show-toplevel [1ms]
2024-05-01 11:29:54.546 [info] > git rev-parse --show-toplevel [1ms]
2024-05-01 11:29:54.552 [info] > git rev-parse --show-toplevel [2ms]
2024-05-01 11:29:54.560 [info] > git rev-parse --show-toplevel [2ms]
2024-05-01 11:29:54.566 [info] > git rev-parse --show-toplevel [2ms]
2024-05-01 11:29:54.573 [info] > git rev-parse --show-toplevel [2ms]
2024-05-01 11:29:54.580 [info] > git rev-parse --show-toplevel [2ms]
2024-05-01 11:29:54.586 [info] > git rev-parse --show-toplevel [1ms]
2024-05-01 11:29:54.593 [info] > git rev-parse --show-toplevel [2ms]
2024-05-01 11:29:54.599 [info] > git rev-parse --show-toplevel [1ms]
2024-05-01 11:29:54.605 [info] > git rev-parse --show-toplevel [2ms]
2024-05-01 11:29:54.615 [info] > git rev-parse --show-toplevel [6ms]
2024-05-01 11:29:54.623 [info] > git rev-parse --show-toplevel [3ms]
2024-05-01 11:29:54.629 [info] > git rev-parse --show-toplevel [2ms]
2024-05-01 11:29:54.636 [info] > git rev-parse --show-toplevel [2ms]
2024-05-01 11:29:54.642 [info] > git rev-parse --show-toplevel [2ms]
2024-05-01 11:29:54.651 [info] > git rev-parse --show-toplevel [3ms]
2024-05-01 11:29:54.657 [info] > git rev-parse --show-toplevel [1ms]
2024-05-01 11:29:54.667 [info] > git rev-parse --show-toplevel [4ms]
2024-05-01 11:29:54.674 [info] > git rev-parse --show-toplevel [2ms]
2024-05-01 11:29:54.682 [info] > git rev-parse --show-toplevel [2ms]
2024-05-01 11:29:54.688 [info] > git rev-parse --show-toplevel [2ms]
2024-05-01 11:29:54.693 [info] > git rev-parse --show-toplevel [1ms]
2024-05-01 11:29:54.698 [info] > git rev-parse --show-toplevel [1ms]
2024-05-01 11:29:54.714 [info] > git show --textconv :hypr/hyprland.conf [7ms]
2024-05-01 11:29:54.718 [info] > git ls-files --stage -- /home/I40S/.config/hypr/hyprland.conf [5ms]
2024-05-01 11:29:54.741 [info] > git cat-file -s c1725f3370964b4586df6e73d3972a9a633bb631 [19ms]
2024-05-01 11:29:55.181 [info] > git config --local branch.main.github-pr-owner-number [68ms]
2024-05-01 11:29:55.181 [warning] git config failed: Failed to execute git
2024-05-01 11:30:33.852 [info] > git merge-base refs/heads/main refs/remotes/origin/main [88ms]
2024-05-01 11:30:34.475 [info] > git rev-list --count --left-right refs/heads/main...refs/remotes/origin/main [617ms]
2024-05-01 11:30:34.483 [info] > git config --get commit.template [632ms]
2024-05-01 11:30:34.487 [info] > git diff --name-status -z --diff-filter=ADMR 824edd8fb9fb510089b60ca32a6560b43971bbb4...refs/remotes/origin/main [5ms]
2024-05-01 11:30:34.496 [info] > git for-each-ref --format=%(refname)%00%(upstream:short)%00%(objectname)%00%(upstream:track)%00%(upstream:remotename)%00%(upstream:remoteref) refs/heads/main refs/remotes/main [2ms]
2024-05-01 11:30:34.691 [info] > git status -z -uall [190ms] (cancelled)
2024-05-01 11:31:29.390 [info] > git check-ignore -v -z --stdin [5ms]
2024-05-01 11:33:36.907 [info] > git check-ignore -v -z --stdin [7ms]
2024-05-01 11:33:39.838 [info] > git check-ignore -v -z --stdin [3ms]
2024-05-01 11:33:41.131 [info] > git check-ignore -v -z --stdin [8ms]
2024-05-01 11:33:41.668 [info] > git check-ignore -v -z --stdin [7ms]
2024-05-01 11:33:42.227 [info] > git show --textconv :eww/scripts/apps.py [9ms]
2024-05-01 11:33:42.229 [info] > git ls-files --stage -- /home/I40S/.config/eww/scripts/apps.py [3ms]
2024-05-01 11:33:42.238 [info] > git cat-file -s 2bd5258ef871d841a621823b0ac620ddf178d92a [3ms]
2024-05-01 11:34:54.240 [info] > git config --local branch.main.github-pr-owner-number [2ms]
2024-05-01 11:34:54.240 [warning] git config failed: Failed to execute git
2024-05-01 11:35:09.301 [info] > git check-ignore -v -z --stdin [4ms]
2024-05-01 11:35:11.360 [info] > git check-ignore -v -z --stdin [3ms]
2024-05-01 11:35:12.195 [info] > git show --textconv :eww/eww.scss [7ms]
2024-05-01 11:35:12.197 [info] > git ls-files --stage -- /home/I40S/.config/eww/eww.scss [3ms]
2024-05-01 11:35:12.203 [info] > git cat-file -s 1e12bf05875680a351f16ea5207a1c5d9292f5d3 [1ms]
2024-05-01 11:35:13.055 [info] > git show --textconv :eww/eww.yuck [7ms]
2024-05-01 11:35:13.057 [info] > git ls-files --stage -- /home/I40S/.config/eww/eww.yuck [2ms]
2024-05-01 11:35:13.063 [info] > git cat-file -s 1000ac0a80e13d894445bd1f060b41b9482548ec [1ms]
2024-05-01 11:35:13.788 [info] > git show --textconv :eww/windows.yuck [9ms]
2024-05-01 11:35:13.790 [info] > git ls-files --stage -- /home/I40S/.config/eww/windows.yuck [4ms]
2024-05-01 11:35:13.798 [info] > git cat-file -s f8a6d14e140f30d1ae3bee20e49531adb784036d [2ms]
2024-05-01 11:35:14.163 [info] > git show --textconv :eww/variables.yuck [7ms]
2024-05-01 11:35:14.166 [info] > git ls-files --stage -- /home/I40S/.config/eww/variables.yuck [3ms]
2024-05-01 11:35:14.173 [info] > git cat-file -s 01c19a85498522c6c76500dd98ad371b410d8378 [2ms]
2024-05-01 11:37:00.059 [info] > git show --textconv :eww/scss/clock.scss [38ms]
2024-05-01 11:37:00.066 [info] > git ls-files --stage -- /home/I40S/.config/eww/scss/clock.scss [16ms]
2024-05-01 11:37:00.076 [info] > git cat-file -s a42c8a0f8a798833205af8aa89e6c1b2372c0926 [3ms]
2024-05-01 11:37:00.386 [info] > git show --textconv :eww/scss/bar.scss [7ms]
2024-05-01 11:37:00.388 [info] > git ls-files --stage -- /home/I40S/.config/eww/scss/bar.scss [2ms]
2024-05-01 11:37:00.393 [info] > git cat-file -s 408e03b97656e93a3b00e2ab60f97fd607ece75f [1ms]
2024-05-01 11:39:54.251 [info] > git config --local branch.main.github-pr-owner-number [2ms]
2024-05-01 11:39:54.251 [warning] git config failed: Failed to execute git
2024-05-01 11:42:17.096 [info] > git show --textconv :eww/modules/clock.yuck [7ms]
2024-05-01 11:42:17.098 [info] > git ls-files --stage -- /home/I40S/.config/eww/modules/clock.yuck [3ms]
2024-05-01 11:42:17.105 [info] > git cat-file -s acd5524451f4290ac07d3c5a3c6decd359300b58 [2ms]
2024-05-01 11:43:49.763 [info] > git show --textconv :eww/modules/weather.yuck [7ms]
2024-05-01 11:43:49.766 [info] > git ls-files --stage -- /home/I40S/.config/eww/modules/weather.yuck [3ms]
2024-05-01 11:43:49.776 [info] > git cat-file -s ba16b12047344594b0393e9f17619bbadbf26f50 [2ms]
2024-05-01 11:44:35.556 [info] > git show --textconv :eww/eww.yuck [7ms]
2024-05-01 11:44:35.558 [info] > git ls-files --stage -- /home/I40S/.config/eww/eww.yuck [2ms]
2024-05-01 11:44:35.566 [info] > git cat-file -s 1000ac0a80e13d894445bd1f060b41b9482548ec [1ms]
2024-05-01 11:44:37.816 [info] > git show --textconv :eww/windows.yuck [8ms]
2024-05-01 11:44:37.818 [info] > git ls-files --stage -- /home/I40S/.config/eww/windows.yuck [3ms]
2024-05-01 11:44:37.826 [info] > git cat-file -s f8a6d14e140f30d1ae3bee20e49531adb784036d [2ms]
2024-05-01 11:44:54.264 [info] > git config --local branch.main.github-pr-owner-number [2ms]
2024-05-01 11:44:54.264 [warning] git config failed: Failed to execute git
2024-05-01 11:46:01.872 [info] > git show --textconv :eww/modules/bg_widgets.yuck [8ms]
2024-05-01 11:46:01.873 [info] > git ls-files --stage -- /home/I40S/.config/eww/modules/bg_widgets.yuck [3ms]
2024-05-01 11:46:01.880 [info] > git cat-file -s b2ac4dccd3476631db490001f279b7eeb3a67ad0 [2ms]
2024-05-01 11:49:54.275 [info] > git config --local branch.main.github-pr-owner-number [1ms]
2024-05-01 11:49:54.276 [warning] git config failed: Failed to execute git
2024-05-01 11:54:54.287 [info] > git config --local branch.main.github-pr-owner-number [2ms]
2024-05-01 11:54:54.287 [warning] git config failed: Failed to execute git
2024-05-01 11:59:54.296 [info] > git config --local branch.main.github-pr-owner-number [2ms]
2024-05-01 11:59:54.296 [warning] git config failed: Failed to execute git
2024-05-01 12:14:23.160 [info] > git check-ignore -v -z --stdin [11ms]
2024-05-01 12:14:32.664 [info] Log level: Info
2024-05-01 12:14:32.664 [info] Validating found git in: "git"
2024-05-01 12:14:32.664 [info] Using git "2.45.0" from "git"
2024-05-01 12:14:32.664 [info] > git rev-parse --show-toplevel [12ms]
2024-05-01 12:14:32.677 [info] > git rev-parse --git-dir --git-common-dir [119ms]
2024-05-01 12:14:32.689 [info] Open repository: /home/I40S/.config
2024-05-01 12:14:32.905 [info] > git rev-parse --show-toplevel [77ms]
2024-05-01 12:14:32.906 [info] > git config --get commit.template [81ms]
2024-05-01 12:14:32.922 [info] > git for-each-ref --format=%(refname)%00%(upstream:short)%00%(objectname)%00%(upstream:track)%00%(upstream:remotename)%00%(upstream:remoteref) refs/heads/main refs/remotes/main [3ms]
2024-05-01 12:14:32.922 [info] > git rev-parse --show-toplevel [11ms]
2024-05-01 12:14:32.937 [info] > git rev-parse --show-toplevel [4ms]
2024-05-01 12:14:32.976 [info] > git rev-parse --show-toplevel [25ms]
2024-05-01 12:14:33.084 [info] > git rev-parse --show-toplevel [28ms]
2024-05-01 12:14:33.129 [info] > git status -z -uall [186ms] (cancelled)
2024-05-01 12:14:33.129 [info] > git rev-parse --show-toplevel [39ms]
2024-05-01 12:14:33.157 [info] > git rev-parse --show-toplevel [22ms]
2024-05-01 12:14:33.189 [info] > git rev-parse --show-toplevel [2ms]
2024-05-01 12:14:33.334 [info] > git rev-parse --show-toplevel [21ms]
2024-05-01 12:14:33.341 [info] > git rev-parse --show-toplevel [2ms]
2024-05-01 12:14:33.348 [info] > git rev-parse --show-toplevel [3ms]
2024-05-01 12:14:33.435 [info] > git check-ignore -v -z --stdin [8ms]
2024-05-01 12:14:33.938 [info] > git config --local branch.main.github-pr-owner-number [53ms]
2024-05-01 12:14:33.938 [warning] git config failed: Failed to execute git
