2024-04-30 15:28:00.996 [info] Extension host with pid 1714 started
2024-04-30 15:28:00.996 [info] Skipping acquiring lock for /home/I40S/.config/Code/User/workspaceStorage/0da512fa94e310959a1213ab017fd88c.
2024-04-30 15:28:01.171 [info] ExtensionService#_doActivateExtension vscode.emmet, startup: false, activationEvent: 'onLanguage'
2024-04-30 15:28:01.179 [info] ExtensionService#_doActivateExtension vscode.css-language-features, startup: false, activationEvent: 'onLanguage:scss'
2024-04-30 15:28:01.567 [info] ExtensionService#_doActivateExtension vscode.git-base, startup: true, activationEvent: '*', root cause: vscode.git
2024-04-30 15:28:01.568 [info] ExtensionService#_doActivateExtension dlasagno.wal-theme, startup: true, activationEvent: '*'
2024-04-30 15:28:01.603 [info] ExtensionService#_doActivateExtension pixl-garden.BongoCat, startup: true, activationEvent: '*'
2024-04-30 15:28:01.644 [info] ExtensionService#_doActivateExtension vscode.git, startup: true, activationEvent: '*'
2024-04-30 15:28:01.669 [info] ExtensionService#_doActivateExtension vscode.github, startup: true, activationEvent: '*'
2024-04-30 15:28:01.715 [info] Eager extensions activated
2024-04-30 15:28:01.758 [info] ExtensionService#_doActivateExtension vscode.debug-auto-launch, startup: false, activationEvent: 'onStartupFinished'
2024-04-30 15:28:01.760 [info] ExtensionService#_doActivateExtension vscode.merge-conflict, startup: false, activationEvent: 'onStartupFinished'
2024-04-30 15:28:01.768 [info] ExtensionService#_doActivateExtension Catppuccin.catppuccin-vsc, startup: false, activationEvent: 'onStartupFinished'
2024-04-30 15:28:01.771 [info] ExtensionService#_doActivateExtension eamodio.gitlens, startup: false, activationEvent: 'onStartupFinished'
2024-04-30 15:28:01.800 [info] ExtensionService#_doActivateExtension vscode.github-authentication, startup: false, activationEvent: 'onStartupFinished', root cause: GitHub.vscode-pull-request-github
2024-04-30 15:28:01.816 [info] ExtensionService#_doActivateExtension ritwickdey.LiveServer, startup: false, activationEvent: 'onStartupFinished'
2024-04-30 15:28:01.827 [info] ExtensionService#_doActivateExtension tonybaloney.vscode-pets, startup: false, activationEvent: 'onStartupFinished'
2024-04-30 15:28:01.841 [info] ExtensionService#_doActivateExtension vscode-icons-team.vscode-icons, startup: false, activationEvent: 'onStartupFinished'
2024-04-30 15:28:02.011 [info] ExtensionService#_doActivateExtension ms-vsliveshare.vsliveshare, startup: false, activationEvent: 'api', root cause: eamodio.gitlens
2024-04-30 15:28:02.121 [info] ExtensionService#_doActivateExtension GitHub.vscode-pull-request-github, startup: false, activationEvent: 'onStartupFinished'
2024-04-30 15:28:07.032 [warning] [Decorations] CAPPING events from decorations provider vscode.git 10247
2024-04-30 15:28:07.652 [warning] [Decorations] CAPPING events from decorations provider vscode.git 10254
2024-04-30 15:28:14.275 [info] Extension host terminating: renderer closed the MessagePort
2024-04-30 15:28:14.306 [warning] Canceled
2024-04-30 15:28:14.322 [error] Canceled: Canceled
	at new O (/opt/visual-studio-code/resources/app/out/vs/workbench/api/node/extensionHostProcess.js:142:46998)
	at h.U (/opt/visual-studio-code/resources/app/out/vs/workbench/api/node/extensionHostProcess.js:149:5539)
	at T.<computed>.F.charCodeAt.T.<computed> (/opt/visual-studio-code/resources/app/out/vs/workbench/api/node/extensionHostProcess.js:149:2993)
	at d.g (/opt/visual-studio-code/resources/app/out/vs/workbench/api/node/extensionHostProcess.js:152:186335)
	at d.executeCommand (/opt/visual-studio-code/resources/app/out/vs/workbench/api/node/extensionHostProcess.js:152:185773)
	at E.registerCommand.description (/opt/visual-studio-code/resources/app/out/vs/workbench/api/node/extensionHostProcess.js:152:185097)
	at d.h (/opt/visual-studio-code/resources/app/out/vs/workbench/api/node/extensionHostProcess.js:152:186874)
	at d.g (/opt/visual-studio-code/resources/app/out/vs/workbench/api/node/extensionHostProcess.js:152:185866)
	at d.executeCommand (/opt/visual-studio-code/resources/app/out/vs/workbench/api/node/extensionHostProcess.js:152:185773)
	at Object.executeCommand (/opt/visual-studio-code/resources/app/out/vs/workbench/api/node/extensionHostProcess.js:162:22984)
	at a.O [as value] (/opt/visual-studio-code/resources/app/extensions/git/dist/main.js:2:945802)
	at s.y (/opt/visual-studio-code/resources/app/out/vs/workbench/api/node/extensionHostProcess.js:82:659)
	at s.z (/opt/visual-studio-code/resources/app/out/vs/workbench/api/node/extensionHostProcess.js:82:729)
	at s.fire (/opt/visual-studio-code/resources/app/out/vs/workbench/api/node/extensionHostProcess.js:82:945)
	at Object.m [as dispose] (/opt/visual-studio-code/resources/app/extensions/git/dist/main.js:2:964886)
	at /opt/visual-studio-code/resources/app/extensions/git/dist/main.js:2:970920
	at Array.forEach (<anonymous>)
	at f.dispose (/opt/visual-studio-code/resources/app/extensions/git/dist/main.js:2:970906)
	at o.<anonymous> (/opt/visual-studio-code/resources/app/out/vs/workbench/api/node/extensionHostProcess.js:150:3830)
	at o.dispose (/opt/visual-studio-code/resources/app/out/vs/workbench/api/node/extensionHostProcess.js:150:3927)
	at o.<anonymous> (/opt/visual-studio-code/resources/app/extensions/git/dist/main.js:2:948059)
	at o.dispose (/opt/visual-studio-code/resources/app/out/vs/workbench/api/node/extensionHostProcess.js:150:3927)
	at a (/opt/visual-studio-code/resources/app/out/vs/workbench/api/node/extensionHostProcess.js:30:714)
	at m.eb (/opt/visual-studio-code/resources/app/out/vs/workbench/api/node/extensionHostProcess.js:158:9967)
	at /opt/visual-studio-code/resources/app/out/vs/workbench/api/node/extensionHostProcess.js:158:7816
	at Array.map (<anonymous>)
	at m.$ (/opt/visual-studio-code/resources/app/out/vs/workbench/api/node/extensionHostProcess.js:158:7803)
	at m.terminate (/opt/visual-studio-code/resources/app/out/vs/workbench/api/node/extensionHostProcess.js:158:8077)
	at a.terminate (/opt/visual-studio-code/resources/app/out/vs/workbench/api/node/extensionHostProcess.js:162:1513)
	at t (/opt/visual-studio-code/resources/app/out/vs/workbench/api/node/extensionHostProcess.js:175:9917)
	at MessagePortMain.<anonymous> (/opt/visual-studio-code/resources/app/out/vs/workbench/api/node/extensionHostProcess.js:175:6342)
	at MessagePortMain.emit (node:events:517:28)
	at MessagePortMain._internalPort.emit (node:electron/js2c/utility_init:2:2285) setContext undefined
2024-04-30 15:28:14.322 [error] Canceled: Canceled
	at new O (/opt/visual-studio-code/resources/app/out/vs/workbench/api/node/extensionHostProcess.js:142:46998)
	at h.U (/opt/visual-studio-code/resources/app/out/vs/workbench/api/node/extensionHostProcess.js:149:5539)
	at T.<computed>.F.charCodeAt.T.<computed> (/opt/visual-studio-code/resources/app/out/vs/workbench/api/node/extensionHostProcess.js:149:2993)
	at d.g (/opt/visual-studio-code/resources/app/out/vs/workbench/api/node/extensionHostProcess.js:152:186335)
	at d.executeCommand (/opt/visual-studio-code/resources/app/out/vs/workbench/api/node/extensionHostProcess.js:152:185773)
	at E.registerCommand.description (/opt/visual-studio-code/resources/app/out/vs/workbench/api/node/extensionHostProcess.js:152:185097)
	at d.h (/opt/visual-studio-code/resources/app/out/vs/workbench/api/node/extensionHostProcess.js:152:186874)
	at d.g (/opt/visual-studio-code/resources/app/out/vs/workbench/api/node/extensionHostProcess.js:152:185866)
	at d.executeCommand (/opt/visual-studio-code/resources/app/out/vs/workbench/api/node/extensionHostProcess.js:152:185773)
	at Object.executeCommand (/opt/visual-studio-code/resources/app/out/vs/workbench/api/node/extensionHostProcess.js:162:22984)
	at set hasGitHubRepositories [as hasGitHubRepositories] (/opt/visual-studio-code/resources/app/extensions/github/dist/extension.js:2:324866)
	at /opt/visual-studio-code/resources/app/extensions/github/dist/extension.js:2:325825
	at a.value (/opt/visual-studio-code/resources/app/extensions/git/dist/main.js:2:1051703)
	at s.y (/opt/visual-studio-code/resources/app/out/vs/workbench/api/node/extensionHostProcess.js:82:659)
	at s.z (/opt/visual-studio-code/resources/app/out/vs/workbench/api/node/extensionHostProcess.js:82:729)
	at s.fire (/opt/visual-studio-code/resources/app/out/vs/workbench/api/node/extensionHostProcess.js:82:945)
	at Object.m [as dispose] (/opt/visual-studio-code/resources/app/extensions/git/dist/main.js:2:964886)
	at /opt/visual-studio-code/resources/app/extensions/git/dist/main.js:2:970920
	at Array.forEach (<anonymous>)
	at f.dispose (/opt/visual-studio-code/resources/app/extensions/git/dist/main.js:2:970906)
	at o.<anonymous> (/opt/visual-studio-code/resources/app/out/vs/workbench/api/node/extensionHostProcess.js:150:3830)
	at o.dispose (/opt/visual-studio-code/resources/app/out/vs/workbench/api/node/extensionHostProcess.js:150:3927)
	at o.<anonymous> (/opt/visual-studio-code/resources/app/extensions/git/dist/main.js:2:948059)
	at o.dispose (/opt/visual-studio-code/resources/app/out/vs/workbench/api/node/extensionHostProcess.js:150:3927)
	at a (/opt/visual-studio-code/resources/app/out/vs/workbench/api/node/extensionHostProcess.js:30:714)
	at m.eb (/opt/visual-studio-code/resources/app/out/vs/workbench/api/node/extensionHostProcess.js:158:9967)
	at /opt/visual-studio-code/resources/app/out/vs/workbench/api/node/extensionHostProcess.js:158:7816
	at Array.map (<anonymous>)
	at m.$ (/opt/visual-studio-code/resources/app/out/vs/workbench/api/node/extensionHostProcess.js:158:7803)
	at m.terminate (/opt/visual-studio-code/resources/app/out/vs/workbench/api/node/extensionHostProcess.js:158:8077)
	at a.terminate (/opt/visual-studio-code/resources/app/out/vs/workbench/api/node/extensionHostProcess.js:162:1513)
	at t (/opt/visual-studio-code/resources/app/out/vs/workbench/api/node/extensionHostProcess.js:175:9917)
	at MessagePortMain.<anonymous> (/opt/visual-studio-code/resources/app/out/vs/workbench/api/node/extensionHostProcess.js:175:6342)
	at MessagePortMain.emit (node:events:517:28)
	at MessagePortMain._internalPort.emit (node:electron/js2c/utility_init:2:2285) setContext undefined
2024-04-30 15:28:14.322 [error] Canceled: Canceled
	at new O (/opt/visual-studio-code/resources/app/out/vs/workbench/api/node/extensionHostProcess.js:142:46998)
	at h.U (/opt/visual-studio-code/resources/app/out/vs/workbench/api/node/extensionHostProcess.js:149:5539)
	at T.<computed>.F.charCodeAt.T.<computed> (/opt/visual-studio-code/resources/app/out/vs/workbench/api/node/extensionHostProcess.js:149:2993)
	at d.g (/opt/visual-studio-code/resources/app/out/vs/workbench/api/node/extensionHostProcess.js:152:186335)
	at d.executeCommand (/opt/visual-studio-code/resources/app/out/vs/workbench/api/node/extensionHostProcess.js:152:185773)
	at E.registerCommand.description (/opt/visual-studio-code/resources/app/out/vs/workbench/api/node/extensionHostProcess.js:152:185097)
	at d.h (/opt/visual-studio-code/resources/app/out/vs/workbench/api/node/extensionHostProcess.js:152:186874)
	at d.g (/opt/visual-studio-code/resources/app/out/vs/workbench/api/node/extensionHostProcess.js:152:185866)
	at d.executeCommand (/opt/visual-studio-code/resources/app/out/vs/workbench/api/node/extensionHostProcess.js:152:185773)
	at Object.executeCommand (/opt/visual-studio-code/resources/app/out/vs/workbench/api/node/extensionHostProcess.js:162:22984)
	at e (/home/I40S/.vscode/extensions/github.vscode-pull-request-github-0.86.1/dist/extension.js:1968:1515)
	at Object.n [as setContext] (/home/I40S/.vscode/extensions/github.vscode-pull-request-github-0.86.1/dist/extension.js:1968:1630)
	at qp.updateActiveReviewCount (/home/I40S/.vscode/extensions/github.vscode-pull-request-github-0.86.1/dist/extension.js:2031:22905)
	at qp.removeRepo (/home/I40S/.vscode/extensions/github.vscode-pull-request-github-0.86.1/dist/extension.js:2031:24050)
	at a.value (/home/I40S/.vscode/extensions/github.vscode-pull-request-github-0.86.1/dist/extension.js:2144:4212)
	at s.y (/opt/visual-studio-code/resources/app/out/vs/workbench/api/node/extensionHostProcess.js:82:659)
	at s.z (/opt/visual-studio-code/resources/app/out/vs/workbench/api/node/extensionHostProcess.js:82:729)
	at s.fire (/opt/visual-studio-code/resources/app/out/vs/workbench/api/node/extensionHostProcess.js:82:945)
	at a.value (/home/I40S/.vscode/extensions/github.vscode-pull-request-github-0.86.1/dist/extension.js:1936:446993)
	at s.y (/opt/visual-studio-code/resources/app/out/vs/workbench/api/node/extensionHostProcess.js:82:659)
	at s.fire (/opt/visual-studio-code/resources/app/out/vs/workbench/api/node/extensionHostProcess.js:82:876)
	at /home/I40S/.vscode/extensions/github.vscode-pull-request-github-0.86.1/dist/extension.js:2031:27766
	at a.value (/opt/visual-studio-code/resources/app/extensions/git/dist/main.js:2:1051703)
	at s.y (/opt/visual-studio-code/resources/app/out/vs/workbench/api/node/extensionHostProcess.js:82:659)
	at s.z (/opt/visual-studio-code/resources/app/out/vs/workbench/api/node/extensionHostProcess.js:82:729)
	at s.fire (/opt/visual-studio-code/resources/app/out/vs/workbench/api/node/extensionHostProcess.js:82:945)
	at Object.m [as dispose] (/opt/visual-studio-code/resources/app/extensions/git/dist/main.js:2:964886)
	at /opt/visual-studio-code/resources/app/extensions/git/dist/main.js:2:970920
	at Array.forEach (<anonymous>)
	at f.dispose (/opt/visual-studio-code/resources/app/extensions/git/dist/main.js:2:970906)
	at o.<anonymous> (/opt/visual-studio-code/resources/app/out/vs/workbench/api/node/extensionHostProcess.js:150:3830)
	at o.dispose (/opt/visual-studio-code/resources/app/out/vs/workbench/api/node/extensionHostProcess.js:150:3927)
	at o.<anonymous> (/opt/visual-studio-code/resources/app/extensions/git/dist/main.js:2:948059)
	at o.dispose (/opt/visual-studio-code/resources/app/out/vs/workbench/api/node/extensionHostProcess.js:150:3927)
	at a (/opt/visual-studio-code/resources/app/out/vs/workbench/api/node/extensionHostProcess.js:30:714)
	at m.eb (/opt/visual-studio-code/resources/app/out/vs/workbench/api/node/extensionHostProcess.js:158:9967)
	at /opt/visual-studio-code/resources/app/out/vs/workbench/api/node/extensionHostProcess.js:158:7816
	at Array.map (<anonymous>)
	at m.$ (/opt/visual-studio-code/resources/app/out/vs/workbench/api/node/extensionHostProcess.js:158:7803)
	at m.terminate (/opt/visual-studio-code/resources/app/out/vs/workbench/api/node/extensionHostProcess.js:158:8077)
	at a.terminate (/opt/visual-studio-code/resources/app/out/vs/workbench/api/node/extensionHostProcess.js:162:1513)
	at t (/opt/visual-studio-code/resources/app/out/vs/workbench/api/node/extensionHostProcess.js:175:9917)
	at MessagePortMain.<anonymous> (/opt/visual-studio-code/resources/app/out/vs/workbench/api/node/extensionHostProcess.js:175:6342)
	at MessagePortMain.emit (node:events:517:28)
	at MessagePortMain._internalPort.emit (node:electron/js2c/utility_init:2:2285) setContext undefined
2024-04-30 15:28:14.325 [error] Canceled: Canceled
	at new O (/opt/visual-studio-code/resources/app/out/vs/workbench/api/node/extensionHostProcess.js:142:46998)
	at h.U (/opt/visual-studio-code/resources/app/out/vs/workbench/api/node/extensionHostProcess.js:149:5539)
	at T.<computed>.F.charCodeAt.T.<computed> (/opt/visual-studio-code/resources/app/out/vs/workbench/api/node/extensionHostProcess.js:149:2993)
	at d.g (/opt/visual-studio-code/resources/app/out/vs/workbench/api/node/extensionHostProcess.js:152:186335)
	at d.executeCommand (/opt/visual-studio-code/resources/app/out/vs/workbench/api/node/extensionHostProcess.js:152:185773)
	at E.registerCommand.description (/opt/visual-studio-code/resources/app/out/vs/workbench/api/node/extensionHostProcess.js:152:185097)
	at d.h (/opt/visual-studio-code/resources/app/out/vs/workbench/api/node/extensionHostProcess.js:152:186874)
	at d.g (/opt/visual-studio-code/resources/app/out/vs/workbench/api/node/extensionHostProcess.js:152:185866)
	at d.executeCommand (/opt/visual-studio-code/resources/app/out/vs/workbench/api/node/extensionHostProcess.js:152:185773)
	at Object.executeCommand (/opt/visual-studio-code/resources/app/out/vs/workbench/api/node/extensionHostProcess.js:162:22984)
	at e (/home/I40S/.vscode/extensions/github.vscode-pull-request-github-0.86.1/dist/extension.js:1968:1515)
	at Object.n [as setContext] (/home/I40S/.vscode/extensions/github.vscode-pull-request-github-0.86.1/dist/extension.js:1968:1630)
	at Am.setReviewModeContexts (/home/I40S/.vscode/extensions/github.vscode-pull-request-github-0.86.1/dist/extension.js:2131:15201)
	at Am.removePrFromView (/home/I40S/.vscode/extensions/github.vscode-pull-request-github-0.86.1/dist/extension.js:2131:15828)
	at zc.clear (/home/I40S/.vscode/extensions/github.vscode-pull-request-github-0.86.1/dist/extension.js:2012:25748)
	at zc.dispose (/home/I40S/.vscode/extensions/github.vscode-pull-request-github-0.86.1/dist/extension.js:2014:167)
	at Um.removeReviewManager (/home/I40S/.vscode/extensions/github.vscode-pull-request-github-0.86.1/dist/extension.js:2131:47206)
	at a.value (/home/I40S/.vscode/extensions/github.vscode-pull-request-github-0.86.1/dist/extension.js:2144:4229)
	at s.y (/opt/visual-studio-code/resources/app/out/vs/workbench/api/node/extensionHostProcess.js:82:659)
	at s.z (/opt/visual-studio-code/resources/app/out/vs/workbench/api/node/extensionHostProcess.js:82:729)
	at s.fire (/opt/visual-studio-code/resources/app/out/vs/workbench/api/node/extensionHostProcess.js:82:945)
	at a.value (/home/I40S/.vscode/extensions/github.vscode-pull-request-github-0.86.1/dist/extension.js:1936:446993)
	at s.y (/opt/visual-studio-code/resources/app/out/vs/workbench/api/node/extensionHostProcess.js:82:659)
	at s.fire (/opt/visual-studio-code/resources/app/out/vs/workbench/api/node/extensionHostProcess.js:82:876)
	at /home/I40S/.vscode/extensions/github.vscode-pull-request-github-0.86.1/dist/extension.js:2031:27766
	at a.value (/opt/visual-studio-code/resources/app/extensions/git/dist/main.js:2:1051703)
	at s.y (/opt/visual-studio-code/resources/app/out/vs/workbench/api/node/extensionHostProcess.js:82:659)
	at s.z (/opt/visual-studio-code/resources/app/out/vs/workbench/api/node/extensionHostProcess.js:82:729)
	at s.fire (/opt/visual-studio-code/resources/app/out/vs/workbench/api/node/extensionHostProcess.js:82:945)
	at Object.m [as dispose] (/opt/visual-studio-code/resources/app/extensions/git/dist/main.js:2:964886)
	at /opt/visual-studio-code/resources/app/extensions/git/dist/main.js:2:970920
	at Array.forEach (<anonymous>)
	at f.dispose (/opt/visual-studio-code/resources/app/extensions/git/dist/main.js:2:970906)
	at o.<anonymous> (/opt/visual-studio-code/resources/app/out/vs/workbench/api/node/extensionHostProcess.js:150:3830)
	at o.dispose (/opt/visual-studio-code/resources/app/out/vs/workbench/api/node/extensionHostProcess.js:150:3927)
	at o.<anonymous> (/opt/visual-studio-code/resources/app/extensions/git/dist/main.js:2:948059)
	at o.dispose (/opt/visual-studio-code/resources/app/out/vs/workbench/api/node/extensionHostProcess.js:150:3927)
	at a (/opt/visual-studio-code/resources/app/out/vs/workbench/api/node/extensionHostProcess.js:30:714)
	at m.eb (/opt/visual-studio-code/resources/app/out/vs/workbench/api/node/extensionHostProcess.js:158:9967)
	at /opt/visual-studio-code/resources/app/out/vs/workbench/api/node/extensionHostProcess.js:158:7816
	at Array.map (<anonymous>)
	at m.$ (/opt/visual-studio-code/resources/app/out/vs/workbench/api/node/extensionHostProcess.js:158:7803)
	at m.terminate (/opt/visual-studio-code/resources/app/out/vs/workbench/api/node/extensionHostProcess.js:158:8077)
	at a.terminate (/opt/visual-studio-code/resources/app/out/vs/workbench/api/node/extensionHostProcess.js:162:1513)
	at t (/opt/visual-studio-code/resources/app/out/vs/workbench/api/node/extensionHostProcess.js:175:9917)
	at MessagePortMain.<anonymous> (/opt/visual-studio-code/resources/app/out/vs/workbench/api/node/extensionHostProcess.js:175:6342)
	at MessagePortMain.emit (node:events:517:28)
	at MessagePortMain._internalPort.emit (node:electron/js2c/utility_init:2:2285) setContext undefined
2024-04-30 15:28:14.325 [error] Canceled: Canceled
	at new O (/opt/visual-studio-code/resources/app/out/vs/workbench/api/node/extensionHostProcess.js:142:46998)
	at h.U (/opt/visual-studio-code/resources/app/out/vs/workbench/api/node/extensionHostProcess.js:149:5539)
	at T.<computed>.F.charCodeAt.T.<computed> (/opt/visual-studio-code/resources/app/out/vs/workbench/api/node/extensionHostProcess.js:149:2993)
	at d.g (/opt/visual-studio-code/resources/app/out/vs/workbench/api/node/extensionHostProcess.js:152:186335)
	at d.executeCommand (/opt/visual-studio-code/resources/app/out/vs/workbench/api/node/extensionHostProcess.js:152:185773)
	at E.registerCommand.description (/opt/visual-studio-code/resources/app/out/vs/workbench/api/node/extensionHostProcess.js:152:185097)
	at d.h (/opt/visual-studio-code/resources/app/out/vs/workbench/api/node/extensionHostProcess.js:152:186874)
	at d.g (/opt/visual-studio-code/resources/app/out/vs/workbench/api/node/extensionHostProcess.js:152:185866)
	at d.executeCommand (/opt/visual-studio-code/resources/app/out/vs/workbench/api/node/extensionHostProcess.js:152:185773)
	at Object.executeCommand (/opt/visual-studio-code/resources/app/out/vs/workbench/api/node/extensionHostProcess.js:162:22984)
	at w (/home/I40S/.vscode/extensions/eamodio.gitlens-14.9.0/dist/gitlens.js:1081:41198)
	at h (/home/I40S/.vscode/extensions/eamodio.gitlens-14.9.0/dist/gitlens.js:1081:46237)
	at ActionRunners._updateContextKeys (/home/I40S/.vscode/extensions/eamodio.gitlens-14.9.0/dist/gitlens.js:663:18411)
	at s (/home/I40S/.vscode/extensions/eamodio.gitlens-14.9.0/dist/gitlens.js:663:16855)
	at RegisteredActionRunner.unregister (/home/I40S/.vscode/extensions/eamodio.gitlens-14.9.0/dist/gitlens.js:663:16998)
	at RegisteredActionRunner.dispose (/home/I40S/.vscode/extensions/eamodio.gitlens-14.9.0/dist/gitlens.js:663:15651)
	at ActionRunners.dispose (/home/I40S/.vscode/extensions/eamodio.gitlens-14.9.0/dist/gitlens.js:663:16438)
	at /home/I40S/.vscode/extensions/eamodio.gitlens-14.9.0/dist/gitlens.js:1041:19519
	at Array.forEach (<anonymous>)
	at Object.dispose (/home/I40S/.vscode/extensions/eamodio.gitlens-14.9.0/dist/gitlens.js:1041:19501)
	at a (/opt/visual-studio-code/resources/app/out/vs/workbench/api/node/extensionHostProcess.js:30:714)
	at m.eb (/opt/visual-studio-code/resources/app/out/vs/workbench/api/node/extensionHostProcess.js:158:9967)
	at /opt/visual-studio-code/resources/app/out/vs/workbench/api/node/extensionHostProcess.js:158:7816
	at Array.map (<anonymous>)
	at m.$ (/opt/visual-studio-code/resources/app/out/vs/workbench/api/node/extensionHostProcess.js:158:7803)
	at m.terminate (/opt/visual-studio-code/resources/app/out/vs/workbench/api/node/extensionHostProcess.js:158:8077)
	at a.terminate (/opt/visual-studio-code/resources/app/out/vs/workbench/api/node/extensionHostProcess.js:162:1513)
	at t (/opt/visual-studio-code/resources/app/out/vs/workbench/api/node/extensionHostProcess.js:175:9917)
	at MessagePortMain.<anonymous> (/opt/visual-studio-code/resources/app/out/vs/workbench/api/node/extensionHostProcess.js:175:6342)
	at MessagePortMain.emit (node:events:517:28)
	at MessagePortMain._internalPort.emit (node:electron/js2c/utility_init:2:2285) setContext undefined
2024-04-30 15:28:14.325 [error] Canceled: Canceled
	at new O (/opt/visual-studio-code/resources/app/out/vs/workbench/api/node/extensionHostProcess.js:142:46998)
	at h.U (/opt/visual-studio-code/resources/app/out/vs/workbench/api/node/extensionHostProcess.js:149:5539)
	at T.<computed>.F.charCodeAt.T.<computed> (/opt/visual-studio-code/resources/app/out/vs/workbench/api/node/extensionHostProcess.js:149:2993)
	at d.g (/opt/visual-studio-code/resources/app/out/vs/workbench/api/node/extensionHostProcess.js:152:186335)
	at d.executeCommand (/opt/visual-studio-code/resources/app/out/vs/workbench/api/node/extensionHostProcess.js:152:185773)
	at E.registerCommand.description (/opt/visual-studio-code/resources/app/out/vs/workbench/api/node/extensionHostProcess.js:152:185097)
	at d.h (/opt/visual-studio-code/resources/app/out/vs/workbench/api/node/extensionHostProcess.js:152:186874)
	at d.g (/opt/visual-studio-code/resources/app/out/vs/workbench/api/node/extensionHostProcess.js:152:185866)
	at d.executeCommand (/opt/visual-studio-code/resources/app/out/vs/workbench/api/node/extensionHostProcess.js:152:185773)
	at Object.executeCommand (/opt/visual-studio-code/resources/app/out/vs/workbench/api/node/extensionHostProcess.js:162:22984)
	at w (/home/I40S/.vscode/extensions/eamodio.gitlens-14.9.0/dist/gitlens.js:1081:41198)
	at h (/home/I40S/.vscode/extensions/eamodio.gitlens-14.9.0/dist/gitlens.js:1081:46237)
	at ActionRunners._updateContextKeys (/home/I40S/.vscode/extensions/eamodio.gitlens-14.9.0/dist/gitlens.js:663:18411)
	at s (/home/I40S/.vscode/extensions/eamodio.gitlens-14.9.0/dist/gitlens.js:663:16855)
	at RegisteredActionRunner.unregister (/home/I40S/.vscode/extensions/eamodio.gitlens-14.9.0/dist/gitlens.js:663:16998)
	at RegisteredActionRunner.dispose (/home/I40S/.vscode/extensions/eamodio.gitlens-14.9.0/dist/gitlens.js:663:15651)
	at ActionRunners.dispose (/home/I40S/.vscode/extensions/eamodio.gitlens-14.9.0/dist/gitlens.js:663:16438)
	at /home/I40S/.vscode/extensions/eamodio.gitlens-14.9.0/dist/gitlens.js:1041:19519
	at Array.forEach (<anonymous>)
	at Object.dispose (/home/I40S/.vscode/extensions/eamodio.gitlens-14.9.0/dist/gitlens.js:1041:19501)
	at a (/opt/visual-studio-code/resources/app/out/vs/workbench/api/node/extensionHostProcess.js:30:714)
	at m.eb (/opt/visual-studio-code/resources/app/out/vs/workbench/api/node/extensionHostProcess.js:158:9967)
	at /opt/visual-studio-code/resources/app/out/vs/workbench/api/node/extensionHostProcess.js:158:7816
	at Array.map (<anonymous>)
	at m.$ (/opt/visual-studio-code/resources/app/out/vs/workbench/api/node/extensionHostProcess.js:158:7803)
	at m.terminate (/opt/visual-studio-code/resources/app/out/vs/workbench/api/node/extensionHostProcess.js:158:8077)
	at a.terminate (/opt/visual-studio-code/resources/app/out/vs/workbench/api/node/extensionHostProcess.js:162:1513)
	at t (/opt/visual-studio-code/resources/app/out/vs/workbench/api/node/extensionHostProcess.js:175:9917)
	at MessagePortMain.<anonymous> (/opt/visual-studio-code/resources/app/out/vs/workbench/api/node/extensionHostProcess.js:175:6342)
	at MessagePortMain.emit (node:events:517:28)
	at MessagePortMain._internalPort.emit (node:electron/js2c/utility_init:2:2285) setContext undefined
2024-04-30 15:28:14.325 [error] Canceled: Canceled
	at new O (/opt/visual-studio-code/resources/app/out/vs/workbench/api/node/extensionHostProcess.js:142:46998)
	at h.U (/opt/visual-studio-code/resources/app/out/vs/workbench/api/node/extensionHostProcess.js:149:5539)
	at T.<computed>.F.charCodeAt.T.<computed> (/opt/visual-studio-code/resources/app/out/vs/workbench/api/node/extensionHostProcess.js:149:2993)
	at d.g (/opt/visual-studio-code/resources/app/out/vs/workbench/api/node/extensionHostProcess.js:152:186335)
	at d.executeCommand (/opt/visual-studio-code/resources/app/out/vs/workbench/api/node/extensionHostProcess.js:152:185773)
	at E.registerCommand.description (/opt/visual-studio-code/resources/app/out/vs/workbench/api/node/extensionHostProcess.js:152:185097)
	at d.h (/opt/visual-studio-code/resources/app/out/vs/workbench/api/node/extensionHostProcess.js:152:186874)
	at d.g (/opt/visual-studio-code/resources/app/out/vs/workbench/api/node/extensionHostProcess.js:152:185866)
	at d.executeCommand (/opt/visual-studio-code/resources/app/out/vs/workbench/api/node/extensionHostProcess.js:152:185773)
	at Object.executeCommand (/opt/visual-studio-code/resources/app/out/vs/workbench/api/node/extensionHostProcess.js:162:22984)
	at w (/home/I40S/.vscode/extensions/eamodio.gitlens-14.9.0/dist/gitlens.js:1081:41198)
	at h (/home/I40S/.vscode/extensions/eamodio.gitlens-14.9.0/dist/gitlens.js:1081:46237)
	at ActionRunners._updateContextKeys (/home/I40S/.vscode/extensions/eamodio.gitlens-14.9.0/dist/gitlens.js:663:18411)
	at s (/home/I40S/.vscode/extensions/eamodio.gitlens-14.9.0/dist/gitlens.js:663:16855)
	at RegisteredActionRunner.unregister (/home/I40S/.vscode/extensions/eamodio.gitlens-14.9.0/dist/gitlens.js:663:16998)
	at RegisteredActionRunner.dispose (/home/I40S/.vscode/extensions/eamodio.gitlens-14.9.0/dist/gitlens.js:663:15651)
	at Object.dispose (/home/I40S/.vscode/extensions/eamodio.gitlens-14.9.0/dist/gitlens.js:663:17092)
	at a (/opt/visual-studio-code/resources/app/out/vs/workbench/api/node/extensionHostProcess.js:30:714)
	at m.eb (/opt/visual-studio-code/resources/app/out/vs/workbench/api/node/extensionHostProcess.js:158:9967)
	at /opt/visual-studio-code/resources/app/out/vs/workbench/api/node/extensionHostProcess.js:158:7816
	at Array.map (<anonymous>)
	at m.$ (/opt/visual-studio-code/resources/app/out/vs/workbench/api/node/extensionHostProcess.js:158:7803)
	at m.terminate (/opt/visual-studio-code/resources/app/out/vs/workbench/api/node/extensionHostProcess.js:158:8077)
	at a.terminate (/opt/visual-studio-code/resources/app/out/vs/workbench/api/node/extensionHostProcess.js:162:1513)
	at t (/opt/visual-studio-code/resources/app/out/vs/workbench/api/node/extensionHostProcess.js:175:9917)
	at MessagePortMain.<anonymous> (/opt/visual-studio-code/resources/app/out/vs/workbench/api/node/extensionHostProcess.js:175:6342)
	at MessagePortMain.emit (node:events:517:28)
	at MessagePortMain._internalPort.emit (node:electron/js2c/utility_init:2:2285) setContext undefined
2024-04-30 15:28:14.325 [error] Canceled: Canceled
	at new O (/opt/visual-studio-code/resources/app/out/vs/workbench/api/node/extensionHostProcess.js:142:46998)
	at h.U (/opt/visual-studio-code/resources/app/out/vs/workbench/api/node/extensionHostProcess.js:149:5539)
	at T.<computed>.F.charCodeAt.T.<computed> (/opt/visual-studio-code/resources/app/out/vs/workbench/api/node/extensionHostProcess.js:149:2993)
	at d.g (/opt/visual-studio-code/resources/app/out/vs/workbench/api/node/extensionHostProcess.js:152:186335)
	at d.executeCommand (/opt/visual-studio-code/resources/app/out/vs/workbench/api/node/extensionHostProcess.js:152:185773)
	at E.registerCommand.description (/opt/visual-studio-code/resources/app/out/vs/workbench/api/node/extensionHostProcess.js:152:185097)
	at d.h (/opt/visual-studio-code/resources/app/out/vs/workbench/api/node/extensionHostProcess.js:152:186874)
	at d.g (/opt/visual-studio-code/resources/app/out/vs/workbench/api/node/extensionHostProcess.js:152:185866)
	at d.executeCommand (/opt/visual-studio-code/resources/app/out/vs/workbench/api/node/extensionHostProcess.js:152:185773)
	at Object.executeCommand (/opt/visual-studio-code/resources/app/out/vs/workbench/api/node/extensionHostProcess.js:162:22984)
	at N2.reset (/home/I40S/.vscode/extensions/github.vscode-pull-request-github-0.86.1/dist/extension.js:2131:8809)
	at N2.dispose (/home/I40S/.vscode/extensions/github.vscode-pull-request-github-0.86.1/dist/extension.js:2131:9080)
	at a (/opt/visual-studio-code/resources/app/out/vs/workbench/api/node/extensionHostProcess.js:30:714)
	at m.eb (/opt/visual-studio-code/resources/app/out/vs/workbench/api/node/extensionHostProcess.js:158:9967)
	at /opt/visual-studio-code/resources/app/out/vs/workbench/api/node/extensionHostProcess.js:158:7816
	at Array.map (<anonymous>)
	at m.$ (/opt/visual-studio-code/resources/app/out/vs/workbench/api/node/extensionHostProcess.js:158:7803)
	at m.terminate (/opt/visual-studio-code/resources/app/out/vs/workbench/api/node/extensionHostProcess.js:158:8077)
	at a.terminate (/opt/visual-studio-code/resources/app/out/vs/workbench/api/node/extensionHostProcess.js:162:1513)
	at t (/opt/visual-studio-code/resources/app/out/vs/workbench/api/node/extensionHostProcess.js:175:9917)
	at MessagePortMain.<anonymous> (/opt/visual-studio-code/resources/app/out/vs/workbench/api/node/extensionHostProcess.js:175:6342)
	at MessagePortMain.emit (node:events:517:28)
	at MessagePortMain._internalPort.emit (node:electron/js2c/utility_init:2:2285) setContext undefined
2024-04-30 15:28:14.329 [error] ProxyResolver#resolveProxy DIRECT Canceled: Canceled
	at new O (/opt/visual-studio-code/resources/app/out/vs/workbench/api/node/extensionHostProcess.js:142:46998)
	at h.U (/opt/visual-studio-code/resources/app/out/vs/workbench/api/node/extensionHostProcess.js:149:5539)
	at T.<computed>.F.charCodeAt.T.<computed> (/opt/visual-studio-code/resources/app/out/vs/workbench/api/node/extensionHostProcess.js:149:2993)
	at D.resolveProxy (/opt/visual-studio-code/resources/app/out/vs/workbench/api/node/extensionHostProcess.js:155:41132)
	at Object.resolveProxy (/opt/visual-studio-code/resources/app/out/vs/workbench/api/node/extensionHostProcess.js:137:33351)
	at useProxySettings (/opt/visual-studio-code/resources/app/node_modules.asar/@vscode/proxy-agent/out/index.js:165:16)
	at /opt/visual-studio-code/resources/app/node_modules.asar/@vscode/proxy-agent/out/index.js:113:13
	at /opt/visual-studio-code/resources/app/node_modules.asar/@vscode/proxy-agent/out/index.js:459:13
	at process.processTicksAndRejections (node:internal/process/task_queues:95:5) 
2024-04-30 15:28:14.362 [info] Extension host with pid 1714 exiting with code 0
2024-04-30 15:28:15.454 [info] Extension host with pid 2100 started
2024-04-30 15:28:15.570 [info] ExtensionService#_doActivateExtension vscode.git-base, startup: true, activationEvent: '*', root cause: vscode.git
2024-04-30 15:28:15.572 [info] ExtensionService#_doActivateExtension dlasagno.wal-theme, startup: true, activationEvent: '*'
2024-04-30 15:28:15.589 [info] ExtensionService#_doActivateExtension pixl-garden.BongoCat, startup: true, activationEvent: '*'
2024-04-30 15:28:15.596 [info] ExtensionService#_doActivateExtension vscode.git, startup: true, activationEvent: '*'
2024-04-30 15:28:15.612 [info] ExtensionService#_doActivateExtension vscode.github, startup: true, activationEvent: '*'
2024-04-30 15:28:15.653 [info] Eager extensions activated
2024-04-30 15:28:15.672 [info] ExtensionService#_doActivateExtension vscode.debug-auto-launch, startup: false, activationEvent: 'onStartupFinished'
2024-04-30 15:28:15.673 [info] ExtensionService#_doActivateExtension vscode.merge-conflict, startup: false, activationEvent: 'onStartupFinished'
2024-04-30 15:28:15.678 [info] ExtensionService#_doActivateExtension Catppuccin.catppuccin-vsc, startup: false, activationEvent: 'onStartupFinished'
2024-04-30 15:28:15.682 [info] ExtensionService#_doActivateExtension eamodio.gitlens, startup: false, activationEvent: 'onStartupFinished'
2024-04-30 15:28:15.803 [info] ExtensionService#_doActivateExtension vscode.github-authentication, startup: false, activationEvent: 'onStartupFinished', root cause: GitHub.vscode-pull-request-github
2024-04-30 15:28:15.816 [info] ExtensionService#_doActivateExtension ritwickdey.LiveServer, startup: false, activationEvent: 'onStartupFinished'
2024-04-30 15:28:15.819 [info] ExtensionService#_doActivateExtension tonybaloney.vscode-pets, startup: false, activationEvent: 'onStartupFinished'
2024-04-30 15:28:15.826 [info] ExtensionService#_doActivateExtension vscode-icons-team.vscode-icons, startup: false, activationEvent: 'onStartupFinished'
2024-04-30 15:28:16.006 [info] ExtensionService#_doActivateExtension ms-vsliveshare.vsliveshare, startup: false, activationEvent: 'api', root cause: eamodio.gitlens
2024-04-30 15:28:16.090 [info] ExtensionService#_doActivateExtension GitHub.vscode-pull-request-github, startup: false, activationEvent: 'onStartupFinished'
2024-04-30 15:28:51.858 [info] Extension host terminating: renderer closed the MessagePort
2024-04-30 15:28:51.896 [error] Canceled: Canceled
	at new O (/opt/visual-studio-code/resources/app/out/vs/workbench/api/node/extensionHostProcess.js:142:46998)
	at h.U (/opt/visual-studio-code/resources/app/out/vs/workbench/api/node/extensionHostProcess.js:149:5539)
	at T.<computed>.F.charCodeAt.T.<computed> (/opt/visual-studio-code/resources/app/out/vs/workbench/api/node/extensionHostProcess.js:149:2993)
	at d.g (/opt/visual-studio-code/resources/app/out/vs/workbench/api/node/extensionHostProcess.js:152:186335)
	at d.executeCommand (/opt/visual-studio-code/resources/app/out/vs/workbench/api/node/extensionHostProcess.js:152:185773)
	at E.registerCommand.description (/opt/visual-studio-code/resources/app/out/vs/workbench/api/node/extensionHostProcess.js:152:185097)
	at d.h (/opt/visual-studio-code/resources/app/out/vs/workbench/api/node/extensionHostProcess.js:152:186874)
	at d.g (/opt/visual-studio-code/resources/app/out/vs/workbench/api/node/extensionHostProcess.js:152:185866)
	at d.executeCommand (/opt/visual-studio-code/resources/app/out/vs/workbench/api/node/extensionHostProcess.js:152:185773)
	at Object.executeCommand (/opt/visual-studio-code/resources/app/out/vs/workbench/api/node/extensionHostProcess.js:162:22984)
	at w (/home/I40S/.vscode/extensions/eamodio.gitlens-14.9.1/dist/gitlens.js:1081:41198)
	at h (/home/I40S/.vscode/extensions/eamodio.gitlens-14.9.1/dist/gitlens.js:1081:46237)
	at ActionRunners._updateContextKeys (/home/I40S/.vscode/extensions/eamodio.gitlens-14.9.1/dist/gitlens.js:663:18411)
	at s (/home/I40S/.vscode/extensions/eamodio.gitlens-14.9.1/dist/gitlens.js:663:16855)
	at RegisteredActionRunner.unregister (/home/I40S/.vscode/extensions/eamodio.gitlens-14.9.1/dist/gitlens.js:663:16998)
	at RegisteredActionRunner.dispose (/home/I40S/.vscode/extensions/eamodio.gitlens-14.9.1/dist/gitlens.js:663:15651)
	at ActionRunners.dispose (/home/I40S/.vscode/extensions/eamodio.gitlens-14.9.1/dist/gitlens.js:663:16438)
	at /home/I40S/.vscode/extensions/eamodio.gitlens-14.9.1/dist/gitlens.js:1041:19519
	at Array.forEach (<anonymous>)
	at Object.dispose (/home/I40S/.vscode/extensions/eamodio.gitlens-14.9.1/dist/gitlens.js:1041:19501)
	at a (/opt/visual-studio-code/resources/app/out/vs/workbench/api/node/extensionHostProcess.js:30:714)
	at m.eb (/opt/visual-studio-code/resources/app/out/vs/workbench/api/node/extensionHostProcess.js:158:9967)
	at /opt/visual-studio-code/resources/app/out/vs/workbench/api/node/extensionHostProcess.js:158:7816
	at Array.map (<anonymous>)
	at m.$ (/opt/visual-studio-code/resources/app/out/vs/workbench/api/node/extensionHostProcess.js:158:7803)
	at m.terminate (/opt/visual-studio-code/resources/app/out/vs/workbench/api/node/extensionHostProcess.js:158:8077)
	at a.terminate (/opt/visual-studio-code/resources/app/out/vs/workbench/api/node/extensionHostProcess.js:162:1513)
	at t (/opt/visual-studio-code/resources/app/out/vs/workbench/api/node/extensionHostProcess.js:175:9917)
	at MessagePortMain.<anonymous> (/opt/visual-studio-code/resources/app/out/vs/workbench/api/node/extensionHostProcess.js:175:6342)
	at MessagePortMain.emit (node:events:517:28)
	at MessagePortMain._internalPort.emit (node:electron/js2c/utility_init:2:2285) setContext undefined
2024-04-30 15:28:51.896 [error] Canceled: Canceled
	at new O (/opt/visual-studio-code/resources/app/out/vs/workbench/api/node/extensionHostProcess.js:142:46998)
	at h.U (/opt/visual-studio-code/resources/app/out/vs/workbench/api/node/extensionHostProcess.js:149:5539)
	at T.<computed>.F.charCodeAt.T.<computed> (/opt/visual-studio-code/resources/app/out/vs/workbench/api/node/extensionHostProcess.js:149:2993)
	at d.g (/opt/visual-studio-code/resources/app/out/vs/workbench/api/node/extensionHostProcess.js:152:186335)
	at d.executeCommand (/opt/visual-studio-code/resources/app/out/vs/workbench/api/node/extensionHostProcess.js:152:185773)
	at E.registerCommand.description (/opt/visual-studio-code/resources/app/out/vs/workbench/api/node/extensionHostProcess.js:152:185097)
	at d.h (/opt/visual-studio-code/resources/app/out/vs/workbench/api/node/extensionHostProcess.js:152:186874)
	at d.g (/opt/visual-studio-code/resources/app/out/vs/workbench/api/node/extensionHostProcess.js:152:185866)
	at d.executeCommand (/opt/visual-studio-code/resources/app/out/vs/workbench/api/node/extensionHostProcess.js:152:185773)
	at Object.executeCommand (/opt/visual-studio-code/resources/app/out/vs/workbench/api/node/extensionHostProcess.js:162:22984)
	at w (/home/I40S/.vscode/extensions/eamodio.gitlens-14.9.1/dist/gitlens.js:1081:41198)
	at h (/home/I40S/.vscode/extensions/eamodio.gitlens-14.9.1/dist/gitlens.js:1081:46237)
	at ActionRunners._updateContextKeys (/home/I40S/.vscode/extensions/eamodio.gitlens-14.9.1/dist/gitlens.js:663:18411)
	at s (/home/I40S/.vscode/extensions/eamodio.gitlens-14.9.1/dist/gitlens.js:663:16855)
	at RegisteredActionRunner.unregister (/home/I40S/.vscode/extensions/eamodio.gitlens-14.9.1/dist/gitlens.js:663:16998)
	at RegisteredActionRunner.dispose (/home/I40S/.vscode/extensions/eamodio.gitlens-14.9.1/dist/gitlens.js:663:15651)
	at ActionRunners.dispose (/home/I40S/.vscode/extensions/eamodio.gitlens-14.9.1/dist/gitlens.js:663:16438)
	at /home/I40S/.vscode/extensions/eamodio.gitlens-14.9.1/dist/gitlens.js:1041:19519
	at Array.forEach (<anonymous>)
	at Object.dispose (/home/I40S/.vscode/extensions/eamodio.gitlens-14.9.1/dist/gitlens.js:1041:19501)
	at a (/opt/visual-studio-code/resources/app/out/vs/workbench/api/node/extensionHostProcess.js:30:714)
	at m.eb (/opt/visual-studio-code/resources/app/out/vs/workbench/api/node/extensionHostProcess.js:158:9967)
	at /opt/visual-studio-code/resources/app/out/vs/workbench/api/node/extensionHostProcess.js:158:7816
	at Array.map (<anonymous>)
	at m.$ (/opt/visual-studio-code/resources/app/out/vs/workbench/api/node/extensionHostProcess.js:158:7803)
	at m.terminate (/opt/visual-studio-code/resources/app/out/vs/workbench/api/node/extensionHostProcess.js:158:8077)
	at a.terminate (/opt/visual-studio-code/resources/app/out/vs/workbench/api/node/extensionHostProcess.js:162:1513)
	at t (/opt/visual-studio-code/resources/app/out/vs/workbench/api/node/extensionHostProcess.js:175:9917)
	at MessagePortMain.<anonymous> (/opt/visual-studio-code/resources/app/out/vs/workbench/api/node/extensionHostProcess.js:175:6342)
	at MessagePortMain.emit (node:events:517:28)
	at MessagePortMain._internalPort.emit (node:electron/js2c/utility_init:2:2285) setContext undefined
2024-04-30 15:28:51.896 [error] Canceled: Canceled
	at new O (/opt/visual-studio-code/resources/app/out/vs/workbench/api/node/extensionHostProcess.js:142:46998)
	at h.U (/opt/visual-studio-code/resources/app/out/vs/workbench/api/node/extensionHostProcess.js:149:5539)
	at T.<computed>.F.charCodeAt.T.<computed> (/opt/visual-studio-code/resources/app/out/vs/workbench/api/node/extensionHostProcess.js:149:2993)
	at d.g (/opt/visual-studio-code/resources/app/out/vs/workbench/api/node/extensionHostProcess.js:152:186335)
	at d.executeCommand (/opt/visual-studio-code/resources/app/out/vs/workbench/api/node/extensionHostProcess.js:152:185773)
	at E.registerCommand.description (/opt/visual-studio-code/resources/app/out/vs/workbench/api/node/extensionHostProcess.js:152:185097)
	at d.h (/opt/visual-studio-code/resources/app/out/vs/workbench/api/node/extensionHostProcess.js:152:186874)
	at d.g (/opt/visual-studio-code/resources/app/out/vs/workbench/api/node/extensionHostProcess.js:152:185866)
	at d.executeCommand (/opt/visual-studio-code/resources/app/out/vs/workbench/api/node/extensionHostProcess.js:152:185773)
	at Object.executeCommand (/opt/visual-studio-code/resources/app/out/vs/workbench/api/node/extensionHostProcess.js:162:22984)
	at w (/home/I40S/.vscode/extensions/eamodio.gitlens-14.9.1/dist/gitlens.js:1081:41198)
	at h (/home/I40S/.vscode/extensions/eamodio.gitlens-14.9.1/dist/gitlens.js:1081:46237)
	at ActionRunners._updateContextKeys (/home/I40S/.vscode/extensions/eamodio.gitlens-14.9.1/dist/gitlens.js:663:18411)
	at s (/home/I40S/.vscode/extensions/eamodio.gitlens-14.9.1/dist/gitlens.js:663:16855)
	at RegisteredActionRunner.unregister (/home/I40S/.vscode/extensions/eamodio.gitlens-14.9.1/dist/gitlens.js:663:16998)
	at RegisteredActionRunner.dispose (/home/I40S/.vscode/extensions/eamodio.gitlens-14.9.1/dist/gitlens.js:663:15651)
	at Object.dispose (/home/I40S/.vscode/extensions/eamodio.gitlens-14.9.1/dist/gitlens.js:663:17092)
	at a (/opt/visual-studio-code/resources/app/out/vs/workbench/api/node/extensionHostProcess.js:30:714)
	at m.eb (/opt/visual-studio-code/resources/app/out/vs/workbench/api/node/extensionHostProcess.js:158:9967)
	at /opt/visual-studio-code/resources/app/out/vs/workbench/api/node/extensionHostProcess.js:158:7816
	at Array.map (<anonymous>)
	at m.$ (/opt/visual-studio-code/resources/app/out/vs/workbench/api/node/extensionHostProcess.js:158:7803)
	at m.terminate (/opt/visual-studio-code/resources/app/out/vs/workbench/api/node/extensionHostProcess.js:158:8077)
	at a.terminate (/opt/visual-studio-code/resources/app/out/vs/workbench/api/node/extensionHostProcess.js:162:1513)
	at t (/opt/visual-studio-code/resources/app/out/vs/workbench/api/node/extensionHostProcess.js:175:9917)
	at MessagePortMain.<anonymous> (/opt/visual-studio-code/resources/app/out/vs/workbench/api/node/extensionHostProcess.js:175:6342)
	at MessagePortMain.emit (node:events:517:28)
	at MessagePortMain._internalPort.emit (node:electron/js2c/utility_init:2:2285) setContext undefined
2024-04-30 15:28:51.896 [error] Canceled: Canceled
	at new O (/opt/visual-studio-code/resources/app/out/vs/workbench/api/node/extensionHostProcess.js:142:46998)
	at h.U (/opt/visual-studio-code/resources/app/out/vs/workbench/api/node/extensionHostProcess.js:149:5539)
	at T.<computed>.F.charCodeAt.T.<computed> (/opt/visual-studio-code/resources/app/out/vs/workbench/api/node/extensionHostProcess.js:149:2993)
	at d.g (/opt/visual-studio-code/resources/app/out/vs/workbench/api/node/extensionHostProcess.js:152:186335)
	at d.executeCommand (/opt/visual-studio-code/resources/app/out/vs/workbench/api/node/extensionHostProcess.js:152:185773)
	at E.registerCommand.description (/opt/visual-studio-code/resources/app/out/vs/workbench/api/node/extensionHostProcess.js:152:185097)
	at d.h (/opt/visual-studio-code/resources/app/out/vs/workbench/api/node/extensionHostProcess.js:152:186874)
	at d.g (/opt/visual-studio-code/resources/app/out/vs/workbench/api/node/extensionHostProcess.js:152:185866)
	at d.executeCommand (/opt/visual-studio-code/resources/app/out/vs/workbench/api/node/extensionHostProcess.js:152:185773)
	at Object.executeCommand (/opt/visual-studio-code/resources/app/out/vs/workbench/api/node/extensionHostProcess.js:162:22984)
	at N2.reset (/home/I40S/.vscode/extensions/github.vscode-pull-request-github-0.86.1/dist/extension.js:2131:8809)
	at N2.dispose (/home/I40S/.vscode/extensions/github.vscode-pull-request-github-0.86.1/dist/extension.js:2131:9080)
	at a (/opt/visual-studio-code/resources/app/out/vs/workbench/api/node/extensionHostProcess.js:30:714)
	at m.eb (/opt/visual-studio-code/resources/app/out/vs/workbench/api/node/extensionHostProcess.js:158:9967)
	at /opt/visual-studio-code/resources/app/out/vs/workbench/api/node/extensionHostProcess.js:158:7816
	at Array.map (<anonymous>)
	at m.$ (/opt/visual-studio-code/resources/app/out/vs/workbench/api/node/extensionHostProcess.js:158:7803)
	at m.terminate (/opt/visual-studio-code/resources/app/out/vs/workbench/api/node/extensionHostProcess.js:158:8077)
	at a.terminate (/opt/visual-studio-code/resources/app/out/vs/workbench/api/node/extensionHostProcess.js:162:1513)
	at t (/opt/visual-studio-code/resources/app/out/vs/workbench/api/node/extensionHostProcess.js:175:9917)
	at MessagePortMain.<anonymous> (/opt/visual-studio-code/resources/app/out/vs/workbench/api/node/extensionHostProcess.js:175:6342)
	at MessagePortMain.emit (node:events:517:28)
	at MessagePortMain._internalPort.emit (node:electron/js2c/utility_init:2:2285) setContext undefined
2024-04-30 15:28:51.897 [info] Extension host with pid 2100 exiting with code 0
2024-04-30 15:28:53.042 [info] Extension host with pid 2378 started
2024-04-30 15:28:53.042 [info] Skipping acquiring lock for /home/I40S/.config/Code/User/workspaceStorage/5ecbbd13792e5f5d4a281e2c58390dd3.
2024-04-30 15:28:53.277 [info] ExtensionService#_doActivateExtension vscode.emmet, startup: false, activationEvent: 'onLanguage'
2024-04-30 15:28:53.439 [info] ExtensionService#_doActivateExtension vscode.git-base, startup: true, activationEvent: '*', root cause: vscode.git
2024-04-30 15:28:53.441 [info] ExtensionService#_doActivateExtension dlasagno.wal-theme, startup: true, activationEvent: '*'
2024-04-30 15:28:53.455 [info] ExtensionService#_doActivateExtension pixl-garden.BongoCat, startup: true, activationEvent: '*'
2024-04-30 15:28:53.494 [info] ExtensionService#_doActivateExtension vscode.git, startup: true, activationEvent: '*'
2024-04-30 15:28:53.516 [info] ExtensionService#_doActivateExtension vscode.github, startup: true, activationEvent: '*'
2024-04-30 15:28:53.574 [info] Eager extensions activated
2024-04-30 15:28:53.594 [info] ExtensionService#_doActivateExtension vscode.debug-auto-launch, startup: false, activationEvent: 'onStartupFinished'
2024-04-30 15:28:53.596 [info] ExtensionService#_doActivateExtension vscode.merge-conflict, startup: false, activationEvent: 'onStartupFinished'
2024-04-30 15:28:53.603 [info] ExtensionService#_doActivateExtension Catppuccin.catppuccin-vsc, startup: false, activationEvent: 'onStartupFinished'
2024-04-30 15:28:53.605 [info] ExtensionService#_doActivateExtension eamodio.gitlens, startup: false, activationEvent: 'onStartupFinished'
2024-04-30 15:28:53.632 [info] ExtensionService#_doActivateExtension vscode.github-authentication, startup: false, activationEvent: 'onStartupFinished', root cause: GitHub.vscode-pull-request-github
2024-04-30 15:28:53.644 [info] ExtensionService#_doActivateExtension ritwickdey.LiveServer, startup: false, activationEvent: 'onStartupFinished'
2024-04-30 15:28:53.649 [info] ExtensionService#_doActivateExtension tonybaloney.vscode-pets, startup: false, activationEvent: 'onStartupFinished'
2024-04-30 15:28:53.657 [info] ExtensionService#_doActivateExtension vscode-icons-team.vscode-icons, startup: false, activationEvent: 'onStartupFinished'
2024-04-30 15:28:53.883 [info] ExtensionService#_doActivateExtension ms-vsliveshare.vsliveshare, startup: false, activationEvent: 'api', root cause: eamodio.gitlens
2024-04-30 15:28:54.013 [info] ExtensionService#_doActivateExtension GitHub.vscode-pull-request-github, startup: false, activationEvent: 'onStartupFinished'
2024-04-30 15:28:59.242 [warning] [Decorations] CAPPING events from decorations provider vscode.git 10247
2024-04-30 15:28:59.779 [warning] [Decorations] CAPPING events from decorations provider vscode.git 10247
