2024-04-10 10:22:59.335 [info] Reading sessions from keychain...
2024-04-10 10:22:59.335 [info] Getting sessions for all scopes...
2024-04-10 10:22:59.335 [info] Getting sessions for all scopes...
2024-04-10 10:22:59.335 [info] Got stored sessions!
2024-04-10 10:22:59.335 [info] Got 1 verified sessions.
2024-04-10 10:22:59.335 [info] Got 1 sessions for ...
2024-04-10 10:22:59.335 [info] Got 1 sessions for ...
2024-04-10 10:22:59.609 [info] Getting sessions for project,read:org,read:user,repo,user:email,workflow...
2024-04-10 10:22:59.609 [info] Got 0 sessions for project,read:org,read:user,repo,user:email,workflow...
2024-04-10 10:22:59.609 [info] Getting sessions for all scopes...
2024-04-10 10:22:59.609 [info] Got 1 sessions for ...
2024-04-10 10:22:59.648 [info] Getting sessions for read:user,repo,user:email,workflow...
2024-04-10 10:22:59.648 [info] Got 1 sessions for read:user,repo,user:email,workflow...
2024-04-10 10:22:59.811 [info] Getting sessions for read:user,repo,user:email,workflow...
2024-04-10 10:22:59.811 [info] Got 1 sessions for read:user,repo,user:email,workflow...
2024-04-10 10:23:16.016 [info] Reading sessions from keychain...
2024-04-10 10:23:16.016 [info] Getting sessions for all scopes...
2024-04-10 10:23:16.016 [info] Getting sessions for all scopes...
2024-04-10 10:23:16.198 [info] Got stored sessions!
2024-04-10 10:23:16.198 [info] Got 1 verified sessions.
2024-04-10 10:23:16.198 [info] Got 1 sessions for ...
2024-04-10 10:23:16.198 [info] Got 1 sessions for ...
2024-04-10 10:23:16.219 [info] Getting sessions for all scopes...
2024-04-10 10:23:16.219 [info] Got 1 sessions for ...
2024-04-10 10:23:16.237 [info] Getting sessions for project,read:org,read:user,repo,user:email,workflow...
2024-04-10 10:23:16.237 [info] Got 0 sessions for project,read:org,read:user,repo,user:email,workflow...
2024-04-10 10:23:16.343 [info] Getting sessions for read:user,repo,user:email,workflow...
2024-04-10 10:23:16.343 [info] Got 1 sessions for read:user,repo,user:email,workflow...
2024-04-10 10:23:16.502 [info] Getting sessions for read:user,repo,user:email,workflow...
2024-04-10 10:23:16.503 [info] Got 1 sessions for read:user,repo,user:email,workflow...
