2024-04-10 10:02:39.641 [info] Reading sessions from keychain...
2024-04-10 10:02:39.641 [info] Getting sessions for all scopes...
2024-04-10 10:02:39.641 [info] Getting sessions for all scopes...
2024-04-10 10:02:39.641 [info] Got stored sessions!
2024-04-10 10:02:39.641 [info] Got 1 verified sessions.
2024-04-10 10:02:39.641 [info] Got 1 sessions for ...
2024-04-10 10:02:39.641 [info] Got 1 sessions for ...
2024-04-10 10:02:39.676 [info] Getting sessions for project,read:org,read:user,repo,user:email,workflow...
2024-04-10 10:02:39.676 [info] Got 0 sessions for project,read:org,read:user,repo,user:email,workflow...
2024-04-10 10:02:39.726 [info] Getting sessions for read:user,repo,user:email,workflow...
2024-04-10 10:02:39.726 [info] Got 1 sessions for read:user,repo,user:email,workflow...
2024-04-10 10:02:39.815 [info] Getting sessions for read:user,repo,user:email,workflow...
2024-04-10 10:02:39.815 [info] Got 1 sessions for read:user,repo,user:email,workflow...
2024-04-10 10:02:39.909 [info] Getting sessions for all scopes...
2024-04-10 10:02:39.909 [info] Got 1 sessions for ...
2024-04-10 10:02:39.933 [info] Getting sessions for all scopes...
2024-04-10 10:02:39.933 [info] Got 1 sessions for ...
2024-04-10 10:03:02.608 [info] Reading sessions from keychain...
2024-04-10 10:03:02.608 [info] Getting sessions for all scopes...
2024-04-10 10:03:02.608 [info] Getting sessions for all scopes...
2024-04-10 10:03:02.608 [info] Got stored sessions!
2024-04-10 10:03:02.608 [info] Got 1 verified sessions.
2024-04-10 10:03:02.608 [info] Got 1 sessions for ...
2024-04-10 10:03:02.608 [info] Got 1 sessions for ...
2024-04-10 10:03:02.608 [info] Getting sessions for all scopes...
2024-04-10 10:03:02.608 [info] Got 1 sessions for ...
2024-04-10 10:03:02.670 [info] Getting sessions for all scopes...
2024-04-10 10:03:02.670 [info] Got 1 sessions for ...
2024-04-10 10:03:02.720 [info] Getting sessions for project,read:org,read:user,repo,user:email,workflow...
2024-04-10 10:03:02.720 [info] Got 0 sessions for project,read:org,read:user,repo,user:email,workflow...
2024-04-10 10:03:02.816 [info] Getting sessions for read:user,repo,user:email,workflow...
2024-04-10 10:03:02.816 [info] Got 1 sessions for read:user,repo,user:email,workflow...
2024-04-10 10:03:02.924 [info] Getting sessions for read:user,repo,user:email,workflow...
2024-04-10 10:03:02.924 [info] Got 1 sessions for read:user,repo,user:email,workflow...
