2024-04-30 15:28:01.875 [info] Log level: Info
2024-04-30 15:28:01.875 [info] Validating found git in: "git"
2024-04-30 15:28:01.875 [info] Using git "2.44.0" from "git"
2024-04-30 15:28:01.875 [info] > git rev-parse --show-toplevel [6ms]
2024-04-30 15:28:01.875 [info] > git rev-parse --git-dir --git-common-dir [3ms]
2024-04-30 15:28:01.875 [info] Open repository: /home/I40S/.config
2024-04-30 15:28:01.881 [info] > git rev-parse --show-toplevel [127ms]
2024-04-30 15:28:01.882 [info] > git config --get commit.template [130ms]
2024-04-30 15:28:01.999 [info] > git rev-parse --show-toplevel [28ms]
2024-04-30 15:28:02.116 [info] > git for-each-ref --format=%(refname)%00%(upstream:short)%00%(objectname)%00%(upstream:track)%00%(upstream:remotename)%00%(upstream:remoteref) refs/heads/main refs/remotes/main [122ms]
2024-04-30 15:28:02.162 [info] > git rev-parse --show-toplevel [51ms]
2024-04-30 15:28:02.180 [info] > git rev-parse --show-toplevel [12ms]
2024-04-30 15:28:02.225 [info] > git show --textconv :eww/eww.scss [31ms]
2024-04-30 15:28:02.225 [info] > git ls-files --stage -- /home/I40S/.config/eww/eww.scss [27ms]
2024-04-30 15:28:02.318 [info] > git cat-file -s 1e12bf05875680a351f16ea5207a1c5d9292f5d3 [90ms]
2024-04-30 15:28:02.448 [info] > git check-ignore -v -z --stdin [52ms]
2024-04-30 15:28:02.580 [info] > git status -z -uall [393ms] (cancelled)
2024-04-30 15:28:03.126 [info] > git config --local branch.main.github-pr-owner-number [67ms]
2024-04-30 15:28:03.126 [warning] git config failed: Failed to execute git
2024-04-30 15:28:07.048 [info] > git merge-base refs/heads/main refs/remotes/origin/main [59ms]
2024-04-30 15:28:07.053 [info] > git config --get commit.template [5ms]
2024-04-30 15:28:07.055 [info] > git rev-list --count --left-right refs/heads/main...refs/remotes/origin/main [3ms]
2024-04-30 15:28:07.062 [info] > git diff --name-status -z --diff-filter=ADMR 824edd8fb9fb510089b60ca32a6560b43971bbb4...refs/remotes/origin/main [4ms]
2024-04-30 15:28:07.072 [info] > git for-each-ref --format=%(refname)%00%(upstream:short)%00%(objectname)%00%(upstream:track)%00%(upstream:remotename)%00%(upstream:remoteref) refs/heads/main refs/remotes/main [9ms]
2024-04-30 15:28:07.665 [info] > git status -z -uall [590ms] (cancelled)
2024-04-30 15:28:15.661 [info] Log level: Info
2024-04-30 15:28:15.661 [info] Validating found git in: "git"
2024-04-30 15:28:15.661 [info] Using git "2.44.0" from "git"
2024-04-30 15:28:53.588 [info] Log level: Info
2024-04-30 15:28:53.588 [info] Validating found git in: "git"
2024-04-30 15:28:53.588 [info] Using git "2.44.0" from "git"
2024-04-30 15:28:53.588 [info] > git rev-parse --show-toplevel [4ms]
2024-04-30 15:28:53.684 [info] > git rev-parse --git-dir --git-common-dir [91ms]
2024-04-30 15:28:53.696 [info] Open repository: /home/I40S/.config
2024-04-30 15:28:53.846 [info] > git rev-parse --show-toplevel [40ms]
2024-04-30 15:28:53.846 [info] > git config --get commit.template [46ms]
2024-04-30 15:28:53.866 [info] > git rev-parse --show-toplevel [14ms]
2024-04-30 15:28:53.879 [info] > git rev-parse --show-toplevel [4ms]
2024-04-30 15:28:53.881 [info] > git for-each-ref --format=%(refname)%00%(upstream:short)%00%(objectname)%00%(upstream:track)%00%(upstream:remotename)%00%(upstream:remoteref) refs/heads/main refs/remotes/main [17ms]
2024-04-30 15:28:54.061 [info] > git rev-parse --show-toplevel [57ms]
2024-04-30 15:28:54.073 [info] > git rev-parse --show-toplevel [6ms]
2024-04-30 15:28:54.138 [info] > git rev-parse --show-toplevel [61ms]
2024-04-30 15:28:54.175 [info] > git rev-parse --show-toplevel [12ms]
2024-04-30 15:28:54.206 [info] > git rev-parse --show-toplevel [25ms]
2024-04-30 15:28:54.244 [info] > git check-ignore -v -z --stdin [33ms]
2024-04-30 15:28:54.246 [info] > git rev-parse --show-toplevel [15ms]
2024-04-30 15:28:54.389 [info] > git status -z -uall [317ms] (cancelled)
2024-04-30 15:28:54.389 [info] > git rev-parse --show-toplevel [71ms]
2024-04-30 15:28:54.396 [info] > git rev-parse --show-toplevel [2ms]
2024-04-30 15:28:54.401 [info] > git rev-parse --show-toplevel [1ms]
2024-04-30 15:28:54.405 [info] > git rev-parse --show-toplevel [1ms]
2024-04-30 15:28:54.412 [info] > git rev-parse --show-toplevel [3ms]
2024-04-30 15:28:54.424 [info] > git rev-parse --show-toplevel [6ms]
2024-04-30 15:28:54.437 [info] > git rev-parse --show-toplevel [9ms]
2024-04-30 15:28:54.459 [info] > git rev-parse --show-toplevel [5ms]
2024-04-30 15:28:54.474 [info] > git rev-parse --show-toplevel [3ms]
2024-04-30 15:28:54.528 [info] > git rev-parse --show-toplevel [47ms]
2024-04-30 15:28:54.537 [info] > git rev-parse --show-toplevel [3ms]
2024-04-30 15:28:54.550 [info] > git rev-parse --show-toplevel [9ms]
2024-04-30 15:28:54.554 [info] > git rev-parse --show-toplevel [1ms]
2024-04-30 15:28:54.570 [info] > git rev-parse --show-toplevel [12ms]
2024-04-30 15:28:54.578 [info] > git rev-parse --show-toplevel [4ms]
2024-04-30 15:28:54.629 [info] > git rev-parse --show-toplevel [33ms]
2024-04-30 15:28:54.691 [info] > git rev-parse --show-toplevel [40ms]
2024-04-30 15:28:54.697 [info] > git rev-parse --show-toplevel [2ms]
2024-04-30 15:28:54.702 [info] > git rev-parse --show-toplevel [1ms]
2024-04-30 15:28:54.706 [info] > git rev-parse --show-toplevel [1ms]
2024-04-30 15:28:54.710 [info] > git rev-parse --show-toplevel [1ms]
2024-04-30 15:28:54.717 [info] > git rev-parse --show-toplevel [1ms]
2024-04-30 15:28:54.723 [info] > git rev-parse --show-toplevel [1ms]
2024-04-30 15:28:54.728 [info] > git rev-parse --show-toplevel [2ms]
2024-04-30 15:28:54.754 [info] > git rev-parse --show-toplevel [22ms]
2024-04-30 15:28:54.758 [info] > git rev-parse --show-toplevel [0ms]
2024-04-30 15:28:54.768 [info] > git rev-parse --show-toplevel [6ms]
2024-04-30 15:28:54.775 [info] > git rev-parse --show-toplevel [1ms]
2024-04-30 15:28:54.779 [info] > git rev-parse --show-toplevel [1ms]
2024-04-30 15:28:54.784 [info] > git rev-parse --show-toplevel [1ms]
2024-04-30 15:28:54.788 [info] > git rev-parse --show-toplevel [1ms]
2024-04-30 15:28:54.792 [info] > git rev-parse --show-toplevel [1ms]
2024-04-30 15:28:54.796 [info] > git rev-parse --show-toplevel [1ms]
2024-04-30 15:28:54.801 [info] > git rev-parse --show-toplevel [1ms]
2024-04-30 15:28:54.805 [info] > git rev-parse --show-toplevel [1ms]
2024-04-30 15:28:54.809 [info] > git rev-parse --show-toplevel [1ms]
2024-04-30 15:28:54.813 [info] > git rev-parse --show-toplevel [1ms]
2024-04-30 15:28:54.818 [info] > git rev-parse --show-toplevel [1ms]
2024-04-30 15:28:54.826 [info] > git rev-parse --show-toplevel [5ms]
2024-04-30 15:28:54.832 [info] > git rev-parse --show-toplevel [2ms]
2024-04-30 15:28:54.837 [info] > git rev-parse --show-toplevel [0ms]
2024-04-30 15:28:54.841 [info] > git rev-parse --show-toplevel [1ms]
2024-04-30 15:28:54.845 [info] > git rev-parse --show-toplevel [1ms]
2024-04-30 15:28:54.850 [info] > git rev-parse --show-toplevel [1ms]
2024-04-30 15:28:54.854 [info] > git rev-parse --show-toplevel [1ms]
2024-04-30 15:28:54.859 [info] > git rev-parse --show-toplevel [1ms]
2024-04-30 15:28:54.863 [info] > git rev-parse --show-toplevel [1ms]
2024-04-30 15:28:54.867 [info] > git rev-parse --show-toplevel [1ms]
2024-04-30 15:28:54.877 [info] > git show --textconv :hypr/hyprland.conf [4ms]
2024-04-30 15:28:54.878 [info] > git ls-files --stage -- /home/I40S/.config/hypr/hyprland.conf [2ms]
2024-04-30 15:28:54.894 [info] > git cat-file -s c1725f3370964b4586df6e73d3972a9a633bb631 [12ms]
2024-04-30 15:28:55.323 [info] > git config --local branch.main.github-pr-owner-number [59ms]
2024-04-30 15:28:55.323 [warning] git config failed: Failed to execute git
2024-04-30 15:28:59.258 [info] > git merge-base refs/heads/main refs/remotes/origin/main [58ms]
2024-04-30 15:28:59.264 [info] > git rev-list --count --left-right refs/heads/main...refs/remotes/origin/main [3ms]
2024-04-30 15:28:59.268 [info] > git config --get commit.template [12ms]
2024-04-30 15:28:59.272 [info] > git diff --name-status -z --diff-filter=ADMR 824edd8fb9fb510089b60ca32a6560b43971bbb4...refs/remotes/origin/main [4ms]
2024-04-30 15:28:59.280 [info] > git for-each-ref --format=%(refname)%00%(upstream:short)%00%(objectname)%00%(upstream:track)%00%(upstream:remotename)%00%(upstream:remoteref) refs/heads/main refs/remotes/main [8ms]
2024-04-30 15:28:59.793 [info] > git status -z -uall [509ms] (cancelled)
