2024-04-11 10:49:39.573 [info] Reading sessions from keychain...
2024-04-11 10:49:39.573 [info] Getting sessions for all scopes...
2024-04-11 10:49:39.573 [info] Getting sessions for all scopes...
2024-04-11 10:49:39.573 [info] Got stored sessions!
2024-04-11 10:49:39.573 [info] Got 1 verified sessions.
2024-04-11 10:49:39.573 [info] Got 1 sessions for ...
2024-04-11 10:49:39.573 [info] Got 1 sessions for ...
2024-04-11 10:49:39.750 [info] Getting sessions for all scopes...
2024-04-11 10:49:39.750 [info] Got 1 sessions for ...
2024-04-11 10:49:39.751 [info] Getting sessions for project,read:org,read:user,repo,user:email,workflow...
2024-04-11 10:49:39.751 [info] Got 0 sessions for project,read:org,read:user,repo,user:email,workflow...
2024-04-11 10:49:39.822 [info] Getting sessions for read:user,repo,user:email,workflow...
2024-04-11 10:49:39.822 [info] Got 1 sessions for read:user,repo,user:email,workflow...
2024-04-11 10:49:39.879 [info] Getting sessions for read:user,repo,user:email,workflow...
2024-04-11 10:49:39.879 [info] Got 1 sessions for read:user,repo,user:email,workflow...
2024-04-11 10:50:00.520 [info] Reading sessions from keychain...
2024-04-11 10:50:00.520 [info] Getting sessions for all scopes...
2024-04-11 10:50:00.520 [info] Getting sessions for all scopes...
2024-04-11 10:50:00.520 [info] Got stored sessions!
2024-04-11 10:50:00.520 [info] Got 1 verified sessions.
2024-04-11 10:50:00.520 [info] Got 1 sessions for ...
2024-04-11 10:50:00.520 [info] Got 1 sessions for ...
2024-04-11 10:50:00.600 [info] Getting sessions for all scopes...
2024-04-11 10:50:00.600 [info] Got 1 sessions for ...
2024-04-11 10:50:00.635 [info] Getting sessions for project,read:org,read:user,repo,user:email,workflow...
2024-04-11 10:50:00.636 [info] Got 0 sessions for project,read:org,read:user,repo,user:email,workflow...
2024-04-11 10:50:00.660 [info] Getting sessions for read:user,repo,user:email,workflow...
2024-04-11 10:50:00.660 [info] Got 1 sessions for read:user,repo,user:email,workflow...
2024-04-11 10:50:00.782 [info] Getting sessions for read:user,repo,user:email,workflow...
2024-04-11 10:50:00.782 [info] Got 1 sessions for read:user,repo,user:email,workflow...
