2024-04-10 21:55:24.360 [warning] /home/I40S/.ssh/config: ENOENT: no such file or directory, open '/home/I40S/.ssh/config'
2024-04-10 21:55:24.360 [info] Activation> Extension version: 0.86.1
2024-04-10 21:55:24.680 [info] Looking for git repository
2024-04-10 21:55:24.681 [info] Found 0 repositories during activation
2024-04-10 21:55:24.681 [info] Git repository found, initializing review manager and pr tree view.
2024-04-10 21:55:24.681 [info] Registering git provider
2024-04-10 21:55:32.674 [warning] /home/I40S/.ssh/config: ENOENT: no such file or directory, open '/home/I40S/.ssh/config'
2024-04-10 21:55:32.674 [info] Activation> Extension version: 0.86.1
2024-04-10 21:55:32.806 [info] Looking for git repository
2024-04-10 21:55:32.806 [info] Found 0 repositories during activation
2024-04-10 21:55:32.806 [info] Git repository found, initializing review manager and pr tree view.
2024-04-10 21:55:32.806 [info] Registering git provider
2024-04-10 21:55:56.985 [warning] /home/I40S/.ssh/config: ENOENT: no such file or directory, open '/home/I40S/.ssh/config'
2024-04-10 21:55:56.986 [info] Activation> Extension version: 0.86.1
2024-04-10 21:55:57.242 [info] Looking for git repository
2024-04-10 21:55:57.242 [info] Found 0 repositories during activation
2024-04-10 21:55:57.242 [info] Git repository found, initializing review manager and pr tree view.
2024-04-10 21:55:57.245 [info] Registering git provider
2024-04-10 21:55:57.792 [info] Git initialization state changed: state=initialized
2024-04-10 21:55:57.792 [info] Review+0> Validate state in progress
2024-04-10 21:55:57.792 [info] Review+0> Validating state...
2024-04-10 21:55:57.816 [info] Found GitHub remote for folder /home/I40S/.config
2024-04-10 21:55:58.388 [info] Trying to use globalState for assignableUsers.
2024-04-10 21:55:58.470 [info] Review+0> No matching pull request metadata found locally for current branch main
2024-04-10 21:55:58.499 [info] Using globalState assignableUsers for 1.
2024-04-10 21:55:59.333 [info] Repo state for file:///home/I40S/.config changed.
2024-04-10 21:55:59.333 [info] Repo file:///home/I40S/.config has already been setup.
2024-04-10 21:56:00.871 [info] Review+0> No matching pull request metadata found on GitHub for current branch main
