2024-04-18 19:52:56.997 [info] Log level: Info
2024-04-18 19:52:56.997 [info] Validating found git in: "git"
2024-04-18 19:52:56.997 [info] Using git "2.44.0" from "git"
2024-04-18 19:52:56.997 [info] > git rev-parse --show-toplevel [12ms]
2024-04-18 19:52:56.997 [info] > git rev-parse --git-dir --git-common-dir [2ms]
2024-04-18 19:52:56.997 [info] Open repository: /home/I40S/.config
2024-04-18 19:52:56.997 [info] > git rev-parse --show-toplevel [4ms]
2024-04-18 19:52:56.997 [info] > git config --get commit.template [7ms]
2024-04-18 19:52:56.997 [info] > git rev-parse --show-toplevel [89ms]
2024-04-18 19:52:57.006 [info] > git for-each-ref --format=%(refname)%00%(upstream:short)%00%(objectname)%00%(upstream:track)%00%(upstream:remotename)%00%(upstream:remoteref) refs/heads/main refs/remotes/main [36ms]
2024-04-18 19:52:57.010 [info] > git rev-parse --show-toplevel [9ms]
2024-04-18 19:52:57.015 [info] > git rev-parse --show-toplevel [1ms]
2024-04-18 19:52:57.375 [info] > git show --textconv :eww/scss/weather.scss [15ms]
2024-04-18 19:52:57.432 [info] > git ls-files --stage -- /home/I40S/.config/eww/scss/weather.scss [68ms]
2024-04-18 19:52:57.472 [info] > git status -z -uall [448ms] (cancelled)
2024-04-18 19:52:57.472 [info] > git check-ignore -v -z --stdin [32ms]
2024-04-18 19:52:57.473 [info] > git cat-file -s 8dabda4fe4762402d3728b6371170bd18ef865e0 [38ms]
2024-04-18 19:52:57.983 [info] > git config --local branch.main.github-pr-owner-number [38ms]
2024-04-18 19:52:57.984 [warning] git config failed: Failed to execute git
2024-04-18 19:53:04.832 [info] > git merge-base refs/heads/main refs/remotes/origin/main [58ms]
2024-04-18 19:53:04.836 [info] > git config --get commit.template [4ms]
2024-04-18 19:53:04.839 [info] > git rev-list --count --left-right refs/heads/main...refs/remotes/origin/main [4ms]
2024-04-18 19:53:04.846 [info] > git diff --name-status -z --diff-filter=ADMR 824edd8fb9fb510089b60ca32a6560b43971bbb4...refs/remotes/origin/main [4ms]
2024-04-18 19:53:04.856 [info] > git for-each-ref --format=%(refname)%00%(upstream:short)%00%(objectname)%00%(upstream:track)%00%(upstream:remotename)%00%(upstream:remoteref) refs/heads/main refs/remotes/main [10ms]
2024-04-18 19:53:05.400 [info] > git status -z -uall [540ms] (cancelled)
