2024-05-01 11:29:53.763 [info] Reading sessions from keychain...
2024-05-01 11:29:53.763 [info] Getting sessions for all scopes...
2024-05-01 11:29:53.763 [info] Getting sessions for all scopes...
2024-05-01 11:29:53.763 [info] Got stored sessions!
2024-05-01 11:29:53.763 [info] Got 1 verified sessions.
2024-05-01 11:29:53.763 [info] Got 1 sessions for ...
2024-05-01 11:29:53.763 [info] Got 1 sessions for ...
2024-05-01 11:29:53.876 [info] Getting sessions for all scopes...
2024-05-01 11:29:53.876 [info] Got 1 sessions for ...
2024-05-01 11:29:53.954 [info] Getting sessions for project,read:org,read:user,repo,user:email,workflow...
2024-05-01 11:29:53.955 [info] Got 0 sessions for project,read:org,read:user,repo,user:email,workflow...
2024-05-01 11:29:54.067 [info] Getting sessions for read:user,repo,user:email,workflow...
2024-05-01 11:29:54.067 [info] Got 1 sessions for read:user,repo,user:email,workflow...
2024-05-01 11:29:54.277 [info] Getting sessions for read:user,repo,user:email...
2024-05-01 11:29:54.277 [info] Got 0 sessions for read:user,repo,user:email...
2024-05-01 11:29:54.364 [info] Getting sessions for read:user,repo,user:email,workflow...
2024-05-01 11:29:54.364 [info] Got 1 sessions for read:user,repo,user:email,workflow...
2024-05-01 11:30:34.692 [info] Getting sessions for read:user,repo,user:email,workflow...
2024-05-01 11:30:34.692 [info] Got 1 sessions for read:user,repo,user:email,workflow...
2024-05-01 11:30:35.663 [info] Getting sessions for read:user,repo,user:email,workflow...
2024-05-01 11:30:35.663 [info] Got 1 sessions for read:user,repo,user:email,workflow...
2024-05-01 12:14:32.921 [info] Reading sessions from keychain...
2024-05-01 12:14:32.922 [info] Getting sessions for all scopes...
2024-05-01 12:14:32.922 [info] Getting sessions for all scopes...
2024-05-01 12:14:32.922 [info] Got stored sessions!
2024-05-01 12:14:32.922 [info] Got 1 verified sessions.
2024-05-01 12:14:32.922 [info] Got 1 sessions for ...
2024-05-01 12:14:32.922 [info] Got 1 sessions for ...
2024-05-01 12:14:33.063 [info] Getting sessions for all scopes...
2024-05-01 12:14:33.063 [info] Got 1 sessions for ...
2024-05-01 12:14:33.085 [info] Getting sessions for project,read:org,read:user,repo,user:email,workflow...
2024-05-01 12:14:33.085 [info] Got 0 sessions for project,read:org,read:user,repo,user:email,workflow...
2024-05-01 12:14:33.356 [info] Getting sessions for read:user,repo,user:email,workflow...
2024-05-01 12:14:33.356 [info] Got 1 sessions for read:user,repo,user:email,workflow...
2024-05-01 12:14:33.356 [info] Getting sessions for read:user,repo,user:email...
2024-05-01 12:14:33.356 [info] Got 0 sessions for read:user,repo,user:email...
2024-05-01 12:14:33.610 [info] Getting sessions for read:user,repo,user:email,workflow...
2024-05-01 12:14:33.610 [info] Got 1 sessions for read:user,repo,user:email,workflow...
