2024-04-11 18:48:33.219 [info] Log level: Info
2024-04-11 18:48:33.219 [info] Validating found git in: "git"
2024-04-11 18:48:33.219 [info] Using git "2.44.0" from "git"
2024-04-11 18:48:33.219 [info] > git rev-parse --show-toplevel [5ms]
2024-04-11 18:48:33.219 [info] > git rev-parse --git-dir --git-common-dir [2ms]
2024-04-11 18:48:33.219 [info] Open repository: /home/I40S/.config
2024-04-11 18:48:33.220 [info] > git rev-parse --show-toplevel [104ms]
2024-04-11 18:48:33.221 [info] > git config --get commit.template [107ms]
2024-04-11 18:48:33.295 [info] > git rev-parse --show-toplevel [14ms]
2024-04-11 18:48:33.305 [info] > git for-each-ref --format=%(refname)%00%(upstream:short)%00%(objectname)%00%(upstream:track)%00%(upstream:remotename)%00%(upstream:remoteref) refs/heads/main refs/remotes/main [11ms]
2024-04-11 18:48:33.306 [info] > git rev-parse --show-toplevel [4ms]
2024-04-11 18:48:33.320 [info] > git rev-parse --show-toplevel [8ms]
2024-04-11 18:48:33.327 [info] > git rev-parse --show-toplevel [2ms]
2024-04-11 18:48:33.333 [info] > git rev-parse --show-toplevel [2ms]
2024-04-11 18:48:33.386 [info] > git rev-parse --show-toplevel [49ms]
2024-04-11 18:48:33.531 [info] > git rev-parse --show-toplevel [137ms]
2024-04-11 18:48:33.591 [info] > git rev-parse --show-toplevel [11ms]
2024-04-11 18:48:33.620 [info] > git status -z -uall [301ms] (cancelled)
2024-04-11 18:48:33.621 [info] > git rev-parse --show-toplevel [25ms]
2024-04-11 18:48:33.657 [info] > git rev-parse --show-toplevel [22ms]
2024-04-11 18:48:33.741 [info] > git check-ignore -v -z --stdin [10ms]
2024-04-11 18:48:33.743 [info] > git rev-parse --show-toplevel [16ms]
2024-04-11 18:48:33.780 [info] > git rev-parse --show-toplevel [6ms]
2024-04-11 18:48:33.787 [info] > git rev-parse --show-toplevel [2ms]
2024-04-11 18:48:33.818 [info] > git rev-parse --show-toplevel [26ms]
2024-04-11 18:48:33.853 [info] > git rev-parse --show-toplevel [1ms]
2024-04-11 18:48:33.859 [info] > git rev-parse --show-toplevel [2ms]
2024-04-11 18:48:33.863 [info] > git rev-parse --show-toplevel [1ms]
2024-04-11 18:48:33.868 [info] > git rev-parse --show-toplevel [1ms]
2024-04-11 18:48:33.874 [info] > git rev-parse --show-toplevel [2ms]
2024-04-11 18:48:33.879 [info] > git rev-parse --show-toplevel [2ms]
2024-04-11 18:48:33.884 [info] > git rev-parse --show-toplevel [1ms]
2024-04-11 18:48:33.896 [info] > git rev-parse --show-toplevel [8ms]
2024-04-11 18:48:33.927 [info] > git rev-parse --show-toplevel [14ms]
2024-04-11 18:48:33.949 [info] > git rev-parse --show-toplevel [18ms]
2024-04-11 18:48:33.989 [info] > git rev-parse --show-toplevel [35ms]
2024-04-11 18:48:34.001 [info] > git rev-parse --show-toplevel [8ms]
2024-04-11 18:48:34.034 [info] > git rev-parse --show-toplevel [6ms]
2024-04-11 18:48:34.075 [info] > git rev-parse --show-toplevel [6ms]
2024-04-11 18:48:34.086 [info] > git rev-parse --show-toplevel [7ms]
2024-04-11 18:48:34.164 [info] > git rev-parse --show-toplevel [48ms]
2024-04-11 18:48:34.168 [info] > git rev-parse --show-toplevel [1ms]
2024-04-11 18:48:34.172 [info] > git rev-parse --show-toplevel [1ms]
2024-04-11 18:48:34.176 [info] > git rev-parse --show-toplevel [1ms]
2024-04-11 18:48:34.180 [info] > git rev-parse --show-toplevel [1ms]
2024-04-11 18:48:34.183 [info] > git rev-parse --show-toplevel [1ms]
2024-04-11 18:48:34.186 [info] > git rev-parse --show-toplevel [1ms]
2024-04-11 18:48:34.190 [info] > git rev-parse --show-toplevel [1ms]
2024-04-11 18:48:34.193 [info] > git rev-parse --show-toplevel [1ms]
2024-04-11 18:48:34.197 [info] > git rev-parse --show-toplevel [1ms]
2024-04-11 18:48:34.200 [info] > git rev-parse --show-toplevel [1ms]
2024-04-11 18:48:34.203 [info] > git rev-parse --show-toplevel [1ms]
2024-04-11 18:48:34.207 [info] > git rev-parse --show-toplevel [1ms]
2024-04-11 18:48:34.210 [info] > git rev-parse --show-toplevel [1ms]
2024-04-11 18:48:34.214 [info] > git rev-parse --show-toplevel [1ms]
2024-04-11 18:48:34.217 [info] > git rev-parse --show-toplevel [1ms]
2024-04-11 18:48:34.220 [info] > git rev-parse --show-toplevel [1ms]
2024-04-11 18:48:34.224 [info] > git rev-parse --show-toplevel [1ms]
2024-04-11 18:48:34.228 [info] > git rev-parse --show-toplevel [1ms]
2024-04-11 18:48:34.231 [info] > git rev-parse --show-toplevel [0ms]
2024-04-11 18:48:34.235 [info] > git rev-parse --show-toplevel [1ms]
2024-04-11 18:48:34.238 [info] > git rev-parse --show-toplevel [1ms]
2024-04-11 18:48:34.242 [info] > git rev-parse --show-toplevel [1ms]
2024-04-11 18:48:34.246 [info] > git rev-parse --show-toplevel [1ms]
2024-04-11 18:48:34.255 [info] > git show --textconv :hypr/hyprland.conf [5ms]
2024-04-11 18:48:34.256 [info] > git ls-files --stage -- /home/I40S/.config/hypr/hyprland.conf [3ms]
2024-04-11 18:48:34.270 [info] > git cat-file -s 13fc163310ae45d19bf397b4146f3107baddf5d9 [11ms]
2024-04-11 18:48:34.660 [info] > git config --local branch.main.github-pr-owner-number [45ms]
2024-04-11 18:48:34.661 [warning] git config failed: Failed to execute git
2024-04-11 18:48:37.325 [info] > git check-ignore -v -z --stdin [4ms]
2024-04-11 18:48:39.640 [info] > git check-ignore -v -z --stdin [3ms]
2024-04-11 18:48:41.409 [info] > git check-ignore -v -z --stdin [4ms]
2024-04-11 18:48:46.726 [info] > git check-ignore -v -z --stdin [8ms]
2024-04-11 18:48:50.989 [info] > git check-ignore -v -z --stdin [3ms]
2024-04-11 18:48:52.324 [info] > git check-ignore -v -z --stdin [3ms]
2024-04-11 18:48:53.179 [info] > git check-ignore -v -z --stdin [4ms]
2024-04-11 18:48:54.041 [info] > git show --textconv :eww/scripts/colors/colors-hyprland.conf [7ms]
2024-04-11 18:48:54.043 [info] > git ls-files --stage -- /home/I40S/.config/eww/scripts/colors/colors-hyprland.conf [3ms]
2024-04-11 18:48:54.050 [info] > git cat-file -s cc87dba6d7fa90fc03b186a7c7994a16b9481068 [2ms]
2024-04-11 18:48:56.907 [info] > git show --textconv :eww/scripts/colors/colors-kitty.conf [7ms]
2024-04-11 18:48:56.910 [info] > git ls-files --stage -- /home/I40S/.config/eww/scripts/colors/colors-kitty.conf [3ms]
2024-04-11 18:48:56.917 [info] > git cat-file -s 1addb01cd1fc6ca796a255e928019797fca0c393 [2ms]
2024-04-11 18:48:58.287 [info] > git show --textconv :eww/scripts/colors/colors.css [4ms]
2024-04-11 18:48:58.287 [info] > git ls-files --stage -- /home/I40S/.config/eww/scripts/colors/colors.css [1ms]
2024-04-11 18:48:58.291 [info] > git cat-file -s 7c004d3d1595098e34a1b2976d96e42ae97d64e5 [1ms]
2024-04-11 18:49:00.321 [info] > git show --textconv :eww/scripts/colors/colors.scss [7ms]
2024-04-11 18:49:00.323 [info] > git ls-files --stage -- /home/I40S/.config/eww/scripts/colors/colors.scss [3ms]
2024-04-11 18:49:00.330 [info] > git cat-file -s 14cf1a5c843a1c5d8c2b1488a4d2170644e7c93f [2ms]
2024-04-11 18:50:37.010 [info] > git show --textconv :eww/scss/clock.scss [9ms]
2024-04-11 18:50:37.019 [info] > git ls-files --stage -- /home/I40S/.config/eww/scss/clock.scss [2ms]
2024-04-11 18:50:37.032 [info] > git cat-file -s 357fed40607ed0b578705a577bded7257094efae [8ms]
2024-04-11 18:50:37.468 [info] > git show --textconv :eww/scss/launcher.scss [7ms]
2024-04-11 18:50:37.469 [info] > git ls-files --stage -- /home/I40S/.config/eww/scss/launcher.scss [2ms]
2024-04-11 18:50:37.485 [info] > git cat-file -s a94645a0d7b2dcc35e6a5512820a5a482f9b695e [6ms]
2024-04-11 18:50:37.887 [info] > git show --textconv :eww/scss/music.scss [9ms]
2024-04-11 18:50:37.889 [info] > git ls-files --stage -- /home/I40S/.config/eww/scss/music.scss [3ms]
2024-04-11 18:50:37.896 [info] > git cat-file -s 8f33a762b8b2c753151114df9b800e56bd56a020 [2ms]
2024-04-11 18:50:39.223 [info] > git show --textconv :eww/scss/taskbar.scss [7ms]
2024-04-11 18:50:39.225 [info] > git ls-files --stage -- /home/I40S/.config/eww/scss/taskbar.scss [2ms]
2024-04-11 18:50:39.234 [info] > git cat-file -s 6aa4d506d1f8561bdb59ab62bc43cddc10710578 [1ms]
2024-04-11 18:50:45.285 [info] > git show --textconv :eww/scss/indicator.scss [7ms]
2024-04-11 18:50:45.287 [info] > git ls-files --stage -- /home/I40S/.config/eww/scss/indicator.scss [3ms]
2024-04-11 18:50:45.295 [info] > git cat-file -s 6ac09666111c7a87d60546b2cb497d9b5aec6630 [2ms]
2024-04-11 18:50:52.035 [info] > git show --textconv :eww/scss/tray.scss [7ms]
2024-04-11 18:50:52.037 [info] > git ls-files --stage -- /home/I40S/.config/eww/scss/tray.scss [3ms]
2024-04-11 18:50:52.045 [info] > git cat-file -s 4fc275851308ab741ff641d606f023ccfd2fac7d [1ms]
2024-04-11 18:51:33.988 [info] > git show --textconv :eww/scss/workspaces.scss [8ms]
2024-04-11 18:51:33.990 [info] > git ls-files --stage -- /home/I40S/.config/eww/scss/workspaces.scss [3ms]
2024-04-11 18:51:33.995 [info] > git cat-file -s 3ac22b9163426434013de4eb8c8b7f81a9462c4e [1ms]
2024-04-11 18:52:44.836 [info] > git show --textconv :eww/scripts/colors/colors.scss [8ms]
2024-04-11 18:52:44.838 [info] > git ls-files --stage -- /home/I40S/.config/eww/scripts/colors/colors.scss [3ms]
2024-04-11 18:52:44.843 [info] > git cat-file -s 14cf1a5c843a1c5d8c2b1488a4d2170644e7c93f [1ms]
2024-04-11 18:52:46.171 [info] > git show --textconv :eww/scripts/colors/current.json [3ms]
2024-04-11 18:52:46.171 [info] > git ls-files --stage -- /home/I40S/.config/eww/scripts/colors/current.json [1ms]
2024-04-11 18:52:46.175 [info] > git cat-file -s ab5ee7e2e074345da9d925c06413d36703cbf4af [0ms]
2024-04-11 18:53:33.982 [info] > git config --local branch.main.github-pr-owner-number [2ms]
2024-04-11 18:53:33.982 [warning] git config failed: Failed to execute git
2024-04-11 18:58:33.992 [info] > git config --local branch.main.github-pr-owner-number [1ms]
2024-04-11 18:58:33.992 [warning] git config failed: Failed to execute git
