2024-04-10 10:02:39.349 [info] Log level: Info
2024-04-10 10:02:39.349 [info] Validating found git in: "git"
2024-04-10 10:02:39.349 [info] Using git "2.44.0" from "git"
2024-04-10 10:03:02.229 [info] Log level: Info
2024-04-10 10:03:02.229 [info] Validating found git in: "git"
2024-04-10 10:03:02.229 [info] Using git "2.44.0" from "git"
2024-04-10 10:03:02.229 [info] > git rev-parse --show-toplevel [1ms]
2024-04-10 10:03:02.229 [info] fatal: not a git repository (or any parent up to mount point /)
Stopping at filesystem boundary (GIT_DISCOVERY_ACROSS_FILESYSTEM not set).
2024-04-10 10:03:02.232 [info] > git rev-parse --show-toplevel [0ms]
2024-04-10 10:03:02.232 [info] fatal: not a git repository (or any parent up to mount point /)
Stopping at filesystem boundary (GIT_DISCOVERY_ACROSS_FILESYSTEM not set).
2024-04-10 10:03:02.562 [info] > git rev-parse --show-toplevel [134ms]
2024-04-10 10:03:02.562 [info] fatal: not a git repository (or any parent up to mount point /)
Stopping at filesystem boundary (GIT_DISCOVERY_ACROSS_FILESYSTEM not set).
2024-04-10 10:03:02.607 [info] > git rev-parse --show-toplevel [9ms]
2024-04-10 10:03:02.607 [info] fatal: not a git repository (or any parent up to mount point /)
Stopping at filesystem boundary (GIT_DISCOVERY_ACROSS_FILESYSTEM not set).
2024-04-10 10:03:02.685 [info] > git rev-parse --show-toplevel [1ms]
2024-04-10 10:03:02.685 [info] fatal: not a git repository (or any parent up to mount point /)
Stopping at filesystem boundary (GIT_DISCOVERY_ACROSS_FILESYSTEM not set).
