2024-04-11 08:13:08.716 [info] Log level: Info
2024-04-11 08:13:08.716 [info] Validating found git in: "git"
2024-04-11 08:13:08.716 [info] Using git "2.44.0" from "git"
2024-04-11 08:13:08.716 [info] > git rev-parse --show-toplevel [3ms]
2024-04-11 08:13:08.716 [info] > git rev-parse --git-dir --git-common-dir [2ms]
2024-04-11 08:13:08.716 [info] Open repository: /home/I40S/.config
2024-04-11 08:13:08.716 [info] > git rev-parse --show-toplevel [7ms]
2024-04-11 08:13:08.716 [info] > git config --get commit.template [11ms]
2024-04-11 08:13:08.716 [info] > git rev-parse --show-toplevel [121ms]
2024-04-11 08:13:08.716 [info] > git for-each-ref --format=%(refname)%00%(upstream:short)%00%(objectname)%00%(upstream:track)%00%(upstream:remotename)%00%(upstream:remoteref) refs/heads/main refs/remotes/main [41ms]
2024-04-11 08:13:08.716 [info] > git rev-parse --show-toplevel [130ms]
2024-04-11 08:13:08.736 [info] > git rev-parse --show-toplevel [15ms]
2024-04-11 08:13:08.750 [info] > git rev-parse --show-toplevel [3ms]
2024-04-11 08:13:08.779 [info] > git rev-parse --show-toplevel [6ms]
2024-04-11 08:13:08.858 [info] > git rev-parse --show-toplevel [75ms]
2024-04-11 08:13:08.891 [info] > git rev-parse --show-toplevel [21ms]
2024-04-11 08:13:08.952 [info] > git status -z -uall [211ms] (cancelled)
2024-04-11 08:13:08.952 [info] > git rev-parse --show-toplevel [15ms]
2024-04-11 08:13:09.022 [info] > git check-ignore -v -z --stdin [76ms]
2024-04-11 08:13:09.077 [info] > git rev-parse --show-toplevel [54ms]
2024-04-11 08:13:09.103 [info] > git rev-parse --show-toplevel [1ms]
2024-04-11 08:13:09.173 [info] > git rev-parse --show-toplevel [2ms]
2024-04-11 08:13:09.179 [info] > git rev-parse --show-toplevel [1ms]
2024-04-11 08:13:09.185 [info] > git rev-parse --show-toplevel [1ms]
2024-04-11 08:13:09.193 [info] > git rev-parse --show-toplevel [2ms]
2024-04-11 08:13:09.213 [info] > git rev-parse --show-toplevel [14ms]
2024-04-11 08:13:09.249 [info] > git rev-parse --show-toplevel [2ms]
2024-04-11 08:13:09.256 [info] > git rev-parse --show-toplevel [3ms]
2024-04-11 08:13:09.263 [info] > git rev-parse --show-toplevel [2ms]
2024-04-11 08:13:09.275 [info] > git rev-parse --show-toplevel [8ms]
2024-04-11 08:13:09.284 [info] > git rev-parse --show-toplevel [2ms]
2024-04-11 08:13:09.293 [info] > git rev-parse --show-toplevel [5ms]
2024-04-11 08:13:09.314 [info] > git rev-parse --show-toplevel [16ms]
2024-04-11 08:13:09.403 [info] > git rev-parse --show-toplevel [79ms]
2024-04-11 08:13:09.451 [info] > git rev-parse --show-toplevel [35ms]
2024-04-11 08:13:09.462 [info] > git rev-parse --show-toplevel [5ms]
2024-04-11 08:13:09.484 [info] > git rev-parse --show-toplevel [16ms]
2024-04-11 08:13:09.553 [info] > git rev-parse --show-toplevel [2ms]
2024-04-11 08:13:09.583 [info] > git rev-parse --show-toplevel [3ms]
2024-04-11 08:13:09.592 [info] > git rev-parse --show-toplevel [4ms]
2024-04-11 08:13:09.623 [info] > git rev-parse --show-toplevel [26ms]
2024-04-11 08:13:09.640 [info] > git rev-parse --show-toplevel [9ms]
2024-04-11 08:13:09.649 [info] > git rev-parse --show-toplevel [2ms]
2024-04-11 08:13:09.658 [info] > git rev-parse --show-toplevel [3ms]
2024-04-11 08:13:09.665 [info] > git rev-parse --show-toplevel [2ms]
2024-04-11 08:13:09.672 [info] > git rev-parse --show-toplevel [2ms]
2024-04-11 08:13:09.680 [info] > git rev-parse --show-toplevel [2ms]
2024-04-11 08:13:09.687 [info] > git rev-parse --show-toplevel [2ms]
2024-04-11 08:13:09.696 [info] > git rev-parse --show-toplevel [2ms]
2024-04-11 08:13:09.702 [info] > git rev-parse --show-toplevel [1ms]
2024-04-11 08:13:09.711 [info] > git rev-parse --show-toplevel [1ms]
2024-04-11 08:13:09.722 [info] > git rev-parse --show-toplevel [4ms]
2024-04-11 08:13:09.732 [info] > git rev-parse --show-toplevel [3ms]
2024-04-11 08:13:09.765 [info] > git rev-parse --show-toplevel [3ms]
2024-04-11 08:13:09.784 [info] > git rev-parse --show-toplevel [5ms]
2024-04-11 08:13:09.791 [info] > git rev-parse --show-toplevel [2ms]
2024-04-11 08:13:09.797 [info] > git rev-parse --show-toplevel [1ms]
2024-04-11 08:13:09.805 [info] > git rev-parse --show-toplevel [2ms]
2024-04-11 08:13:09.811 [info] > git rev-parse --show-toplevel [1ms]
2024-04-11 08:13:09.820 [info] > git rev-parse --show-toplevel [4ms]
2024-04-11 08:13:09.827 [info] > git rev-parse --show-toplevel [1ms]
2024-04-11 08:13:09.833 [info] > git rev-parse --show-toplevel [2ms]
2024-04-11 08:13:10.786 [info] > git show --textconv :README.md [8ms]
2024-04-11 08:13:10.787 [info] > git ls-files --stage -- /home/I40S/.config/README.md [3ms]
2024-04-11 08:13:10.794 [info] > git cat-file -s 0faa259f6fec8428ff8f650afd7e6ac0f9c31df1 [2ms]
2024-04-11 08:13:10.916 [info] > git check-ignore -v -z --stdin [8ms]
2024-04-11 08:13:12.602 [info] > git show --textconv :eww/windows.yuck [7ms]
2024-04-11 08:13:12.604 [info] > git ls-files --stage -- /home/I40S/.config/eww/windows.yuck [2ms]
2024-04-11 08:13:12.611 [info] > git cat-file -s cba89fdda7bc5a4d13db00028231cac7a930139a [1ms]
2024-04-11 08:13:19.399 [info] > git config --local branch.main.github-pr-owner-number [71ms]
2024-04-11 08:13:19.399 [warning] git config failed: Failed to execute git
2024-04-11 08:13:20.237 [info] > git merge-base refs/heads/main refs/remotes/origin/main [85ms]
2024-04-11 08:13:20.243 [info] > git config --get commit.template [7ms]
2024-04-11 08:13:20.789 [info] > git rev-list --count --left-right refs/heads/main...refs/remotes/origin/main [547ms]
2024-04-11 08:13:20.801 [info] > git for-each-ref --format=%(refname)%00%(upstream:short)%00%(objectname)%00%(upstream:track)%00%(upstream:remotename)%00%(upstream:remoteref) refs/heads/main refs/remotes/main [2ms]
2024-04-11 08:13:20.801 [info] > git diff --name-status -z --diff-filter=ADMR 136f723ef6c39fecff7d845454be1bdefdd41859...refs/remotes/origin/main [6ms]
2024-04-11 08:13:20.994 [info] > git status -z -uall [187ms] (cancelled)
2024-04-11 08:13:48.029 [info] > git check-ignore -v -z --stdin [4ms]
2024-04-11 08:13:49.943 [info] > git check-ignore -v -z --stdin [9ms]
2024-04-11 08:13:56.760 [info] > git show --textconv :eww/modules/music.yuck [8ms]
2024-04-11 08:13:56.762 [info] > git ls-files --stage -- /home/I40S/.config/eww/modules/music.yuck [3ms]
2024-04-11 08:13:56.770 [info] > git cat-file -s 7349d38f86df3b186ddd781c13640542263c4cec [2ms]
2024-04-11 08:14:50.231 [info] > git check-ignore -v -z --stdin [2ms]
2024-04-11 08:15:05.798 [info] > git show --textconv :eww/modules/powermenu.yuck [8ms]
2024-04-11 08:15:05.800 [info] > git ls-files --stage -- /home/I40S/.config/eww/modules/powermenu.yuck [3ms]
2024-04-11 08:15:05.808 [info] > git cat-file -s e0604000fe52b173c592492092c3c49fddb2c2c0 [2ms]
2024-04-11 08:16:38.468 [info] > git show --textconv :eww/modules/quick_settings.yuck [9ms]
2024-04-11 08:16:38.469 [info] > git ls-files --stage -- /home/I40S/.config/eww/modules/quick_settings.yuck [3ms]
2024-04-11 08:16:38.477 [info] > git cat-file -s af3d2e2bf7f011fb49fc2435f5867067f832d669 [2ms]
2024-04-11 08:16:48.327 [info] > git show --textconv :eww/windows.yuck [8ms]
2024-04-11 08:16:48.329 [info] > git ls-files --stage -- /home/I40S/.config/eww/windows.yuck [3ms]
2024-04-11 08:16:48.337 [info] > git cat-file -s cba89fdda7bc5a4d13db00028231cac7a930139a [2ms]
2024-04-11 08:18:09.235 [info] > git config --local branch.main.github-pr-owner-number [1ms]
2024-04-11 08:18:09.235 [warning] git config failed: Failed to execute git
2024-04-11 08:19:14.976 [info] > git show --textconv :eww/modules/music.yuck [6ms]
2024-04-11 08:19:14.978 [info] > git ls-files --stage -- /home/I40S/.config/eww/modules/music.yuck [3ms]
2024-04-11 08:19:14.986 [info] > git cat-file -s 7349d38f86df3b186ddd781c13640542263c4cec [1ms]
2024-04-11 08:23:09.246 [info] > git config --local branch.main.github-pr-owner-number [2ms]
2024-04-11 08:23:09.247 [warning] git config failed: Failed to execute git
2024-04-11 08:24:27.173 [info] > git show --textconv :eww/modules/notifications_popup.yuck [10ms]
2024-04-11 08:24:27.174 [info] > git ls-files --stage -- /home/I40S/.config/eww/modules/notifications_popup.yuck [4ms]
2024-04-11 08:24:27.182 [info] > git cat-file -s 7dde2d63544f963008f930b69d15d2b334dda9b5 [2ms]
2024-04-11 08:24:28.634 [info] > git show --textconv :eww/modules/control_center.yuck [9ms]
2024-04-11 08:24:28.635 [info] > git ls-files --stage -- /home/I40S/.config/eww/modules/control_center.yuck [2ms]
2024-04-11 08:24:28.643 [info] > git cat-file -s 09f302e0f531f7d3888f768302e8cda7147c3cde [2ms]
