2024-04-11 10:42:14.494 [info] Reading sessions from keychain...
2024-04-11 10:42:14.494 [info] Getting sessions for all scopes...
2024-04-11 10:42:14.494 [info] Getting sessions for all scopes...
2024-04-11 10:42:14.494 [info] Got stored sessions!
2024-04-11 10:42:14.494 [info] Got 1 verified sessions.
2024-04-11 10:42:14.494 [info] Got 1 sessions for ...
2024-04-11 10:42:14.494 [info] Got 1 sessions for ...
2024-04-11 10:42:14.582 [info] Getting sessions for all scopes...
2024-04-11 10:42:14.582 [info] Got 1 sessions for ...
2024-04-11 10:42:14.586 [info] Getting sessions for project,read:org,read:user,repo,user:email,workflow...
2024-04-11 10:42:14.586 [info] Got 0 sessions for project,read:org,read:user,repo,user:email,workflow...
2024-04-11 10:42:14.790 [info] Getting sessions for read:user,repo,user:email,workflow...
2024-04-11 10:42:14.790 [info] Got 1 sessions for read:user,repo,user:email,workflow...
2024-04-11 10:42:14.870 [info] Getting sessions for read:user,repo,user:email,workflow...
2024-04-11 10:42:14.870 [info] Got 1 sessions for read:user,repo,user:email,workflow...
2024-04-11 10:42:14.964 [info] Getting sessions for read:user,repo,user:email...
2024-04-11 10:42:14.964 [info] Got 0 sessions for read:user,repo,user:email...
2024-04-11 10:42:20.590 [info] Getting sessions for read:user,repo,user:email,workflow...
2024-04-11 10:42:20.590 [info] Got 1 sessions for read:user,repo,user:email,workflow...
2024-04-11 10:42:22.257 [info] Getting sessions for read:user,repo,user:email,workflow...
2024-04-11 10:42:22.257 [info] Got 1 sessions for read:user,repo,user:email,workflow...
