2024-04-10 21:55:23.860 [info] Log level: Info
2024-04-10 21:55:23.860 [info] Validating found git in: "git"
2024-04-10 21:55:23.860 [info] Using git "2.44.0" from "git"
2024-04-10 21:55:23.860 [info] > git rev-parse --show-toplevel [1ms]
2024-04-10 21:55:23.860 [info] fatal: not a git repository (or any parent up to mount point /)
Stopping at filesystem boundary (GIT_DISCOVERY_ACROSS_FILESYSTEM not set).
2024-04-10 21:55:23.860 [info] > git rev-parse --show-toplevel [2ms]
2024-04-10 21:55:23.860 [info] fatal: not a git repository (or any parent up to mount point /)
Stopping at filesystem boundary (GIT_DISCOVERY_ACROSS_FILESYSTEM not set).
2024-04-10 21:55:23.860 [info] > git rev-parse --show-toplevel [3ms]
2024-04-10 21:55:23.860 [info] fatal: not a git repository (or any parent up to mount point /)
Stopping at filesystem boundary (GIT_DISCOVERY_ACROSS_FILESYSTEM not set).
2024-04-10 21:55:24.290 [info] > git rev-parse --show-toplevel [123ms]
2024-04-10 21:55:24.290 [info] fatal: not a git repository (or any parent up to mount point /)
Stopping at filesystem boundary (GIT_DISCOVERY_ACROSS_FILESYSTEM not set).
2024-04-10 21:55:24.357 [info] > git rev-parse --show-toplevel [3ms]
2024-04-10 21:55:24.357 [info] fatal: not a git repository (or any parent up to mount point /)
Stopping at filesystem boundary (GIT_DISCOVERY_ACROSS_FILESYSTEM not set).
2024-04-10 21:55:24.775 [info] > git rev-parse --show-toplevel [1ms]
2024-04-10 21:55:24.775 [info] fatal: not a git repository (or any parent up to mount point /)
Stopping at filesystem boundary (GIT_DISCOVERY_ACROSS_FILESYSTEM not set).
2024-04-10 21:55:24.808 [info] > git rev-parse --show-toplevel [1ms]
2024-04-10 21:55:24.808 [info] fatal: not a git repository (or any parent up to mount point /)
Stopping at filesystem boundary (GIT_DISCOVERY_ACROSS_FILESYSTEM not set).
2024-04-10 21:55:32.256 [info] Log level: Info
2024-04-10 21:55:32.256 [info] Validating found git in: "git"
2024-04-10 21:55:32.256 [info] Using git "2.44.0" from "git"
2024-04-10 21:55:56.126 [info] Log level: Info
2024-04-10 21:55:56.126 [info] Validating found git in: "git"
2024-04-10 21:55:56.126 [info] Using git "2.44.0" from "git"
2024-04-10 21:55:56.126 [info] > git rev-parse --show-toplevel [5ms]
2024-04-10 21:55:56.134 [info] > git rev-parse --git-dir --git-common-dir [3ms]
2024-04-10 21:55:56.147 [info] Open repository: /home/I40S/.config
2024-04-10 21:55:56.424 [info] > git rev-parse --show-toplevel [129ms]
2024-04-10 21:55:56.425 [info] > git config --get commit.template [135ms]
2024-04-10 21:55:56.458 [info] > git rev-parse --show-toplevel [10ms]
2024-04-10 21:55:56.465 [info] > git for-each-ref --format=%(refname)%00%(upstream:short)%00%(objectname)%00%(upstream:track)%00%(upstream:remotename)%00%(upstream:remoteref) refs/heads/main refs/remotes/main [8ms]
2024-04-10 21:55:56.475 [info] > git rev-parse --show-toplevel [11ms]
2024-04-10 21:55:56.485 [info] > git rev-parse --show-toplevel [3ms]
2024-04-10 21:55:56.500 [info] > git rev-parse --show-toplevel [2ms]
2024-04-10 21:55:56.578 [info] > git rev-parse --show-toplevel [72ms]
2024-04-10 21:55:56.802 [info] > git status -z -uall [312ms] (cancelled)
2024-04-10 21:55:56.802 [info] > git rev-parse --show-toplevel [90ms]
2024-04-10 21:55:56.821 [info] > git check-ignore -v -z --stdin [13ms]
2024-04-10 21:55:56.823 [info] > git rev-parse --show-toplevel [4ms]
2024-04-10 21:55:56.871 [info] > git rev-parse --show-toplevel [22ms]
2024-04-10 21:55:56.950 [info] > git rev-parse --show-toplevel [73ms]
2024-04-10 21:55:56.984 [info] > git rev-parse --show-toplevel [28ms]
2024-04-10 21:55:56.998 [info] > git rev-parse --show-toplevel [6ms]
2024-04-10 21:55:57.014 [info] > git rev-parse --show-toplevel [10ms]
2024-04-10 21:55:57.100 [info] > git rev-parse --show-toplevel [11ms]
2024-04-10 21:55:57.108 [info] > git rev-parse --show-toplevel [3ms]
2024-04-10 21:55:57.120 [info] > git rev-parse --show-toplevel [3ms]
2024-04-10 21:55:57.127 [info] > git rev-parse --show-toplevel [3ms]
2024-04-10 21:55:57.146 [info] > git rev-parse --show-toplevel [12ms]
2024-04-10 21:55:57.153 [info] > git rev-parse --show-toplevel [1ms]
2024-04-10 21:55:57.159 [info] > git rev-parse --show-toplevel [2ms]
2024-04-10 21:55:57.176 [info] > git rev-parse --show-toplevel [11ms]
2024-04-10 21:55:57.219 [info] > git rev-parse --show-toplevel [36ms]
2024-04-10 21:55:57.283 [info] > git rev-parse --show-toplevel [26ms]
2024-04-10 21:55:57.335 [info] > git rev-parse --show-toplevel [15ms]
2024-04-10 21:55:57.450 [info] > git rev-parse --show-toplevel [102ms]
2024-04-10 21:55:57.485 [info] > git rev-parse --show-toplevel [15ms]
2024-04-10 21:55:57.492 [info] > git rev-parse --show-toplevel [1ms]
2024-04-10 21:55:57.556 [info] > git rev-parse --show-toplevel [57ms]
2024-04-10 21:55:57.575 [info] > git rev-parse --show-toplevel [2ms]
2024-04-10 21:55:57.583 [info] > git rev-parse --show-toplevel [1ms]
2024-04-10 21:55:57.594 [info] > git rev-parse --show-toplevel [6ms]
2024-04-10 21:55:57.603 [info] > git rev-parse --show-toplevel [1ms]
2024-04-10 21:55:57.611 [info] > git rev-parse --show-toplevel [2ms]
2024-04-10 21:55:57.619 [info] > git rev-parse --show-toplevel [2ms]
2024-04-10 21:55:57.627 [info] > git rev-parse --show-toplevel [2ms]
2024-04-10 21:55:57.633 [info] > git rev-parse --show-toplevel [1ms]
2024-04-10 21:55:57.641 [info] > git rev-parse --show-toplevel [2ms]
2024-04-10 21:55:57.649 [info] > git rev-parse --show-toplevel [2ms]
2024-04-10 21:55:57.656 [info] > git rev-parse --show-toplevel [1ms]
2024-04-10 21:55:57.666 [info] > git rev-parse --show-toplevel [2ms]
2024-04-10 21:55:57.675 [info] > git rev-parse --show-toplevel [2ms]
2024-04-10 21:55:57.684 [info] > git rev-parse --show-toplevel [2ms]
2024-04-10 21:55:57.697 [info] > git rev-parse --show-toplevel [8ms]
2024-04-10 21:55:57.723 [info] > git rev-parse --show-toplevel [20ms]
2024-04-10 21:55:57.731 [info] > git rev-parse --show-toplevel [2ms]
2024-04-10 21:55:57.738 [info] > git rev-parse --show-toplevel [1ms]
2024-04-10 21:55:57.747 [info] > git rev-parse --show-toplevel [2ms]
2024-04-10 21:55:57.755 [info] > git rev-parse --show-toplevel [2ms]
2024-04-10 21:55:57.764 [info] > git rev-parse --show-toplevel [2ms]
2024-04-10 21:55:57.772 [info] > git rev-parse --show-toplevel [1ms]
2024-04-10 21:55:57.779 [info] > git rev-parse --show-toplevel [2ms]
2024-04-10 21:55:57.785 [info] > git rev-parse --show-toplevel [1ms]
2024-04-10 21:55:57.790 [info] > git rev-parse --show-toplevel [1ms]
2024-04-10 21:55:57.807 [info] > git show --textconv :eww/windows.yuck [8ms]
2024-04-10 21:55:57.809 [info] > git ls-files --stage -- /home/I40S/.config/eww/windows.yuck [5ms]
2024-04-10 21:55:57.839 [info] > git cat-file -s 9762f7607e5f44a2b4c36e159f4f58f8245f683a [24ms]
2024-04-10 21:55:58.470 [info] > git config --local branch.main.github-pr-owner-number [72ms]
2024-04-10 21:55:58.470 [warning] git config failed: Failed to execute git
2024-04-10 21:55:59.995 [info] > git merge-base refs/heads/main refs/remotes/origin/main [794ms]
2024-04-10 21:56:00.003 [info] > git config --get commit.template [12ms]
2024-04-10 21:56:00.008 [info] > git rev-list --count --left-right refs/heads/main...refs/remotes/origin/main [5ms]
2024-04-10 21:56:00.019 [info] > git diff --name-status -z --diff-filter=ADMR ee2cbad79a77d2ec2a0d81e5fb79ea9b58ddb4e6...refs/remotes/origin/main [6ms]
2024-04-10 21:56:00.020 [info] > git for-each-ref --format=%(refname)%00%(upstream:short)%00%(objectname)%00%(upstream:track)%00%(upstream:remotename)%00%(upstream:remoteref) refs/heads/main refs/remotes/main [2ms]
2024-04-10 21:56:00.209 [info] > git status -z -uall [185ms] (cancelled)
2024-04-10 21:56:01.387 [info] > git check-ignore -v -z --stdin [4ms]
2024-04-10 21:56:02.042 [info] > git check-ignore -v -z --stdin [5ms]
2024-04-10 21:56:02.802 [info] > git check-ignore -v -z --stdin [8ms]
2024-04-10 21:56:05.250 [info] > git check-ignore -v -z --stdin [3ms]
2024-04-10 21:56:05.950 [info] > git show --textconv :hypr/hyprland.conf [9ms]
2024-04-10 21:56:05.952 [info] > git ls-files --stage -- /home/I40S/.config/hypr/hyprland.conf [3ms]
2024-04-10 21:56:05.960 [info] > git cat-file -s ccc76241f16955f19dc2cb47a3617efa5b64f2c4 [2ms]
2024-04-10 21:56:31.073 [info] > git check-ignore -v -z --stdin [4ms]
2024-04-10 21:56:32.089 [info] > git check-ignore -v -z --stdin [7ms]
2024-04-10 21:56:34.561 [info] > git show --textconv :dolphinrc [8ms]
2024-04-10 21:56:34.563 [info] > git ls-files --stage -- /home/I40S/.config/dolphinrc [3ms]
2024-04-10 21:56:35.235 [info] > git show --textconv :conky-manager2.json [7ms]
2024-04-10 21:56:35.236 [info] > git ls-files --stage -- /home/I40S/.config/conky-manager2.json [3ms]
2024-04-10 21:56:36.054 [info] > git check-ignore -v -z --stdin [4ms]
2024-04-10 21:56:38.471 [info] > git check-ignore -v -z --stdin [5ms]
2024-04-10 21:56:39.816 [info] > git check-ignore -v -z --stdin [5ms]
2024-04-10 21:57:10.697 [info] > git ls-files --stage -- /home/I40S/.config/dolphinrc [8ms]
2024-04-10 21:57:10.698 [info] > git ls-files --stage -- /home/I40S/.config/hypr/hyprland.conf [16ms]
2024-04-10 21:57:10.705 [info] > git ls-files --stage -- /home/I40S/.config/eww/windows.yuck [32ms]
2024-04-10 21:57:10.712 [info] > git cat-file -s ccc76241f16955f19dc2cb47a3617efa5b64f2c4 [8ms]
2024-04-10 21:57:10.713 [info] > git ls-files --stage -- /home/I40S/.config/conky-manager2.json [18ms]
2024-04-10 21:57:10.721 [info] > git cat-file -s 9762f7607e5f44a2b4c36e159f4f58f8245f683a [10ms]
2024-04-10 21:57:10.737 [info] > git show --textconv :dolphinrc [16ms]
2024-04-10 21:57:10.737 [info] > git show --textconv :hypr/hyprland.conf [8ms]
2024-04-10 21:57:10.746 [info] > git show --textconv :conky-manager2.json [10ms]
2024-04-10 21:57:10.749 [info] > git show --textconv :eww/windows.yuck [3ms]
2024-04-10 21:57:41.873 [info] > git ls-files --stage -- /home/I40S/.config/dolphinrc [10ms]
2024-04-10 21:57:41.874 [info] > git ls-files --stage -- /home/I40S/.config/hypr/hyprland.conf [18ms]
2024-04-10 21:57:41.881 [info] > git ls-files --stage -- /home/I40S/.config/eww/windows.yuck [33ms]
2024-04-10 21:57:41.889 [info] > git cat-file -s ccc76241f16955f19dc2cb47a3617efa5b64f2c4 [8ms]
2024-04-10 21:57:41.890 [info] > git ls-files --stage -- /home/I40S/.config/conky-manager2.json [18ms]
2024-04-10 21:57:41.898 [info] > git cat-file -s cba89fdda7bc5a4d13db00028231cac7a930139a [10ms]
2024-04-10 21:57:41.914 [info] > git show --textconv :dolphinrc [17ms]
2024-04-10 21:57:41.915 [info] > git show --textconv :hypr/hyprland.conf [10ms]
2024-04-10 21:57:41.925 [info] > git show --textconv :conky-manager2.json [12ms]
2024-04-10 21:57:41.927 [info] > git show --textconv :eww/windows.yuck [3ms]
2024-04-10 21:57:51.586 [info] > git ls-files --stage -- /home/I40S/.config/eww/windows.yuck [1ms]
2024-04-10 21:57:51.625 [info] > git ls-files --stage -- /home/I40S/.config/dolphinrc [16ms]
2024-04-10 21:57:51.626 [info] > git ls-files --stage -- /home/I40S/.config/hypr/hyprland.conf [26ms]
2024-04-10 21:57:51.638 [info] > git cat-file -s cba89fdda7bc5a4d13db00028231cac7a930139a [46ms]
2024-04-10 21:57:51.648 [info] > git cat-file -s ccc76241f16955f19dc2cb47a3617efa5b64f2c4 [11ms]
2024-04-10 21:57:51.649 [info] > git ls-files --stage -- /home/I40S/.config/conky-manager2.json [29ms]
2024-04-10 21:57:51.715 [info] > git show --textconv :dolphinrc [29ms]
2024-04-10 21:57:51.715 [info] > git show --textconv :eww/windows.yuck [22ms]
2024-04-10 21:57:51.715 [info] > git show --textconv :hypr/hyprland.conf [9ms]
2024-04-10 21:57:51.716 [info] > git show --textconv :conky-manager2.json [3ms]
2024-04-10 21:58:20.570 [info] > git ls-files --stage -- /home/I40S/.config/hypr/hyprland.conf [7ms]
2024-04-10 21:58:20.577 [info] > git ls-files --stage -- /home/I40S/.config/eww/windows.yuck [21ms]
2024-04-10 21:58:20.592 [info] > git cat-file -s cba89fdda7bc5a4d13db00028231cac7a930139a [8ms]
2024-04-10 21:58:20.592 [info] > git cat-file -s ccc76241f16955f19dc2cb47a3617efa5b64f2c4 [16ms]
2024-04-10 21:58:20.593 [info] > git ls-files --stage -- /home/I40S/.config/dolphinrc [23ms]
2024-04-10 21:58:20.594 [info] > git ls-files --stage -- /home/I40S/.config/conky-manager2.json [5ms]
2024-04-10 21:58:20.609 [info] > git show --textconv :eww/windows.yuck [8ms]
2024-04-10 21:58:20.626 [info] > git show --textconv :hypr/hyprland.conf [18ms]
2024-04-10 21:58:20.626 [info] > git show --textconv :dolphinrc [9ms]
2024-04-10 21:58:20.628 [info] > git show --textconv :conky-manager2.json [3ms]
