2024-04-30 15:31:10.872 [info] Reading sessions from keychain...
2024-04-30 15:31:10.872 [info] Getting sessions for all scopes...
2024-04-30 15:31:10.872 [info] Getting sessions for all scopes...
2024-04-30 15:31:10.872 [info] Got stored sessions!
2024-04-30 15:31:10.872 [info] Got 1 verified sessions.
2024-04-30 15:31:10.872 [info] Got 1 sessions for ...
2024-04-30 15:31:10.872 [info] Got 1 sessions for ...
2024-04-30 15:31:11.037 [info] Getting sessions for all scopes...
2024-04-30 15:31:11.037 [info] Got 1 sessions for ...
2024-04-30 15:31:11.047 [info] Getting sessions for all scopes...
2024-04-30 15:31:11.047 [info] Got 1 sessions for ...
2024-04-30 15:31:11.182 [info] Getting sessions for project,read:org,read:user,repo,user:email,workflow...
2024-04-30 15:31:11.183 [info] Got 0 sessions for project,read:org,read:user,repo,user:email,workflow...
2024-04-30 15:31:11.616 [info] Getting sessions for read:user,repo,user:email,workflow...
2024-04-30 15:31:11.616 [info] Got 1 sessions for read:user,repo,user:email,workflow...
2024-04-30 15:31:12.442 [info] Getting sessions for read:user,repo,user:email...
2024-04-30 15:31:12.443 [info] Got 0 sessions for read:user,repo,user:email...
2024-04-30 15:31:12.751 [info] Getting sessions for read:user,repo,user:email,workflow...
2024-04-30 15:31:12.751 [info] Got 1 sessions for read:user,repo,user:email,workflow...
2024-04-30 15:31:42.390 [info] Getting sessions for read:user,repo,user:email,workflow...
2024-04-30 15:31:42.390 [info] Got 1 sessions for read:user,repo,user:email,workflow...
2024-04-30 15:31:43.226 [info] Getting sessions for read:user,repo,user:email,workflow...
2024-04-30 15:31:43.226 [info] Got 1 sessions for read:user,repo,user:email,workflow...
