2024-04-10 19:47:33.587 [info] Added views:workbench.panel.markers.view in workbench.panel.markers
2024-04-10 19:47:33.588 [info] Added views:workbench.panel.output in workbench.panel.output
2024-04-10 19:47:33.588 [info] Added views:terminal in terminal
2024-04-10 19:47:33.588 [info] Added views:outline in workbench.view.explorer
2024-04-10 19:47:33.588 [info] Added views:workbench.scm in workbench.view.scm
2024-04-10 19:47:33.588 [info] Added views:workbench.view.search in workbench.view.search
2024-04-10 19:47:33.588 [info] Added views:timeline in workbench.view.explorer
2024-04-10 19:47:33.588 [info] Added views:workbench.explorer.openEditorsView,workbench.explorer.fileView in workbench.view.explorer
2024-04-10 19:47:33.897 [info] Added views:workbench.debug.welcome in workbench.view.debug
2024-04-10 19:47:34.060 [info] Added views:gitlens.views.home,gitlens.views.workspaces,gitlens.views.account in workbench.view.extension.gitlens
2024-04-10 19:47:34.061 [info] Added views:gitlens.views.commitDetails,gitlens.views.lineHistory,gitlens.views.fileHistory,gitlens.views.searchAndCompare in workbench.view.extension.gitlensInspect
2024-04-10 19:47:34.061 [info] Added views:gitlens.views.commits,gitlens.views.branches,gitlens.views.remotes,gitlens.views.stashes,gitlens.views.tags,gitlens.views.contributors in workbench.view.scm
2024-04-10 19:47:34.062 [info] Added views:pr:github,issues:github in workbench.view.extension.github-pull-requests
2024-04-10 19:47:34.063 [info] Added views:liveshare.session in workbench.view.extension.liveshare
2024-04-10 19:47:34.426 [info] Added views:workbench.panel.repl.view in workbench.panel.repl
2024-04-10 19:47:34.839 [info] Removed views:gitlens.views.searchAndCompare,gitlens.views.fileHistory,gitlens.views.lineHistory,gitlens.views.commitDetails from workbench.view.extension.gitlensInspect
2024-04-10 19:47:34.842 [info] Removed views:gitlens.views.contributors,gitlens.views.tags,gitlens.views.stashes,gitlens.views.remotes,gitlens.views.branches,gitlens.views.commits from workbench.view.scm
2024-04-10 19:47:34.954 [info] Added views:gitlens.views.drafts in workbench.view.extension.gitlens
2024-04-10 19:47:34.972 [info] Added views:petsView in workbench.view.explorer
2024-04-10 19:47:35.340 [info] Added views:~remote.forwardedPorts in ~remote.forwardedPortsContainer
2024-04-10 19:47:57.413 [info] Added views:workbench.panel.markers.view in workbench.panel.markers
2024-04-10 19:47:57.413 [info] Added views:workbench.panel.output in workbench.panel.output
2024-04-10 19:47:57.413 [info] Added views:terminal in terminal
2024-04-10 19:47:57.413 [info] Added views:outline in workbench.view.explorer
2024-04-10 19:47:57.413 [info] Added views:workbench.scm in workbench.view.scm
2024-04-10 19:47:57.413 [info] Added views:workbench.view.search in workbench.view.search
2024-04-10 19:47:57.413 [info] Added views:timeline in workbench.view.explorer
2024-04-10 19:47:57.413 [info] Added views:workbench.explorer.openEditorsView,workbench.explorer.fileView in workbench.view.explorer
2024-04-10 19:47:57.721 [info] Added views:gitlens.views.home,gitlens.views.workspaces,gitlens.views.account in workbench.view.extension.gitlens
2024-04-10 19:47:57.722 [info] Added views:gitlens.views.commitDetails,gitlens.views.lineHistory,gitlens.views.fileHistory,gitlens.views.searchAndCompare in workbench.view.extension.gitlensInspect
2024-04-10 19:47:57.723 [info] Added views:gitlens.views.commits,gitlens.views.branches,gitlens.views.remotes,gitlens.views.stashes,gitlens.views.tags,gitlens.views.contributors in workbench.view.scm
2024-04-10 19:47:57.723 [info] Added views:pr:github,issues:github in workbench.view.extension.github-pull-requests
2024-04-10 19:47:57.724 [info] Added views:liveshare.session in workbench.view.extension.liveshare
2024-04-10 19:47:58.073 [info] Added views:workbench.debug.variablesView,workbench.debug.watchExpressionsView,workbench.debug.callStackView,workbench.debug.breakPointsView in workbench.view.debug
2024-04-10 19:47:58.087 [info] Added views:workbench.panel.repl.view in workbench.panel.repl
2024-04-10 19:47:58.088 [info] Removed views:workbench.debug.breakPointsView,workbench.debug.callStackView,workbench.debug.watchExpressionsView,workbench.debug.variablesView from workbench.view.debug
2024-04-10 19:47:58.089 [info] Added views:workbench.debug.welcome in workbench.view.debug
2024-04-10 19:47:58.418 [info] Removed views:gitlens.views.searchAndCompare,gitlens.views.fileHistory,gitlens.views.lineHistory,gitlens.views.commitDetails from workbench.view.extension.gitlensInspect
2024-04-10 19:47:58.420 [info] Removed views:gitlens.views.contributors,gitlens.views.tags,gitlens.views.stashes,gitlens.views.remotes,gitlens.views.branches,gitlens.views.commits from workbench.view.scm
2024-04-10 19:47:58.513 [info] Added views:gitlens.views.drafts in workbench.view.extension.gitlens
2024-04-10 19:47:58.528 [info] Added views:petsView in workbench.view.explorer
2024-04-10 19:47:58.661 [info] Added views:~remote.forwardedPorts in ~remote.forwardedPortsContainer
