2024-04-10 10:22:59.271 [info] Log level: Info
2024-04-10 10:22:59.271 [info] Validating found git in: "git"
2024-04-10 10:22:59.271 [info] Using git "2.44.0" from "git"
2024-04-10 10:23:15.514 [info] Log level: Info
2024-04-10 10:23:15.514 [info] Validating found git in: "git"
2024-04-10 10:23:15.514 [info] Using git "2.44.0" from "git"
2024-04-10 10:23:15.516 [info] > git rev-parse --show-toplevel [2ms]
2024-04-10 10:23:15.516 [info] fatal: not a git repository (or any parent up to mount point /)
Stopping at filesystem boundary (GIT_DISCOVERY_ACROSS_FILESYSTEM not set).
2024-04-10 10:23:15.523 [info] > git rev-parse --show-toplevel [1ms]
2024-04-10 10:23:15.523 [info] fatal: not a git repository (or any parent up to mount point /)
Stopping at filesystem boundary (GIT_DISCOVERY_ACROSS_FILESYSTEM not set).
2024-04-10 10:23:15.534 [info] > git rev-parse --show-toplevel [7ms]
2024-04-10 10:23:15.534 [info] fatal: not a git repository (or any parent up to mount point /)
Stopping at filesystem boundary (GIT_DISCOVERY_ACROSS_FILESYSTEM not set).
2024-04-10 10:23:15.541 [info] > git rev-parse --show-toplevel [2ms]
2024-04-10 10:23:15.541 [info] fatal: not a git repository (or any parent up to mount point /)
Stopping at filesystem boundary (GIT_DISCOVERY_ACROSS_FILESYSTEM not set).
2024-04-10 10:23:15.551 [info] > git rev-parse --show-toplevel [2ms]
2024-04-10 10:23:15.551 [info] fatal: not a git repository (or any parent up to mount point /)
Stopping at filesystem boundary (GIT_DISCOVERY_ACROSS_FILESYSTEM not set).
2024-04-10 10:23:15.662 [info] > git rev-parse --show-toplevel [105ms]
2024-04-10 10:23:15.662 [info] fatal: not a git repository (or any parent up to mount point /)
Stopping at filesystem boundary (GIT_DISCOVERY_ACROSS_FILESYSTEM not set).
2024-04-10 10:23:15.793 [info] > git rev-parse --show-toplevel [23ms]
2024-04-10 10:23:15.794 [info] fatal: not a git repository (or any parent up to mount point /)
Stopping at filesystem boundary (GIT_DISCOVERY_ACROSS_FILESYSTEM not set).
2024-04-10 10:23:15.809 [info] > git rev-parse --show-toplevel [6ms]
2024-04-10 10:23:15.809 [info] fatal: not a git repository (or any parent up to mount point /)
Stopping at filesystem boundary (GIT_DISCOVERY_ACROSS_FILESYSTEM not set).
2024-04-10 10:23:15.940 [info] > git rev-parse --show-toplevel [14ms]
2024-04-10 10:23:15.940 [info] fatal: not a git repository (or any parent up to mount point /)
Stopping at filesystem boundary (GIT_DISCOVERY_ACROSS_FILESYSTEM not set).
2024-04-10 10:23:16.005 [info] > git rev-parse --show-toplevel [58ms]
2024-04-10 10:23:16.005 [info] fatal: not a git repository (or any parent up to mount point /)
Stopping at filesystem boundary (GIT_DISCOVERY_ACROSS_FILESYSTEM not set).
2024-04-10 10:23:16.083 [info] > git rev-parse --show-toplevel [68ms]
2024-04-10 10:23:16.083 [info] fatal: not a git repository (or any parent up to mount point /)
Stopping at filesystem boundary (GIT_DISCOVERY_ACROSS_FILESYSTEM not set).
2024-04-10 10:23:16.092 [info] > git rev-parse --show-toplevel [3ms]
2024-04-10 10:23:16.092 [info] fatal: not a git repository (or any parent up to mount point /)
Stopping at filesystem boundary (GIT_DISCOVERY_ACROSS_FILESYSTEM not set).
2024-04-10 10:23:16.121 [info] > git rev-parse --show-toplevel [24ms]
2024-04-10 10:23:16.121 [info] fatal: not a git repository (or any parent up to mount point /)
Stopping at filesystem boundary (GIT_DISCOVERY_ACROSS_FILESYSTEM not set).
2024-04-10 10:23:16.199 [info] > git rev-parse --show-toplevel [2ms]
2024-04-10 10:23:16.199 [info] fatal: not a git repository (or any parent up to mount point /)
Stopping at filesystem boundary (GIT_DISCOVERY_ACROSS_FILESYSTEM not set).
2024-04-10 10:23:16.229 [info] > git rev-parse --show-toplevel [3ms]
2024-04-10 10:23:16.229 [info] fatal: not a git repository (or any parent up to mount point /)
Stopping at filesystem boundary (GIT_DISCOVERY_ACROSS_FILESYSTEM not set).
2024-04-10 10:23:16.237 [info] > git rev-parse --show-toplevel [3ms]
2024-04-10 10:23:16.237 [info] fatal: not a git repository (or any parent up to mount point /)
Stopping at filesystem boundary (GIT_DISCOVERY_ACROSS_FILESYSTEM not set).
2024-04-10 10:23:16.255 [info] > git rev-parse --show-toplevel [14ms]
2024-04-10 10:23:16.255 [info] fatal: not a git repository (or any parent up to mount point /)
Stopping at filesystem boundary (GIT_DISCOVERY_ACROSS_FILESYSTEM not set).
2024-04-10 10:23:16.324 [info] > git rev-parse --show-toplevel [29ms]
2024-04-10 10:23:16.324 [info] fatal: not a git repository (or any parent up to mount point /)
Stopping at filesystem boundary (GIT_DISCOVERY_ACROSS_FILESYSTEM not set).
2024-04-10 10:23:16.345 [info] > git rev-parse --show-toplevel [3ms]
2024-04-10 10:23:16.345 [info] fatal: not a git repository (or any parent up to mount point /)
Stopping at filesystem boundary (GIT_DISCOVERY_ACROSS_FILESYSTEM not set).
2024-04-10 10:23:16.377 [info] > git rev-parse --show-toplevel [17ms]
2024-04-10 10:23:16.377 [info] fatal: not a git repository (or any parent up to mount point /)
Stopping at filesystem boundary (GIT_DISCOVERY_ACROSS_FILESYSTEM not set).
2024-04-10 10:23:16.407 [info] > git rev-parse --show-toplevel [24ms]
2024-04-10 10:23:16.407 [info] fatal: not a git repository (or any parent up to mount point /)
Stopping at filesystem boundary (GIT_DISCOVERY_ACROSS_FILESYSTEM not set).
2024-04-10 10:23:16.416 [info] > git rev-parse --show-toplevel [2ms]
2024-04-10 10:23:16.416 [info] fatal: not a git repository (or any parent up to mount point /)
Stopping at filesystem boundary (GIT_DISCOVERY_ACROSS_FILESYSTEM not set).
2024-04-10 10:23:16.424 [info] > git rev-parse --show-toplevel [1ms]
2024-04-10 10:23:16.424 [info] fatal: not a git repository (or any parent up to mount point /)
Stopping at filesystem boundary (GIT_DISCOVERY_ACROSS_FILESYSTEM not set).
2024-04-10 10:23:16.443 [info] > git rev-parse --show-toplevel [5ms]
2024-04-10 10:23:16.443 [info] fatal: not a git repository (or any parent up to mount point /)
Stopping at filesystem boundary (GIT_DISCOVERY_ACROSS_FILESYSTEM not set).
2024-04-10 10:23:16.505 [info] > git rev-parse --show-toplevel [8ms]
2024-04-10 10:23:16.505 [info] fatal: not a git repository (or any parent up to mount point /)
Stopping at filesystem boundary (GIT_DISCOVERY_ACROSS_FILESYSTEM not set).
2024-04-10 10:23:16.516 [info] > git rev-parse --show-toplevel [5ms]
2024-04-10 10:23:16.516 [info] fatal: not a git repository (or any parent up to mount point /)
Stopping at filesystem boundary (GIT_DISCOVERY_ACROSS_FILESYSTEM not set).
2024-04-10 10:23:16.523 [info] > git rev-parse --show-toplevel [1ms]
2024-04-10 10:23:16.523 [info] fatal: not a git repository (or any parent up to mount point /)
Stopping at filesystem boundary (GIT_DISCOVERY_ACROSS_FILESYSTEM not set).
2024-04-10 10:23:16.532 [info] > git rev-parse --show-toplevel [4ms]
2024-04-10 10:23:16.532 [info] fatal: not a git repository (or any parent up to mount point /)
Stopping at filesystem boundary (GIT_DISCOVERY_ACROSS_FILESYSTEM not set).
2024-04-10 10:23:16.556 [info] > git rev-parse --show-toplevel [17ms]
2024-04-10 10:23:16.556 [info] fatal: not a git repository (or any parent up to mount point /)
Stopping at filesystem boundary (GIT_DISCOVERY_ACROSS_FILESYSTEM not set).
2024-04-10 10:23:16.563 [info] > git rev-parse --show-toplevel [3ms]
2024-04-10 10:23:16.563 [info] fatal: not a git repository (or any parent up to mount point /)
Stopping at filesystem boundary (GIT_DISCOVERY_ACROSS_FILESYSTEM not set).
2024-04-10 10:23:16.571 [info] > git rev-parse --show-toplevel [1ms]
2024-04-10 10:23:16.571 [info] fatal: not a git repository (or any parent up to mount point /)
Stopping at filesystem boundary (GIT_DISCOVERY_ACROSS_FILESYSTEM not set).
2024-04-10 10:23:16.576 [info] > git rev-parse --show-toplevel [1ms]
2024-04-10 10:23:16.576 [info] fatal: not a git repository (or any parent up to mount point /)
Stopping at filesystem boundary (GIT_DISCOVERY_ACROSS_FILESYSTEM not set).
2024-04-10 10:23:16.625 [info] > git rev-parse --show-toplevel [46ms]
2024-04-10 10:23:16.625 [info] fatal: not a git repository (or any parent up to mount point /)
Stopping at filesystem boundary (GIT_DISCOVERY_ACROSS_FILESYSTEM not set).
2024-04-10 10:23:16.633 [info] > git rev-parse --show-toplevel [5ms]
2024-04-10 10:23:16.633 [info] fatal: not a git repository (or any parent up to mount point /)
Stopping at filesystem boundary (GIT_DISCOVERY_ACROSS_FILESYSTEM not set).
2024-04-10 10:23:16.638 [info] > git rev-parse --show-toplevel [1ms]
2024-04-10 10:23:16.638 [info] fatal: not a git repository (or any parent up to mount point /)
Stopping at filesystem boundary (GIT_DISCOVERY_ACROSS_FILESYSTEM not set).
2024-04-10 10:23:16.642 [info] > git rev-parse --show-toplevel [1ms]
2024-04-10 10:23:16.642 [info] fatal: not a git repository (or any parent up to mount point /)
Stopping at filesystem boundary (GIT_DISCOVERY_ACROSS_FILESYSTEM not set).
2024-04-10 10:23:16.647 [info] > git rev-parse --show-toplevel [0ms]
2024-04-10 10:23:16.647 [info] fatal: not a git repository (or any parent up to mount point /)
Stopping at filesystem boundary (GIT_DISCOVERY_ACROSS_FILESYSTEM not set).
2024-04-10 10:23:16.651 [info] > git rev-parse --show-toplevel [1ms]
2024-04-10 10:23:16.651 [info] fatal: not a git repository (or any parent up to mount point /)
Stopping at filesystem boundary (GIT_DISCOVERY_ACROSS_FILESYSTEM not set).
2024-04-10 10:23:16.655 [info] > git rev-parse --show-toplevel [1ms]
2024-04-10 10:23:16.655 [info] fatal: not a git repository (or any parent up to mount point /)
Stopping at filesystem boundary (GIT_DISCOVERY_ACROSS_FILESYSTEM not set).
2024-04-10 10:23:16.660 [info] > git rev-parse --show-toplevel [1ms]
2024-04-10 10:23:16.660 [info] fatal: not a git repository (or any parent up to mount point /)
Stopping at filesystem boundary (GIT_DISCOVERY_ACROSS_FILESYSTEM not set).
2024-04-10 10:23:16.666 [info] > git rev-parse --show-toplevel [1ms]
2024-04-10 10:23:16.666 [info] fatal: not a git repository (or any parent up to mount point /)
Stopping at filesystem boundary (GIT_DISCOVERY_ACROSS_FILESYSTEM not set).
2024-04-10 10:23:16.671 [info] > git rev-parse --show-toplevel [1ms]
2024-04-10 10:23:16.671 [info] fatal: not a git repository (or any parent up to mount point /)
Stopping at filesystem boundary (GIT_DISCOVERY_ACROSS_FILESYSTEM not set).
2024-04-10 10:23:16.678 [info] > git rev-parse --show-toplevel [3ms]
2024-04-10 10:23:16.678 [info] fatal: not a git repository (or any parent up to mount point /)
Stopping at filesystem boundary (GIT_DISCOVERY_ACROSS_FILESYSTEM not set).
2024-04-10 10:23:16.683 [info] > git rev-parse --show-toplevel [1ms]
2024-04-10 10:23:16.683 [info] fatal: not a git repository (or any parent up to mount point /)
Stopping at filesystem boundary (GIT_DISCOVERY_ACROSS_FILESYSTEM not set).
2024-04-10 10:23:16.688 [info] > git rev-parse --show-toplevel [1ms]
2024-04-10 10:23:16.688 [info] fatal: not a git repository (or any parent up to mount point /)
Stopping at filesystem boundary (GIT_DISCOVERY_ACROSS_FILESYSTEM not set).
2024-04-10 10:23:16.693 [info] > git rev-parse --show-toplevel [1ms]
2024-04-10 10:23:16.693 [info] fatal: not a git repository (or any parent up to mount point /)
Stopping at filesystem boundary (GIT_DISCOVERY_ACROSS_FILESYSTEM not set).
2024-04-10 10:23:16.698 [info] > git rev-parse --show-toplevel [2ms]
2024-04-10 10:23:16.698 [info] fatal: not a git repository (or any parent up to mount point /)
Stopping at filesystem boundary (GIT_DISCOVERY_ACROSS_FILESYSTEM not set).
2024-04-10 10:23:16.704 [info] > git rev-parse --show-toplevel [2ms]
2024-04-10 10:23:16.704 [info] fatal: not a git repository (or any parent up to mount point /)
Stopping at filesystem boundary (GIT_DISCOVERY_ACROSS_FILESYSTEM not set).
2024-04-10 10:23:16.708 [info] > git rev-parse --show-toplevel [1ms]
2024-04-10 10:23:16.709 [info] fatal: not a git repository (or any parent up to mount point /)
Stopping at filesystem boundary (GIT_DISCOVERY_ACROSS_FILESYSTEM not set).
2024-04-10 10:23:16.714 [info] > git rev-parse --show-toplevel [2ms]
2024-04-10 10:23:16.714 [info] fatal: not a git repository (or any parent up to mount point /)
Stopping at filesystem boundary (GIT_DISCOVERY_ACROSS_FILESYSTEM not set).
2024-04-10 10:23:16.719 [info] > git rev-parse --show-toplevel [1ms]
2024-04-10 10:23:16.719 [info] fatal: not a git repository (or any parent up to mount point /)
Stopping at filesystem boundary (GIT_DISCOVERY_ACROSS_FILESYSTEM not set).
2024-04-10 10:23:16.724 [info] > git rev-parse --show-toplevel [1ms]
2024-04-10 10:23:16.724 [info] fatal: not a git repository (or any parent up to mount point /)
Stopping at filesystem boundary (GIT_DISCOVERY_ACROSS_FILESYSTEM not set).
2024-04-10 10:23:16.731 [info] > git rev-parse --show-toplevel [3ms]
2024-04-10 10:23:16.731 [info] fatal: not a git repository (or any parent up to mount point /)
Stopping at filesystem boundary (GIT_DISCOVERY_ACROSS_FILESYSTEM not set).
2024-04-10 10:23:16.737 [info] > git rev-parse --show-toplevel [2ms]
2024-04-10 10:23:16.737 [info] fatal: not a git repository (or any parent up to mount point /)
Stopping at filesystem boundary (GIT_DISCOVERY_ACROSS_FILESYSTEM not set).
2024-04-10 10:23:16.746 [info] > git rev-parse --show-toplevel [2ms]
2024-04-10 10:23:16.746 [info] fatal: not a git repository (or any parent up to mount point /)
Stopping at filesystem boundary (GIT_DISCOVERY_ACROSS_FILESYSTEM not set).
2024-04-10 10:23:16.753 [info] > git rev-parse --show-toplevel [1ms]
2024-04-10 10:23:16.753 [info] fatal: not a git repository (or any parent up to mount point /)
Stopping at filesystem boundary (GIT_DISCOVERY_ACROSS_FILESYSTEM not set).
2024-04-10 10:23:16.760 [info] > git rev-parse --show-toplevel [2ms]
2024-04-10 10:23:16.760 [info] fatal: not a git repository (or any parent up to mount point /)
Stopping at filesystem boundary (GIT_DISCOVERY_ACROSS_FILESYSTEM not set).
2024-04-10 10:23:20.471 [info] > git rev-parse --show-toplevel [1ms]
2024-04-10 10:23:20.472 [info] fatal: not a git repository (or any parent up to mount point /)
Stopping at filesystem boundary (GIT_DISCOVERY_ACROSS_FILESYSTEM not set).
2024-04-10 10:23:23.467 [info] > git rev-parse --show-toplevel [2ms]
2024-04-10 10:23:23.467 [info] fatal: not a git repository (or any parent up to mount point /)
Stopping at filesystem boundary (GIT_DISCOVERY_ACROSS_FILESYSTEM not set).
2024-04-10 10:23:24.496 [info] > git rev-parse --show-toplevel [1ms]
2024-04-10 10:23:24.496 [info] fatal: not a git repository (or any parent up to mount point /)
Stopping at filesystem boundary (GIT_DISCOVERY_ACROSS_FILESYSTEM not set).
2024-04-10 10:23:27.681 [info] > git rev-parse --show-toplevel [2ms]
2024-04-10 10:23:27.681 [info] fatal: not a git repository (or any parent up to mount point /)
Stopping at filesystem boundary (GIT_DISCOVERY_ACROSS_FILESYSTEM not set).
2024-04-10 10:23:28.022 [info] > git rev-parse --show-toplevel [1ms]
2024-04-10 10:23:28.022 [info] fatal: not a git repository (or any parent up to mount point /)
Stopping at filesystem boundary (GIT_DISCOVERY_ACROSS_FILESYSTEM not set).
2024-04-10 10:23:28.513 [info] > git rev-parse --show-toplevel [1ms]
2024-04-10 10:23:28.513 [info] fatal: not a git repository (or any parent up to mount point /)
Stopping at filesystem boundary (GIT_DISCOVERY_ACROSS_FILESYSTEM not set).
2024-04-10 10:23:31.464 [info] > git rev-parse --show-toplevel [1ms]
2024-04-10 10:23:31.464 [info] fatal: not a git repository (or any parent up to mount point /)
Stopping at filesystem boundary (GIT_DISCOVERY_ACROSS_FILESYSTEM not set).
2024-04-10 10:23:31.940 [info] > git rev-parse --show-toplevel [2ms]
2024-04-10 10:23:31.940 [info] fatal: not a git repository (or any parent up to mount point /)
Stopping at filesystem boundary (GIT_DISCOVERY_ACROSS_FILESYSTEM not set).
2024-04-10 10:23:57.465 [info] > git rev-parse --show-toplevel [2ms]
2024-04-10 10:23:57.465 [info] fatal: not a git repository (or any parent up to mount point /)
Stopping at filesystem boundary (GIT_DISCOVERY_ACROSS_FILESYSTEM not set).
