2024-04-10 21:55:24.360 [info] Reading sessions from keychain...
2024-04-10 21:55:24.360 [info] Getting sessions for all scopes...
2024-04-10 21:55:24.360 [info] Getting sessions for all scopes...
2024-04-10 21:55:24.360 [info] Got stored sessions!
2024-04-10 21:55:24.360 [info] Got 1 verified sessions.
2024-04-10 21:55:24.360 [info] Got 1 sessions for ...
2024-04-10 21:55:24.360 [info] Got 1 sessions for ...
2024-04-10 21:55:24.499 [info] Getting sessions for all scopes...
2024-04-10 21:55:24.499 [info] Got 1 sessions for ...
2024-04-10 21:55:24.542 [info] Getting sessions for project,read:org,read:user,repo,user:email,workflow...
2024-04-10 21:55:24.542 [info] Got 0 sessions for project,read:org,read:user,repo,user:email,workflow...
2024-04-10 21:55:24.642 [info] Getting sessions for read:user,repo,user:email,workflow...
2024-04-10 21:55:24.642 [info] Got 1 sessions for read:user,repo,user:email,workflow...
2024-04-10 21:55:24.720 [info] Getting sessions for read:user,repo,user:email,workflow...
2024-04-10 21:55:24.720 [info] Got 1 sessions for read:user,repo,user:email,workflow...
2024-04-10 21:55:24.754 [info] Getting sessions for all scopes...
2024-04-10 21:55:24.754 [info] Got 1 sessions for ...
2024-04-10 21:55:32.591 [info] Reading sessions from keychain...
2024-04-10 21:55:32.591 [info] Getting sessions for all scopes...
2024-04-10 21:55:32.591 [info] Getting sessions for all scopes...
2024-04-10 21:55:32.591 [info] Got stored sessions!
2024-04-10 21:55:32.591 [info] Got 1 verified sessions.
2024-04-10 21:55:32.591 [info] Got 1 sessions for ...
2024-04-10 21:55:32.591 [info] Got 1 sessions for ...
2024-04-10 21:55:32.671 [info] Getting sessions for all scopes...
2024-04-10 21:55:32.671 [info] Got 1 sessions for ...
2024-04-10 21:55:32.684 [info] Getting sessions for project,read:org,read:user,repo,user:email,workflow...
2024-04-10 21:55:32.684 [info] Got 0 sessions for project,read:org,read:user,repo,user:email,workflow...
2024-04-10 21:55:32.776 [info] Getting sessions for read:user,repo,user:email,workflow...
2024-04-10 21:55:32.776 [info] Got 1 sessions for read:user,repo,user:email,workflow...
2024-04-10 21:55:32.838 [info] Getting sessions for read:user,repo,user:email,workflow...
2024-04-10 21:55:32.838 [info] Got 1 sessions for read:user,repo,user:email,workflow...
2024-04-10 21:55:56.823 [info] Reading sessions from keychain...
2024-04-10 21:55:56.823 [info] Getting sessions for all scopes...
2024-04-10 21:55:56.823 [info] Getting sessions for all scopes...
2024-04-10 21:55:56.823 [info] Got stored sessions!
2024-04-10 21:55:56.823 [info] Got 1 verified sessions.
2024-04-10 21:55:56.823 [info] Got 1 sessions for ...
2024-04-10 21:55:56.823 [info] Got 1 sessions for ...
2024-04-10 21:55:56.985 [info] Getting sessions for all scopes...
2024-04-10 21:55:56.985 [info] Got 1 sessions for ...
2024-04-10 21:55:57.004 [info] Getting sessions for project,read:org,read:user,repo,user:email,workflow...
2024-04-10 21:55:57.004 [info] Got 0 sessions for project,read:org,read:user,repo,user:email,workflow...
2024-04-10 21:55:57.040 [info] Getting sessions for all scopes...
2024-04-10 21:55:57.040 [info] Got 1 sessions for ...
2024-04-10 21:55:57.126 [info] Getting sessions for read:user,repo,user:email,workflow...
2024-04-10 21:55:57.126 [info] Got 1 sessions for read:user,repo,user:email,workflow...
2024-04-10 21:55:57.323 [info] Getting sessions for read:user,repo,user:email...
2024-04-10 21:55:57.323 [info] Got 0 sessions for read:user,repo,user:email...
2024-04-10 21:55:57.450 [info] Getting sessions for read:user,repo,user:email,workflow...
2024-04-10 21:55:57.450 [info] Got 1 sessions for read:user,repo,user:email,workflow...
2024-04-10 21:56:00.096 [info] Getting sessions for read:user,repo,user:email,workflow...
2024-04-10 21:56:00.096 [info] Got 1 sessions for read:user,repo,user:email,workflow...
2024-04-10 21:56:01.611 [info] Getting sessions for read:user,repo,user:email,workflow...
2024-04-10 21:56:01.611 [info] Got 1 sessions for read:user,repo,user:email,workflow...
