2024-04-16 23:31:36.930 [info] Reading sessions from keychain...
2024-04-16 23:31:36.930 [info] Getting sessions for all scopes...
2024-04-16 23:31:36.930 [info] Getting sessions for all scopes...
2024-04-16 23:31:36.930 [info] Got stored sessions!
2024-04-16 23:31:36.930 [info] Got 1 verified sessions.
2024-04-16 23:31:36.930 [info] Got 1 sessions for ...
2024-04-16 23:31:36.930 [info] Got 1 sessions for ...
2024-04-16 23:31:36.930 [info] Getting sessions for all scopes...
2024-04-16 23:31:36.930 [info] Got 1 sessions for ...
2024-04-16 23:31:37.008 [info] Getting sessions for project,read:org,read:user,repo,user:email,workflow...
2024-04-16 23:31:37.008 [info] Got 0 sessions for project,read:org,read:user,repo,user:email,workflow...
2024-04-16 23:31:37.153 [info] Getting sessions for read:user,repo,user:email...
2024-04-16 23:31:37.153 [info] Got 0 sessions for read:user,repo,user:email...
2024-04-16 23:31:37.352 [info] Getting sessions for read:user,repo,user:email,workflow...
2024-04-16 23:31:37.352 [info] Got 1 sessions for read:user,repo,user:email,workflow...
2024-04-16 23:31:37.557 [info] Getting sessions for read:user,repo,user:email,workflow...
2024-04-16 23:31:37.557 [info] Got 1 sessions for read:user,repo,user:email,workflow...
2024-04-16 23:31:48.089 [info] Getting sessions for read:user,repo,user:email,workflow...
2024-04-16 23:31:48.089 [info] Got 1 sessions for read:user,repo,user:email,workflow...
2024-04-16 23:31:49.043 [info] Getting sessions for read:user,repo,user:email,workflow...
2024-04-16 23:31:49.043 [info] Got 1 sessions for read:user,repo,user:email,workflow...
