2024-04-10 10:22:58.146 [info] Added views:workbench.panel.markers.view in workbench.panel.markers
2024-04-10 10:22:58.146 [info] Added views:workbench.panel.output in workbench.panel.output
2024-04-10 10:22:58.146 [info] Added views:terminal in terminal
2024-04-10 10:22:58.146 [info] Added views:outline in workbench.view.explorer
2024-04-10 10:22:58.146 [info] Added views:workbench.scm in workbench.view.scm
2024-04-10 10:22:58.146 [info] Added views:workbench.view.search in workbench.view.search
2024-04-10 10:22:58.146 [info] Added views:timeline in workbench.view.explorer
2024-04-10 10:22:58.146 [info] Added views:workbench.explorer.openEditorsView,workbench.explorer.emptyView in workbench.view.explorer
2024-04-10 10:22:58.402 [info] Added views:gitlens.views.home,gitlens.views.workspaces,gitlens.views.account in workbench.view.extension.gitlens
2024-04-10 10:22:58.403 [info] Added views:gitlens.views.commitDetails,gitlens.views.lineHistory,gitlens.views.fileHistory,gitlens.views.searchAndCompare in workbench.view.extension.gitlensInspect
2024-04-10 10:22:58.404 [info] Added views:gitlens.views.commits,gitlens.views.branches,gitlens.views.remotes,gitlens.views.stashes,gitlens.views.tags,gitlens.views.contributors in workbench.view.scm
2024-04-10 10:22:58.405 [info] Added views:pr:github,issues:github in workbench.view.extension.github-pull-requests
2024-04-10 10:22:58.405 [info] Added views:liveshare.session in workbench.view.extension.liveshare
2024-04-10 10:22:58.710 [info] Added views:workbench.debug.variablesView,workbench.debug.watchExpressionsView,workbench.debug.callStackView,workbench.debug.breakPointsView in workbench.view.debug
2024-04-10 10:22:58.739 [info] Added views:workbench.panel.repl.view in workbench.panel.repl
2024-04-10 10:22:58.740 [info] Removed views:workbench.debug.breakPointsView,workbench.debug.callStackView,workbench.debug.watchExpressionsView,workbench.debug.variablesView from workbench.view.debug
2024-04-10 10:22:58.740 [info] Added views:workbench.debug.welcome in workbench.view.debug
2024-04-10 10:22:59.070 [info] Removed views:gitlens.views.searchAndCompare,gitlens.views.fileHistory,gitlens.views.lineHistory,gitlens.views.commitDetails from workbench.view.extension.gitlensInspect
2024-04-10 10:22:59.071 [info] Removed views:gitlens.views.contributors,gitlens.views.tags,gitlens.views.stashes,gitlens.views.remotes,gitlens.views.branches,gitlens.views.commits from workbench.view.scm
2024-04-10 10:22:59.143 [info] Added views:gitlens.views.drafts in workbench.view.extension.gitlens
2024-04-10 10:22:59.154 [info] Added views:petsView in workbench.view.explorer
2024-04-10 10:22:59.247 [info] Added views:~remote.forwardedPorts in ~remote.forwardedPortsContainer
2024-04-10 10:23:14.035 [info] Added views:workbench.panel.markers.view in workbench.panel.markers
2024-04-10 10:23:14.035 [info] Added views:workbench.panel.output in workbench.panel.output
2024-04-10 10:23:14.035 [info] Added views:terminal in terminal
2024-04-10 10:23:14.035 [info] Added views:outline in workbench.view.explorer
2024-04-10 10:23:14.035 [info] Added views:workbench.scm in workbench.view.scm
2024-04-10 10:23:14.035 [info] Added views:workbench.view.search in workbench.view.search
2024-04-10 10:23:14.035 [info] Added views:timeline in workbench.view.explorer
2024-04-10 10:23:14.035 [info] Added views:workbench.explorer.openEditorsView,workbench.explorer.fileView in workbench.view.explorer
2024-04-10 10:23:14.183 [info] Added views:workbench.debug.welcome in workbench.view.debug
2024-04-10 10:23:14.523 [info] Added views:gitlens.views.home,gitlens.views.workspaces,gitlens.views.account in workbench.view.extension.gitlens
2024-04-10 10:23:14.523 [info] Added views:gitlens.views.commitDetails,gitlens.views.lineHistory,gitlens.views.fileHistory,gitlens.views.searchAndCompare in workbench.view.extension.gitlensInspect
2024-04-10 10:23:14.523 [info] Added views:gitlens.views.commits,gitlens.views.branches,gitlens.views.remotes,gitlens.views.stashes,gitlens.views.tags,gitlens.views.contributors in workbench.view.scm
2024-04-10 10:23:14.524 [info] Added views:pr:github,issues:github in workbench.view.extension.github-pull-requests
2024-04-10 10:23:14.525 [info] Added views:liveshare.session in workbench.view.extension.liveshare
2024-04-10 10:23:15.028 [info] Added views:workbench.panel.repl.view in workbench.panel.repl
2024-04-10 10:23:15.752 [info] Removed views:gitlens.views.searchAndCompare,gitlens.views.fileHistory,gitlens.views.lineHistory,gitlens.views.commitDetails from workbench.view.extension.gitlensInspect
2024-04-10 10:23:15.755 [info] Removed views:gitlens.views.contributors,gitlens.views.tags,gitlens.views.stashes,gitlens.views.remotes,gitlens.views.branches,gitlens.views.commits from workbench.view.scm
2024-04-10 10:23:15.936 [info] Added views:gitlens.views.drafts in workbench.view.extension.gitlens
2024-04-10 10:23:15.955 [info] Added views:petsView in workbench.view.explorer
2024-04-10 10:23:16.259 [info] Added views:~remote.forwardedPorts in ~remote.forwardedPortsContainer
