2024-04-11 18:59:35.119 [info] Log level: Info
2024-04-11 18:59:35.119 [info] Validating found git in: "git"
2024-04-11 18:59:35.119 [info] Using git "2.44.0" from "git"
2024-04-11 18:59:35.119 [info] > git rev-parse --show-toplevel [1ms]
2024-04-11 18:59:35.119 [info] > git rev-parse --git-dir --git-common-dir [5ms]
2024-04-11 18:59:35.119 [info] Open repository: /home/I40S/.config
2024-04-11 18:59:35.120 [info] > git rev-parse --show-toplevel [3ms]
2024-04-11 18:59:35.120 [info] > git config --get commit.template [6ms]
2024-04-11 18:59:35.317 [info] > git rev-parse --show-toplevel [117ms]
2024-04-11 18:59:35.335 [info] > git for-each-ref --format=%(refname)%00%(upstream:short)%00%(objectname)%00%(upstream:track)%00%(upstream:remotename)%00%(upstream:remoteref) refs/heads/main refs/remotes/main [31ms]
2024-04-11 18:59:35.418 [info] > git rev-parse --show-toplevel [85ms]
2024-04-11 18:59:35.470 [info] > git rev-parse --show-toplevel [13ms]
2024-04-11 18:59:35.482 [info] > git rev-parse --show-toplevel [1ms]
2024-04-11 18:59:35.532 [info] > git rev-parse --show-toplevel [47ms]
2024-04-11 18:59:35.544 [info] > git rev-parse --show-toplevel [5ms]
2024-04-11 18:59:35.584 [info] > git status -z -uall [108ms] (cancelled)
2024-04-11 18:59:35.584 [info] > git rev-parse --show-toplevel [25ms]
2024-04-11 18:59:35.613 [info] > git rev-parse --show-toplevel [1ms]
2024-04-11 18:59:35.671 [info] > git rev-parse --show-toplevel [8ms]
2024-04-11 18:59:35.731 [info] > git rev-parse --show-toplevel [30ms]
2024-04-11 18:59:35.741 [info] > git check-ignore -v -z --stdin [12ms]
2024-04-11 18:59:35.744 [info] > git rev-parse --show-toplevel [3ms]
2024-04-11 18:59:35.766 [info] > git rev-parse --show-toplevel [12ms]
2024-04-11 18:59:35.786 [info] > git rev-parse --show-toplevel [16ms]
2024-04-11 18:59:35.802 [info] > git rev-parse --show-toplevel [10ms]
2024-04-11 18:59:35.810 [info] > git rev-parse --show-toplevel [2ms]
2024-04-11 18:59:35.865 [info] > git rev-parse --show-toplevel [7ms]
2024-04-11 18:59:35.870 [info] > git rev-parse --show-toplevel [2ms]
2024-04-11 18:59:35.882 [info] > git rev-parse --show-toplevel [8ms]
2024-04-11 18:59:35.886 [info] > git rev-parse --show-toplevel [1ms]
2024-04-11 18:59:35.890 [info] > git rev-parse --show-toplevel [1ms]
2024-04-11 18:59:35.895 [info] > git rev-parse --show-toplevel [1ms]
2024-04-11 18:59:35.908 [info] > git rev-parse --show-toplevel [10ms]
2024-04-11 18:59:35.933 [info] > git rev-parse --show-toplevel [20ms]
2024-04-11 18:59:35.961 [info] > git rev-parse --show-toplevel [16ms]
2024-04-11 18:59:35.971 [info] > git rev-parse --show-toplevel [6ms]
2024-04-11 18:59:35.976 [info] > git rev-parse --show-toplevel [1ms]
2024-04-11 18:59:36.047 [info] > git rev-parse --show-toplevel [67ms]
2024-04-11 18:59:36.055 [info] > git rev-parse --show-toplevel [1ms]
2024-04-11 18:59:36.059 [info] > git rev-parse --show-toplevel [1ms]
2024-04-11 18:59:36.064 [info] > git rev-parse --show-toplevel [1ms]
2024-04-11 18:59:36.068 [info] > git rev-parse --show-toplevel [1ms]
2024-04-11 18:59:36.072 [info] > git rev-parse --show-toplevel [1ms]
2024-04-11 18:59:36.075 [info] > git rev-parse --show-toplevel [1ms]
2024-04-11 18:59:36.080 [info] > git rev-parse --show-toplevel [1ms]
2024-04-11 18:59:36.083 [info] > git rev-parse --show-toplevel [1ms]
2024-04-11 18:59:36.087 [info] > git rev-parse --show-toplevel [1ms]
2024-04-11 18:59:36.090 [info] > git rev-parse --show-toplevel [1ms]
2024-04-11 18:59:36.094 [info] > git rev-parse --show-toplevel [1ms]
2024-04-11 18:59:36.098 [info] > git rev-parse --show-toplevel [1ms]
2024-04-11 18:59:36.102 [info] > git rev-parse --show-toplevel [1ms]
2024-04-11 18:59:36.106 [info] > git rev-parse --show-toplevel [1ms]
2024-04-11 18:59:36.110 [info] > git rev-parse --show-toplevel [1ms]
2024-04-11 18:59:36.114 [info] > git rev-parse --show-toplevel [1ms]
2024-04-11 18:59:36.118 [info] > git rev-parse --show-toplevel [1ms]
2024-04-11 18:59:36.124 [info] > git rev-parse --show-toplevel [3ms]
2024-04-11 18:59:36.129 [info] > git rev-parse --show-toplevel [0ms]
2024-04-11 18:59:36.132 [info] > git rev-parse --show-toplevel [1ms]
2024-04-11 18:59:36.136 [info] > git rev-parse --show-toplevel [1ms]
2024-04-11 18:59:36.139 [info] > git rev-parse --show-toplevel [0ms]
2024-04-11 18:59:36.143 [info] > git rev-parse --show-toplevel [1ms]
2024-04-11 18:59:36.147 [info] > git rev-parse --show-toplevel [1ms]
2024-04-11 18:59:36.151 [info] > git rev-parse --show-toplevel [1ms]
2024-04-11 18:59:36.154 [info] > git rev-parse --show-toplevel [1ms]
2024-04-11 18:59:36.158 [info] > git rev-parse --show-toplevel [1ms]
2024-04-11 18:59:36.168 [info] > git show --textconv :eww/scss/workspaces.scss [5ms]
2024-04-11 18:59:36.169 [info] > git ls-files --stage -- /home/I40S/.config/eww/scss/workspaces.scss [3ms]
2024-04-11 18:59:36.185 [info] > git cat-file -s 3ac22b9163426434013de4eb8c8b7f81a9462c4e [12ms]
2024-04-11 18:59:36.614 [info] > git config --local branch.main.github-pr-owner-number [49ms]
2024-04-11 18:59:36.614 [warning] git config failed: Failed to execute git
2024-04-11 19:04:35.810 [info] > git config --local branch.main.github-pr-owner-number [2ms]
2024-04-11 19:04:35.811 [warning] git config failed: Failed to execute git
2024-04-11 19:08:54.033 [info] > git check-ignore -v -z --stdin [7ms]
2024-04-11 19:08:56.130 [info] > git check-ignore -v -z --stdin [3ms]
2024-04-11 19:08:56.543 [info] > git show --textconv :kitty/kitty.conf [8ms]
2024-04-11 19:08:56.545 [info] > git ls-files --stage -- /home/I40S/.config/kitty/kitty.conf [3ms]
2024-04-11 19:08:56.550 [info] > git cat-file -s 08adf9e736baed1d64df41c91c5f8faf325c978f [1ms]
2024-04-11 19:09:35.822 [info] > git config --local branch.main.github-pr-owner-number [2ms]
2024-04-11 19:09:35.822 [warning] git config failed: Failed to execute git
2024-04-11 19:09:45.626 [info] > git check-ignore -v -z --stdin [4ms]
2024-04-11 19:09:48.844 [info] > git show --textconv :kitty/theme.conf [8ms]
2024-04-11 19:09:48.846 [info] > git ls-files --stage -- /home/I40S/.config/kitty/theme.conf [3ms]
2024-04-11 19:09:49.115 [info] > git check-ignore -v -z --stdin [3ms]
2024-04-11 19:14:14.476 [info] > git show --textconv :hypr/hyprland.conf [8ms]
2024-04-11 19:14:14.478 [info] > git ls-files --stage -- /home/I40S/.config/hypr/hyprland.conf [3ms]
2024-04-11 19:14:14.486 [info] > git cat-file -s 13fc163310ae45d19bf397b4146f3107baddf5d9 [2ms]
2024-04-11 19:14:35.832 [info] > git config --local branch.main.github-pr-owner-number [1ms]
2024-04-11 19:14:35.832 [warning] git config failed: Failed to execute git
2024-04-11 19:19:35.841 [info] > git config --local branch.main.github-pr-owner-number [1ms]
2024-04-11 19:19:35.842 [warning] git config failed: Failed to execute git
