2024-04-11 08:13:08.786 [warning] /home/I40S/.ssh/config: ENOENT: no such file or directory, open '/home/I40S/.ssh/config'
2024-04-11 08:13:08.786 [info] Activation> Extension version: 0.86.1
2024-04-11 08:13:09.220 [info] Looking for git repository
2024-04-11 08:13:09.220 [info] Found 0 repositories during activation
2024-04-11 08:13:09.220 [info] Git repository found, initializing review manager and pr tree view.
2024-04-11 08:13:09.224 [info] Registering git provider
2024-04-11 08:13:09.835 [info] Git initialization state changed: state=initialized
2024-04-11 08:13:09.835 [info] Review+0> Validate state in progress
2024-04-11 08:13:09.835 [info] Review+0> Validating state...
2024-04-11 08:13:09.969 [info] Found GitHub remote for folder /home/I40S/.config
2024-04-11 08:13:19.318 [info] Trying to use globalState for assignableUsers.
2024-04-11 08:13:19.399 [info] Review+0> No matching pull request metadata found locally for current branch main
2024-04-11 08:13:19.420 [info] Using globalState assignableUsers for 1.
2024-04-11 08:13:20.229 [info] Repo state for file:///home/I40S/.config changed.
2024-04-11 08:13:20.229 [info] Repo file:///home/I40S/.config has already been setup.
2024-04-11 08:13:28.324 [info] Review+0> No matching pull request metadata found on GitHub for current branch main
2024-04-11 08:13:29.525 [error] GitHubRepository> Error querying GraphQL API: Network error: request to https://api.github.com/graphql failed, reason: getaddrinfo EAI_AGAIN api.github.com. 
2024-04-11 08:13:29.525 [error] GitHubRepository> Error querying GraphQL API: Network error: request to https://api.github.com/graphql failed, reason: getaddrinfo EAI_AGAIN api.github.com. 
2024-04-11 08:13:29.525 [error] GitHubRepository> Error querying GraphQL API: Network error: request to https://api.github.com/graphql failed, reason: getaddrinfo EAI_AGAIN api.github.com. 
2024-04-11 08:13:29.525 [error] GitHubRepository> Unable to fetch issues with query: Error: Network error: request to https://api.github.com/graphql failed, reason: getaddrinfo EAI_AGAIN api.github.com
2024-04-11 08:13:29.525 [error] GitHubRepository> Unable to fetch issues with query: Error: Network error: request to https://api.github.com/graphql failed, reason: getaddrinfo EAI_AGAIN api.github.com
2024-04-11 08:13:29.525 [error] GitHubRepository> Unable to fetch issues with query: Error: Network error: request to https://api.github.com/graphql failed, reason: getaddrinfo EAI_AGAIN api.github.com
