2024-04-11 19:22:31.373 [info] Log level: Info
2024-04-11 19:22:31.374 [info] Validating found git in: "git"
2024-04-11 19:22:31.374 [info] Using git "2.44.0" from "git"
2024-04-11 19:22:31.374 [info] > git rev-parse --show-toplevel [2ms]
2024-04-11 19:22:31.374 [info] > git rev-parse --git-dir --git-common-dir [2ms]
2024-04-11 19:22:31.374 [info] Open repository: /home/I40S/.config
2024-04-11 19:22:31.383 [info] > git config --get commit.template [4ms]
2024-04-11 19:22:31.384 [info] > git rev-parse --show-toplevel [3ms]
2024-04-11 19:22:31.394 [info] > git for-each-ref --format=%(refname)%00%(upstream:short)%00%(objectname)%00%(upstream:track)%00%(upstream:remotename)%00%(upstream:remoteref) refs/heads/main refs/remotes/main [4ms]
2024-04-11 19:22:31.395 [info] > git rev-parse --show-toplevel [2ms]
2024-04-11 19:22:31.400 [info] > git rev-parse --show-toplevel [1ms]
2024-04-11 19:22:31.412 [info] > git rev-parse --show-toplevel [2ms]
2024-04-11 19:22:31.528 [info] > git rev-parse --show-toplevel [17ms]
2024-04-11 19:22:31.592 [info] > git status -z -uall [185ms] (cancelled)
2024-04-11 19:22:31.612 [info] > git rev-parse --show-toplevel [26ms]
2024-04-11 19:22:31.753 [info] > git rev-parse --show-toplevel [42ms]
2024-04-11 19:22:31.779 [info] > git rev-parse --show-toplevel [16ms]
2024-04-11 19:22:31.793 [info] > git rev-parse --show-toplevel [3ms]
2024-04-11 19:22:31.842 [info] > git rev-parse --show-toplevel [45ms]
2024-04-11 19:22:31.859 [info] > git rev-parse --show-toplevel [4ms]
2024-04-11 19:22:31.894 [info] > git rev-parse --show-toplevel [2ms]
2024-04-11 19:22:31.924 [info] > git rev-parse --show-toplevel [15ms]
2024-04-11 19:22:31.975 [info] > git rev-parse --show-toplevel [1ms]
2024-04-11 19:22:32.010 [info] > git rev-parse --show-toplevel [1ms]
2024-04-11 19:22:32.015 [info] > git rev-parse --show-toplevel [1ms]
2024-04-11 19:22:32.027 [info] > git rev-parse --show-toplevel [7ms]
2024-04-11 19:22:32.031 [info] > git check-ignore -v -z --stdin [6ms]
2024-04-11 19:22:32.032 [info] > git rev-parse --show-toplevel [2ms]
2024-04-11 19:22:32.038 [info] > git rev-parse --show-toplevel [2ms]
2024-04-11 19:22:32.042 [info] > git rev-parse --show-toplevel [1ms]
2024-04-11 19:22:32.046 [info] > git rev-parse --show-toplevel [1ms]
2024-04-11 19:22:32.050 [info] > git rev-parse --show-toplevel [1ms]
2024-04-11 19:22:32.055 [info] > git rev-parse --show-toplevel [1ms]
2024-04-11 19:22:32.060 [info] > git rev-parse --show-toplevel [1ms]
2024-04-11 19:22:32.075 [info] > git rev-parse --show-toplevel [12ms]
2024-04-11 19:22:32.088 [info] > git rev-parse --show-toplevel [9ms]
2024-04-11 19:22:32.102 [info] > git rev-parse --show-toplevel [9ms]
2024-04-11 19:22:32.106 [info] > git rev-parse --show-toplevel [1ms]
2024-04-11 19:22:32.161 [info] > git rev-parse --show-toplevel [52ms]
2024-04-11 19:22:32.211 [info] > git rev-parse --show-toplevel [45ms]
2024-04-11 19:22:32.223 [info] > git rev-parse --show-toplevel [2ms]
2024-04-11 19:22:32.235 [info] > git rev-parse --show-toplevel [9ms]
2024-04-11 19:22:32.285 [info] > git rev-parse --show-toplevel [13ms]
2024-04-11 19:22:32.293 [info] > git rev-parse --show-toplevel [2ms]
2024-04-11 19:22:32.307 [info] > git rev-parse --show-toplevel [8ms]
2024-04-11 19:22:32.326 [info] > git rev-parse --show-toplevel [1ms]
2024-04-11 19:22:32.335 [info] > git rev-parse --show-toplevel [5ms]
2024-04-11 19:22:32.341 [info] > git rev-parse --show-toplevel [1ms]
2024-04-11 19:22:32.345 [info] > git rev-parse --show-toplevel [1ms]
2024-04-11 19:22:32.348 [info] > git rev-parse --show-toplevel [0ms]
2024-04-11 19:22:32.353 [info] > git rev-parse --show-toplevel [0ms]
2024-04-11 19:22:32.357 [info] > git rev-parse --show-toplevel [1ms]
2024-04-11 19:22:32.361 [info] > git rev-parse --show-toplevel [0ms]
2024-04-11 19:22:32.364 [info] > git rev-parse --show-toplevel [1ms]
2024-04-11 19:22:32.368 [info] > git rev-parse --show-toplevel [1ms]
2024-04-11 19:22:32.373 [info] > git rev-parse --show-toplevel [1ms]
2024-04-11 19:22:32.377 [info] > git rev-parse --show-toplevel [1ms]
2024-04-11 19:22:32.382 [info] > git rev-parse --show-toplevel [1ms]
2024-04-11 19:22:32.386 [info] > git rev-parse --show-toplevel [1ms]
2024-04-11 19:22:32.390 [info] > git rev-parse --show-toplevel [1ms]
2024-04-11 19:22:32.394 [info] > git rev-parse --show-toplevel [0ms]
2024-04-11 19:22:32.398 [info] > git rev-parse --show-toplevel [0ms]
2024-04-11 19:22:32.402 [info] > git rev-parse --show-toplevel [1ms]
2024-04-11 19:22:32.406 [info] > git rev-parse --show-toplevel [0ms]
2024-04-11 19:22:32.410 [info] > git rev-parse --show-toplevel [1ms]
2024-04-11 19:22:32.419 [info] > git show --textconv :hypr/hyprland.conf [4ms]
2024-04-11 19:22:32.420 [info] > git ls-files --stage -- /home/I40S/.config/hypr/hyprland.conf [2ms]
2024-04-11 19:22:32.434 [info] > git cat-file -s 13fc163310ae45d19bf397b4146f3107baddf5d9 [10ms]
2024-04-11 19:22:32.783 [info] > git config --local branch.main.github-pr-owner-number [38ms]
2024-04-11 19:22:32.783 [warning] git config failed: Failed to execute git
2024-04-11 19:22:35.308 [info] > git merge-base refs/heads/main refs/remotes/origin/main [51ms]
2024-04-11 19:22:35.312 [info] > git config --get commit.template [6ms]
2024-04-11 19:22:35.314 [info] > git rev-list --count --left-right refs/heads/main...refs/remotes/origin/main [3ms]
2024-04-11 19:22:35.324 [info] > git diff --name-status -z --diff-filter=ADMR 136f723ef6c39fecff7d845454be1bdefdd41859...refs/remotes/origin/main [6ms]
2024-04-11 19:22:35.332 [info] > git for-each-ref --format=%(refname)%00%(upstream:short)%00%(objectname)%00%(upstream:track)%00%(upstream:remotename)%00%(upstream:remoteref) refs/heads/main refs/remotes/main [9ms]
2024-04-11 19:22:35.842 [info] > git status -z -uall [505ms] (cancelled)
2024-04-11 19:24:19.535 [info] > git show --textconv :eww/scripts/colors/colors.scss [7ms]
2024-04-11 19:24:19.536 [info] > git ls-files --stage -- /home/I40S/.config/eww/scripts/colors/colors.scss [2ms]
2024-04-11 19:24:19.543 [info] > git cat-file -s 14cf1a5c843a1c5d8c2b1488a4d2170644e7c93f [1ms]
2024-04-11 19:24:20.323 [info] > git check-ignore -v -z --stdin [9ms]
2024-04-11 19:24:23.481 [info] > git show --textconv :eww/scss/logo.scss [20ms]
2024-04-11 19:24:23.482 [info] > git ls-files --stage -- /home/I40S/.config/eww/scss/logo.scss [2ms]
2024-04-11 19:24:23.493 [info] > git cat-file -s d78fcc2de4bfd77c5e9d81e4f1cf32d16ec578b9 [6ms]
2024-04-11 19:24:23.793 [info] > git check-ignore -v -z --stdin [7ms]
2024-04-11 19:24:24.460 [info] > git show --textconv :eww/scss/powermenu.scss [9ms]
2024-04-11 19:24:24.462 [info] > git ls-files --stage -- /home/I40S/.config/eww/scss/powermenu.scss [3ms]
2024-04-11 19:24:24.470 [info] > git cat-file -s ddf9a611f9823a56aaf5f33cc3dd195a1fa4f246 [2ms]
2024-04-11 19:24:26.103 [info] > git show --textconv :eww/scss/clock.scss [5ms]
2024-04-11 19:24:26.104 [info] > git ls-files --stage -- /home/I40S/.config/eww/scss/clock.scss [1ms]
2024-04-11 19:24:26.111 [info] > git cat-file -s 357fed40607ed0b578705a577bded7257094efae [2ms]
2024-04-11 19:24:35.746 [info] > git check-ignore -v -z --stdin [3ms]
2024-04-11 19:24:36.559 [info] > git check-ignore -v -z --stdin [4ms]
2024-04-11 19:24:37.676 [info] > git check-ignore -v -z --stdin [4ms]
2024-04-11 19:24:38.328 [info] > git show --textconv :README.md [9ms]
2024-04-11 19:24:38.334 [info] > git ls-files --stage -- /home/I40S/.config/README.md [7ms]
2024-04-11 19:24:38.350 [info] > git cat-file -s 0faa259f6fec8428ff8f650afd7e6ac0f9c31df1 [9ms]
