2024-04-10 13:06:00.167 [info] Added views:workbench.panel.markers.view in workbench.panel.markers
2024-04-10 13:06:00.167 [info] Added views:workbench.panel.output in workbench.panel.output
2024-04-10 13:06:00.167 [info] Added views:terminal in terminal
2024-04-10 13:06:00.167 [info] Added views:outline in workbench.view.explorer
2024-04-10 13:06:00.167 [info] Added views:workbench.scm in workbench.view.scm
2024-04-10 13:06:00.167 [info] Added views:workbench.view.search in workbench.view.search
2024-04-10 13:06:00.167 [info] Added views:timeline in workbench.view.explorer
2024-04-10 13:06:00.167 [info] Added views:workbench.explorer.openEditorsView,workbench.explorer.fileView in workbench.view.explorer
2024-04-10 13:06:00.499 [info] Added views:workbench.debug.welcome in workbench.view.debug
2024-04-10 13:06:00.722 [info] Added views:gitlens.views.home,gitlens.views.workspaces,gitlens.views.account in workbench.view.extension.gitlens
2024-04-10 13:06:00.723 [info] Added views:gitlens.views.commitDetails,gitlens.views.lineHistory,gitlens.views.fileHistory,gitlens.views.searchAndCompare in workbench.view.extension.gitlensInspect
2024-04-10 13:06:00.723 [info] Added views:gitlens.views.commits,gitlens.views.branches,gitlens.views.remotes,gitlens.views.stashes,gitlens.views.tags,gitlens.views.contributors in workbench.view.scm
2024-04-10 13:06:00.725 [info] Added views:pr:github,issues:github in workbench.view.extension.github-pull-requests
2024-04-10 13:06:00.725 [info] Added views:liveshare.session in workbench.view.extension.liveshare
2024-04-10 13:06:01.073 [info] Added views:workbench.panel.repl.view in workbench.panel.repl
2024-04-10 13:06:01.696 [info] Removed views:gitlens.views.searchAndCompare,gitlens.views.fileHistory,gitlens.views.lineHistory,gitlens.views.commitDetails from workbench.view.extension.gitlensInspect
2024-04-10 13:06:01.698 [info] Removed views:gitlens.views.contributors,gitlens.views.tags,gitlens.views.stashes,gitlens.views.remotes,gitlens.views.branches,gitlens.views.commits from workbench.view.scm
2024-04-10 13:06:01.789 [info] Added views:gitlens.views.drafts in workbench.view.extension.gitlens
2024-04-10 13:06:01.803 [info] Added views:petsView in workbench.view.explorer
2024-04-10 13:06:01.896 [info] Added views:~remote.forwardedPorts in ~remote.forwardedPortsContainer
