2024-04-10 10:02:38.836 [info] Added views:workbench.panel.markers.view in workbench.panel.markers
2024-04-10 10:02:38.836 [info] Added views:workbench.panel.output in workbench.panel.output
2024-04-10 10:02:38.836 [info] Added views:terminal in terminal
2024-04-10 10:02:38.836 [info] Added views:outline in workbench.view.explorer
2024-04-10 10:02:38.836 [info] Added views:workbench.scm in workbench.view.scm
2024-04-10 10:02:38.836 [info] Added views:workbench.view.search in workbench.view.search
2024-04-10 10:02:38.836 [info] Added views:timeline in workbench.view.explorer
2024-04-10 10:02:38.836 [info] Added views:workbench.explorer.openEditorsView,workbench.explorer.emptyView in workbench.view.explorer
2024-04-10 10:02:39.018 [info] Added views:gitlens.views.home,gitlens.views.workspaces,gitlens.views.account in workbench.view.extension.gitlens
2024-04-10 10:02:39.018 [info] Added views:gitlens.views.commitDetails,gitlens.views.lineHistory,gitlens.views.fileHistory,gitlens.views.searchAndCompare in workbench.view.extension.gitlensInspect
2024-04-10 10:02:39.019 [info] Added views:gitlens.views.commits,gitlens.views.branches,gitlens.views.remotes,gitlens.views.stashes,gitlens.views.tags,gitlens.views.contributors in workbench.view.scm
2024-04-10 10:02:39.019 [info] Added views:pr:github,issues:github in workbench.view.extension.github-pull-requests
2024-04-10 10:02:39.020 [info] Added views:liveshare.session in workbench.view.extension.liveshare
2024-04-10 10:02:39.217 [info] Added views:workbench.debug.variablesView,workbench.debug.watchExpressionsView,workbench.debug.callStackView,workbench.debug.breakPointsView in workbench.view.debug
2024-04-10 10:02:39.242 [info] Added views:workbench.panel.repl.view in workbench.panel.repl
2024-04-10 10:02:39.243 [info] Removed views:workbench.debug.breakPointsView,workbench.debug.callStackView,workbench.debug.watchExpressionsView,workbench.debug.variablesView from workbench.view.debug
2024-04-10 10:02:39.243 [info] Added views:workbench.debug.welcome in workbench.view.debug
2024-04-10 10:02:39.450 [info] Removed views:gitlens.views.searchAndCompare,gitlens.views.fileHistory,gitlens.views.lineHistory,gitlens.views.commitDetails from workbench.view.extension.gitlensInspect
2024-04-10 10:02:39.451 [info] Removed views:gitlens.views.contributors,gitlens.views.tags,gitlens.views.stashes,gitlens.views.remotes,gitlens.views.branches,gitlens.views.commits from workbench.view.scm
2024-04-10 10:02:39.511 [info] Added views:gitlens.views.drafts in workbench.view.extension.gitlens
2024-04-10 10:02:39.514 [info] Added views:petsView in workbench.view.explorer
2024-04-10 10:02:39.919 [info] Added views:~remote.forwardedPorts in ~remote.forwardedPortsContainer
2024-04-10 10:03:01.349 [info] Added views:workbench.panel.markers.view in workbench.panel.markers
2024-04-10 10:03:01.349 [info] Added views:workbench.panel.output in workbench.panel.output
2024-04-10 10:03:01.349 [info] Added views:terminal in terminal
2024-04-10 10:03:01.349 [info] Added views:outline in workbench.view.explorer
2024-04-10 10:03:01.349 [info] Added views:workbench.scm in workbench.view.scm
2024-04-10 10:03:01.349 [info] Added views:workbench.view.search in workbench.view.search
2024-04-10 10:03:01.349 [info] Added views:timeline in workbench.view.explorer
2024-04-10 10:03:01.349 [info] Added views:workbench.explorer.openEditorsView,workbench.explorer.fileView in workbench.view.explorer
2024-04-10 10:03:01.555 [info] Added views:workbench.debug.welcome in workbench.view.debug
2024-04-10 10:03:01.686 [info] Added views:gitlens.views.home,gitlens.views.workspaces,gitlens.views.account in workbench.view.extension.gitlens
2024-04-10 10:03:01.687 [info] Added views:gitlens.views.commitDetails,gitlens.views.lineHistory,gitlens.views.fileHistory,gitlens.views.searchAndCompare in workbench.view.extension.gitlensInspect
2024-04-10 10:03:01.687 [info] Added views:gitlens.views.commits,gitlens.views.branches,gitlens.views.remotes,gitlens.views.stashes,gitlens.views.tags,gitlens.views.contributors in workbench.view.scm
2024-04-10 10:03:01.687 [info] Added views:pr:github,issues:github in workbench.view.extension.github-pull-requests
2024-04-10 10:03:01.688 [info] Added views:liveshare.session in workbench.view.extension.liveshare
2024-04-10 10:03:01.984 [info] Added views:workbench.panel.repl.view in workbench.panel.repl
2024-04-10 10:03:02.366 [info] Removed views:gitlens.views.searchAndCompare,gitlens.views.fileHistory,gitlens.views.lineHistory,gitlens.views.commitDetails from workbench.view.extension.gitlensInspect
2024-04-10 10:03:02.367 [info] Removed views:gitlens.views.contributors,gitlens.views.tags,gitlens.views.stashes,gitlens.views.remotes,gitlens.views.branches,gitlens.views.commits from workbench.view.scm
2024-04-10 10:03:02.424 [info] Added views:gitlens.views.drafts in workbench.view.extension.gitlens
2024-04-10 10:03:02.442 [info] Added views:petsView in workbench.view.explorer
2024-04-10 10:03:02.500 [info] Added views:~remote.forwardedPorts in ~remote.forwardedPortsContainer
