2024-05-04 19:20:30.355 [info] Getting Manifest... ms-python.debugpy
2024-05-04 19:20:31.089 [info] Installing extension: ms-python.debugpy
2024-05-04 19:20:32.210 [info] Getting Manifest... ms-python.python
2024-05-04 19:20:34.050 [warning] Extension signature verification failed with error 'UnknownError': ms-python.debugpy
2024-05-04 19:20:34.353 [info] Extracted extension to file:///home/I40S/.vscode/extensions/ms-python.debugpy-2024.6.0-linux-x64: ms-python.debugpy
2024-05-04 19:20:34.361 [info] Renamed to /home/I40S/.vscode/extensions/ms-python.debugpy-2024.6.0-linux-x64
2024-05-04 19:20:34.363 [info] Extracting extension completed. ms-python.debugpy
2024-05-04 19:20:34.370 [info] Extension installed successfully: ms-python.debugpy
2024-05-04 19:20:34.373 [info] Marked extension as uninstalled ms-python.debugpy-2024.4.0-linux-x64
2024-05-04 19:20:34.453 [error] [uncaught exception in sharedProcess]: Error: ENOENT: no such file or directory, stat '/home/I40S/.vscode/extensions/extensions.json.vsctmp': EntryNotFound (FileSystemError): Error: ENOENT: no such file or directory, stat '/home/I40S/.vscode/extensions/extensions.json.vsctmp'
    at r.create (/opt/visual-studio-code/resources/app/out/vs/code/node/sharedProcess/sharedProcessMain.js:53:30080)
    at a (/opt/visual-studio-code/resources/app/out/vs/code/node/sharedProcess/sharedProcessMain.js:53:30195)
    at i.fb (/opt/visual-studio-code/resources/app/out/vs/code/node/sharedProcess/sharedProcessMain.js:58:36500)
    at i.stat (/opt/visual-studio-code/resources/app/out/vs/code/node/sharedProcess/sharedProcessMain.js:58:28946)
    at async $.stat (/opt/visual-studio-code/resources/app/out/vs/code/node/sharedProcess/sharedProcessMain.js:58:16092)
    at async K.sb (/opt/visual-studio-code/resources/app/out/vs/code/node/sharedProcess/sharedProcessMain.js:104:108402)
2024-05-04 19:20:56.905 [info] Getting Manifest... github.vscode-pull-request-github
2024-05-04 19:20:56.908 [info] Getting Manifest... ms-python.python
2024-05-04 19:20:56.937 [info] Installing extension: ms-python.python
2024-05-04 19:20:56.997 [info] Installing extension: github.vscode-pull-request-github
2024-05-04 19:20:58.693 [warning] Extension signature verification failed with error 'UnknownError': github.vscode-pull-request-github
2024-05-04 19:20:58.787 [info] Extracted extension to file:///home/I40S/.vscode/extensions/github.vscode-pull-request-github-0.88.0: github.vscode-pull-request-github
2024-05-04 19:20:58.797 [info] Renamed to /home/I40S/.vscode/extensions/github.vscode-pull-request-github-0.88.0
2024-05-04 19:20:58.801 [error] [/home/I40S/.vscode/extensions/github.vscode-pull-request-github-0.88.0]: Extension is not compatible with Code 1.88.0. Extension requires: ^1.89.0.
2024-05-04 19:20:58.803 [info] Extracting extension completed. github.vscode-pull-request-github
2024-05-04 19:20:58.812 [info] Extension installed successfully: github.vscode-pull-request-github
2024-05-04 19:20:58.887 [error] [uncaught exception in sharedProcess]: Error: ENOENT: no such file or directory, stat '/home/I40S/.vscode/extensions/extensions.json.vsctmp': EntryNotFound (FileSystemError): Error: ENOENT: no such file or directory, stat '/home/I40S/.vscode/extensions/extensions.json.vsctmp'
    at r.create (/opt/visual-studio-code/resources/app/out/vs/code/node/sharedProcess/sharedProcessMain.js:53:30080)
    at a (/opt/visual-studio-code/resources/app/out/vs/code/node/sharedProcess/sharedProcessMain.js:53:30195)
    at i.fb (/opt/visual-studio-code/resources/app/out/vs/code/node/sharedProcess/sharedProcessMain.js:58:36500)
    at i.stat (/opt/visual-studio-code/resources/app/out/vs/code/node/sharedProcess/sharedProcessMain.js:58:28946)
    at async $.stat (/opt/visual-studio-code/resources/app/out/vs/code/node/sharedProcess/sharedProcessMain.js:58:16092)
    at async K.sb (/opt/visual-studio-code/resources/app/out/vs/code/node/sharedProcess/sharedProcessMain.js:104:108402)
2024-05-04 19:20:59.363 [warning] Extension signature verification failed with error 'UnknownError': ms-python.python
2024-05-04 19:21:00.411 [info] Extracted extension to file:///home/I40S/.vscode/extensions/ms-python.python-2024.6.0: ms-python.python
2024-05-04 19:21:00.414 [info] Renamed to /home/I40S/.vscode/extensions/ms-python.python-2024.6.0
2024-05-04 19:21:00.417 [error] [/home/I40S/.vscode/extensions/ms-python.python-2024.6.0]: Extension is not compatible with Code 1.88.0. Extension requires: ^1.89.0-20240415.
2024-05-04 19:21:00.418 [info] Extracting extension completed. ms-python.python
2024-05-04 19:21:00.425 [info] Extension installed successfully: ms-python.python
2024-05-04 19:21:00.500 [error] [uncaught exception in sharedProcess]: Error: ENOENT: no such file or directory, stat '/home/I40S/.vscode/extensions/extensions.json.vsctmp': EntryNotFound (FileSystemError): Error: ENOENT: no such file or directory, stat '/home/I40S/.vscode/extensions/extensions.json.vsctmp'
    at r.create (/opt/visual-studio-code/resources/app/out/vs/code/node/sharedProcess/sharedProcessMain.js:53:30080)
    at a (/opt/visual-studio-code/resources/app/out/vs/code/node/sharedProcess/sharedProcessMain.js:53:30195)
    at i.fb (/opt/visual-studio-code/resources/app/out/vs/code/node/sharedProcess/sharedProcessMain.js:58:36500)
    at i.stat (/opt/visual-studio-code/resources/app/out/vs/code/node/sharedProcess/sharedProcessMain.js:58:28946)
    at async $.stat (/opt/visual-studio-code/resources/app/out/vs/code/node/sharedProcess/sharedProcessMain.js:58:16092)
    at async K.sb (/opt/visual-studio-code/resources/app/out/vs/code/node/sharedProcess/sharedProcessMain.js:104:108402)
2024-05-04 19:25:28.442 [error] [/home/I40S/.vscode/extensions/github.vscode-pull-request-github-0.88.0]: Extension is not compatible with Code 1.88.0. Extension requires: ^1.89.0.
2024-05-04 19:25:28.445 [error] [/home/I40S/.vscode/extensions/ms-python.python-2024.6.0]: Extension is not compatible with Code 1.88.0. Extension requires: ^1.89.0-20240415.
2024-05-04 19:30:28.525 [error] [/home/I40S/.vscode/extensions/ms-python.python-2024.6.0]: Extension is not compatible with Code 1.88.0. Extension requires: ^1.89.0-20240415.
2024-05-04 19:30:28.526 [error] [/home/I40S/.vscode/extensions/github.vscode-pull-request-github-0.88.0]: Extension is not compatible with Code 1.88.0. Extension requires: ^1.89.0.
