2024-04-11 08:13:08.778 [info] Reading sessions from keychain...
2024-04-11 08:13:08.778 [info] Getting sessions for all scopes...
2024-04-11 08:13:08.778 [info] Getting sessions for all scopes...
2024-04-11 08:13:08.778 [info] Got stored sessions!
2024-04-11 08:13:08.778 [info] Got 1 verified sessions.
2024-04-11 08:13:08.778 [info] Got 1 sessions for ...
2024-04-11 08:13:08.778 [info] Got 1 sessions for ...
2024-04-11 08:13:08.784 [info] Getting sessions for project,read:org,read:user,repo,user:email,workflow...
2024-04-11 08:13:08.784 [info] Got 0 sessions for project,read:org,read:user,repo,user:email,workflow...
2024-04-11 08:13:08.888 [info] Getting sessions for all scopes...
2024-04-11 08:13:08.888 [info] Got 1 sessions for ...
2024-04-11 08:13:08.953 [info] Getting sessions for read:user,repo,user:email,workflow...
2024-04-11 08:13:08.953 [info] Got 1 sessions for read:user,repo,user:email,workflow...
2024-04-11 08:13:09.446 [info] Getting sessions for read:user,repo,user:email,workflow...
2024-04-11 08:13:09.446 [info] Got 1 sessions for read:user,repo,user:email,workflow...
2024-04-11 08:13:09.451 [info] Getting sessions for read:user,repo,user:email...
2024-04-11 08:13:09.451 [info] Got 0 sessions for read:user,repo,user:email...
2024-04-11 08:13:10.539 [info] Getting sessions for all scopes...
2024-04-11 08:13:10.539 [info] Got 1 sessions for ...
2024-04-11 08:13:20.795 [info] Getting sessions for read:user,repo,user:email,workflow...
2024-04-11 08:13:20.795 [info] Got 1 sessions for read:user,repo,user:email,workflow...
2024-04-11 08:13:30.603 [info] Getting sessions for read:user,repo,user:email,workflow...
2024-04-11 08:13:30.603 [info] Got 1 sessions for read:user,repo,user:email,workflow...
