2024-04-10 21:58:32.595 [info] Added views:workbench.panel.markers.view in workbench.panel.markers
2024-04-10 21:58:32.595 [info] Added views:workbench.panel.output in workbench.panel.output
2024-04-10 21:58:32.595 [info] Added views:terminal in terminal
2024-04-10 21:58:32.595 [info] Added views:outline in workbench.view.explorer
2024-04-10 21:58:32.595 [info] Added views:workbench.scm in workbench.view.scm
2024-04-10 21:58:32.595 [info] Added views:workbench.view.search in workbench.view.search
2024-04-10 21:58:32.595 [info] Added views:timeline in workbench.view.explorer
2024-04-10 21:58:32.595 [info] Added views:workbench.explorer.openEditorsView,workbench.explorer.fileView in workbench.view.explorer
2024-04-10 21:58:32.890 [info] Added views:workbench.debug.welcome in workbench.view.debug
2024-04-10 21:58:33.145 [info] Added views:gitlens.views.home,gitlens.views.workspaces,gitlens.views.account in workbench.view.extension.gitlens
2024-04-10 21:58:33.145 [info] Added views:gitlens.views.commitDetails,gitlens.views.lineHistory,gitlens.views.fileHistory,gitlens.views.searchAndCompare in workbench.view.extension.gitlensInspect
2024-04-10 21:58:33.147 [info] Added views:gitlens.views.commits,gitlens.views.branches,gitlens.views.remotes,gitlens.views.stashes,gitlens.views.tags,gitlens.views.contributors in workbench.view.scm
2024-04-10 21:58:33.147 [info] Added views:pr:github,issues:github in workbench.view.extension.github-pull-requests
2024-04-10 21:58:33.152 [info] Added views:liveshare.session in workbench.view.extension.liveshare
2024-04-10 21:58:33.669 [info] Added views:workbench.panel.repl.view in workbench.panel.repl
2024-04-10 21:58:34.767 [info] Added views:gitlens.views.drafts in workbench.view.extension.gitlens
2024-04-10 21:58:34.798 [info] Added views:petsView in workbench.view.explorer
2024-04-10 21:58:35.049 [info] Added views:gitlens.views.graph,gitlens.views.graphDetails in workbench.view.extension.gitlensPanel
2024-04-10 21:58:35.050 [info] Added views:gitlens.views.timeline in workbench.view.extension.gitlensInspect
2024-04-10 21:58:35.053 [info] Added views:gitlens.views.worktrees in workbench.view.scm
2024-04-10 21:58:35.845 [info] Added views:github:activePullRequest:welcome in workbench.view.extension.github-pull-request
2024-04-10 21:58:36.127 [info] Added views:workbench.panel.comments in workbench.panel.comments
2024-04-10 21:58:36.588 [info] Added views:~remote.forwardedPorts in ~remote.forwardedPortsContainer
2024-04-10 21:58:42.911 [info] Removed views:github:activePullRequest:welcome from workbench.view.extension.github-pull-request
