2024-05-01 12:14:06.745 [info] Log level: Info
2024-05-01 12:14:06.746 [info] Validating found git in: "git"
2024-05-01 12:14:06.746 [info] Using git "2.45.0" from "git"
2024-05-01 12:15:00.524 [info] Log level: Info
2024-05-01 12:15:00.524 [info] Validating found git in: "git"
2024-05-01 12:15:00.524 [info] Using git "2.45.0" from "git"
2024-05-01 12:15:00.524 [info] > git rev-parse --show-toplevel [3ms]
2024-05-01 12:15:00.524 [info] > git rev-parse --git-dir --git-common-dir [1ms]
2024-05-01 12:15:00.524 [info] Open repository: /home/I40S/.config
2024-05-01 12:15:00.524 [info] > git config --get commit.template [5ms]
2024-05-01 12:15:00.524 [info] > git rev-parse --show-toplevel [3ms]
2024-05-01 12:15:00.524 [info] > git for-each-ref --format=%(refname)%00%(upstream:short)%00%(objectname)%00%(upstream:track)%00%(upstream:remotename)%00%(upstream:remoteref) refs/heads/main refs/remotes/main [8ms]
2024-05-01 12:15:00.524 [info] > git rev-parse --show-toplevel [17ms]
2024-05-01 12:15:00.525 [info] > git rev-parse --show-toplevel [8ms]
2024-05-01 12:15:00.534 [info] > git rev-parse --show-toplevel [3ms]
2024-05-01 12:15:00.698 [info] > git rev-parse --show-toplevel [158ms]
2024-05-01 12:15:00.892 [info] > git status -z -uall [369ms] (cancelled)
2024-05-01 12:15:00.893 [info] > git rev-parse --show-toplevel [47ms]
2024-05-01 12:15:00.905 [info] > git rev-parse --show-toplevel [2ms]
2024-05-01 12:15:00.923 [info] > git rev-parse --show-toplevel [4ms]
2024-05-01 12:15:00.932 [info] > git rev-parse --show-toplevel [3ms]
2024-05-01 12:15:01.019 [info] > git rev-parse --show-toplevel [82ms]
2024-05-01 12:15:01.282 [info] > git check-ignore -v -z --stdin [86ms]
2024-05-01 12:15:01.284 [info] > git rev-parse --show-toplevel [81ms]
2024-05-01 12:15:01.303 [info] > git rev-parse --show-toplevel [3ms]
2024-05-01 12:15:01.372 [info] > git rev-parse --show-toplevel [42ms]
2024-05-01 12:15:01.454 [info] > git rev-parse --show-toplevel [76ms]
2024-05-01 12:15:01.465 [info] > git rev-parse --show-toplevel [3ms]
2024-05-01 12:15:01.479 [info] > git rev-parse --show-toplevel [9ms]
2024-05-01 12:15:01.556 [info] > git rev-parse --show-toplevel [36ms]
2024-05-01 12:15:01.590 [info] > git rev-parse --show-toplevel [13ms]
2024-05-01 12:15:01.599 [info] > git rev-parse --show-toplevel [2ms]
2024-05-01 12:15:01.610 [info] > git rev-parse --show-toplevel [6ms]
2024-05-01 12:15:01.619 [info] > git rev-parse --show-toplevel [2ms]
2024-05-01 12:15:01.634 [info] > git rev-parse --show-toplevel [9ms]
2024-05-01 12:15:01.677 [info] > git rev-parse --show-toplevel [37ms]
2024-05-01 12:15:01.697 [info] > git rev-parse --show-toplevel [13ms]
2024-05-01 12:15:01.710 [info] > git rev-parse --show-toplevel [7ms]
2024-05-01 12:15:01.760 [info] > git rev-parse --show-toplevel [40ms]
2024-05-01 12:15:01.780 [info] > git rev-parse --show-toplevel [6ms]
2024-05-01 12:15:01.813 [info] > git rev-parse --show-toplevel [28ms]
2024-05-01 12:15:01.841 [info] > git rev-parse --show-toplevel [22ms]
2024-05-01 12:15:01.873 [info] > git rev-parse --show-toplevel [11ms]
2024-05-01 12:15:01.911 [info] > git rev-parse --show-toplevel [4ms]
2024-05-01 12:15:01.949 [info] > git rev-parse --show-toplevel [32ms]
2024-05-01 12:15:02.107 [info] > git rev-parse --show-toplevel [76ms]
2024-05-01 12:15:02.132 [info] > git rev-parse --show-toplevel [13ms]
2024-05-01 12:15:02.141 [info] > git rev-parse --show-toplevel [2ms]
2024-05-01 12:15:02.147 [info] > git rev-parse --show-toplevel [1ms]
2024-05-01 12:15:02.154 [info] > git rev-parse --show-toplevel [2ms]
2024-05-01 12:15:02.161 [info] > git rev-parse --show-toplevel [1ms]
2024-05-01 12:15:02.169 [info] > git rev-parse --show-toplevel [2ms]
2024-05-01 12:15:02.180 [info] > git rev-parse --show-toplevel [2ms]
2024-05-01 12:15:02.188 [info] > git rev-parse --show-toplevel [2ms]
2024-05-01 12:15:02.196 [info] > git rev-parse --show-toplevel [1ms]
2024-05-01 12:15:02.204 [info] > git rev-parse --show-toplevel [1ms]
2024-05-01 12:15:02.212 [info] > git rev-parse --show-toplevel [2ms]
2024-05-01 12:15:02.221 [info] > git rev-parse --show-toplevel [2ms]
2024-05-01 12:15:02.228 [info] > git rev-parse --show-toplevel [2ms]
2024-05-01 12:15:02.235 [info] > git rev-parse --show-toplevel [2ms]
2024-05-01 12:15:02.241 [info] > git rev-parse --show-toplevel [1ms]
2024-05-01 12:15:02.247 [info] > git rev-parse --show-toplevel [1ms]
2024-05-01 12:15:02.253 [info] > git rev-parse --show-toplevel [1ms]
2024-05-01 12:15:02.258 [info] > git rev-parse --show-toplevel [1ms]
2024-05-01 12:15:02.264 [info] > git rev-parse --show-toplevel [2ms]
2024-05-01 12:15:02.269 [info] > git rev-parse --show-toplevel [1ms]
2024-05-01 12:15:02.276 [info] > git rev-parse --show-toplevel [2ms]
2024-05-01 12:15:02.283 [info] > git rev-parse --show-toplevel [2ms]
2024-05-01 12:15:02.298 [info] > git rev-parse --show-toplevel [10ms]
2024-05-01 12:15:02.306 [info] > git rev-parse --show-toplevel [4ms]
2024-05-01 12:15:02.321 [info] > git show --textconv :eww/modules/bg_widgets.yuck [8ms]
2024-05-01 12:15:02.322 [info] > git ls-files --stage -- /home/I40S/.config/eww/modules/bg_widgets.yuck [3ms]
2024-05-01 12:15:02.351 [info] > git cat-file -s b2ac4dccd3476631db490001f279b7eeb3a67ad0 [24ms]
2024-05-01 12:15:02.769 [info] > git config --local branch.main.github-pr-owner-number [77ms]
2024-05-01 12:15:02.769 [warning] git config failed: Failed to execute git
2024-05-01 12:15:04.090 [info] > git merge-base refs/heads/main refs/remotes/origin/main [102ms]
2024-05-01 12:15:04.674 [info] > git rev-list --count --left-right refs/heads/main...refs/remotes/origin/main [578ms]
2024-05-01 12:15:04.680 [info] > git config --get commit.template [592ms]
2024-05-01 12:15:04.685 [info] > git diff --name-status -z --diff-filter=ADMR 824edd8fb9fb510089b60ca32a6560b43971bbb4...refs/remotes/origin/main [5ms]
2024-05-01 12:15:04.692 [info] > git for-each-ref --format=%(refname)%00%(upstream:short)%00%(objectname)%00%(upstream:track)%00%(upstream:remotename)%00%(upstream:remoteref) refs/heads/main refs/remotes/main [1ms]
2024-05-01 12:15:04.861 [info] > git status -z -uall [163ms] (cancelled)
2024-05-01 12:15:12.113 [info] > git check-ignore -v -z --stdin [6ms]
2024-05-01 12:15:13.749 [info] > git check-ignore -v -z --stdin [6ms]
2024-05-01 12:15:15.959 [info] > git show --textconv :hypr/hyprland.conf [7ms]
2024-05-01 12:15:15.961 [info] > git ls-files --stage -- /home/I40S/.config/hypr/hyprland.conf [3ms]
2024-05-01 12:15:15.969 [info] > git cat-file -s c1725f3370964b4586df6e73d3972a9a633bb631 [2ms]
