2024-05-04 19:20:26.675 [info] Log level: Info
2024-05-04 19:20:26.675 [info] Validating found git in: "git"
2024-05-04 19:20:26.675 [info] Using git "2.45.0" from "git"
2024-05-04 19:20:26.675 [info] > git rev-parse --show-toplevel [7ms]
2024-05-04 19:20:26.675 [info] > git rev-parse --git-dir --git-common-dir [3ms]
2024-05-04 19:20:26.675 [info] Open repository: /home/I40S/.config
2024-05-04 19:20:26.833 [info] > git rev-parse --show-toplevel [149ms]
2024-05-04 19:20:26.835 [info] > git config --get commit.template [154ms]
2024-05-04 19:20:26.990 [info] > git rev-parse --show-toplevel [39ms]
2024-05-04 19:20:27.002 [info] > git for-each-ref --format=%(refname)%00%(upstream:short)%00%(objectname)%00%(upstream:track)%00%(upstream:remotename)%00%(upstream:remoteref) refs/heads/main refs/remotes/main [15ms]
2024-05-04 19:20:27.009 [info] > git rev-parse --show-toplevel [8ms]
2024-05-04 19:20:27.028 [info] > git rev-parse --show-toplevel [5ms]
2024-05-04 19:20:27.287 [info] > git rev-parse --show-toplevel [72ms]
2024-05-04 19:20:27.294 [info] > git rev-parse --show-toplevel [2ms]
2024-05-04 19:20:27.389 [info] > git rev-parse --show-toplevel [8ms]
2024-05-04 19:20:27.400 [info] > git check-ignore -v -z --stdin [13ms]
2024-05-04 19:20:27.401 [info] > git rev-parse --show-toplevel [3ms]
2024-05-04 19:20:27.478 [info] > git rev-parse --show-toplevel [71ms]
2024-05-04 19:20:27.578 [info] > git status -z -uall [369ms] (cancelled)
2024-05-04 19:20:27.578 [info] > git rev-parse --show-toplevel [85ms]
2024-05-04 19:20:27.642 [info] > git rev-parse --show-toplevel [9ms]
2024-05-04 19:20:27.651 [info] > git rev-parse --show-toplevel [1ms]
2024-05-04 19:20:27.655 [info] > git rev-parse --show-toplevel [1ms]
2024-05-04 19:20:27.661 [info] > git rev-parse --show-toplevel [2ms]
2024-05-04 19:20:27.667 [info] > git rev-parse --show-toplevel [2ms]
2024-05-04 19:20:27.675 [info] > git rev-parse --show-toplevel [2ms]
2024-05-04 19:20:27.681 [info] > git rev-parse --show-toplevel [2ms]
2024-05-04 19:20:27.687 [info] > git rev-parse --show-toplevel [2ms]
2024-05-04 19:20:27.696 [info] > git rev-parse --show-toplevel [4ms]
2024-05-04 19:20:27.803 [info] > git rev-parse --show-toplevel [84ms]
2024-05-04 19:20:27.810 [info] > git rev-parse --show-toplevel [2ms]
2024-05-04 19:20:27.870 [info] > git rev-parse --show-toplevel [35ms]
2024-05-04 19:20:27.892 [info] > git rev-parse --show-toplevel [5ms]
2024-05-04 19:20:27.901 [info] > git rev-parse --show-toplevel [2ms]
2024-05-04 19:20:28.016 [info] > git rev-parse --show-toplevel [78ms]
2024-05-04 19:20:28.036 [info] > git rev-parse --show-toplevel [14ms]
2024-05-04 19:20:28.149 [info] > git rev-parse --show-toplevel [107ms]
2024-05-04 19:20:28.171 [info] > git rev-parse --show-toplevel [2ms]
2024-05-04 19:20:28.180 [info] > git rev-parse --show-toplevel [2ms]
2024-05-04 19:20:28.188 [info] > git rev-parse --show-toplevel [2ms]
2024-05-04 19:20:28.196 [info] > git rev-parse --show-toplevel [3ms]
2024-05-04 19:20:28.221 [info] > git rev-parse --show-toplevel [3ms]
2024-05-04 19:20:28.230 [info] > git rev-parse --show-toplevel [2ms]
2024-05-04 19:20:28.235 [info] > git rev-parse --show-toplevel [2ms]
2024-05-04 19:20:28.241 [info] > git rev-parse --show-toplevel [2ms]
2024-05-04 19:20:28.248 [info] > git rev-parse --show-toplevel [1ms]
2024-05-04 19:20:28.254 [info] > git rev-parse --show-toplevel [2ms]
2024-05-04 19:20:28.261 [info] > git rev-parse --show-toplevel [2ms]
2024-05-04 19:20:28.267 [info] > git rev-parse --show-toplevel [2ms]
2024-05-04 19:20:28.272 [info] > git rev-parse --show-toplevel [1ms]
2024-05-04 19:20:28.279 [info] > git rev-parse --show-toplevel [1ms]
2024-05-04 19:20:28.284 [info] > git rev-parse --show-toplevel [1ms]
2024-05-04 19:20:28.289 [info] > git rev-parse --show-toplevel [1ms]
2024-05-04 19:20:28.296 [info] > git rev-parse --show-toplevel [1ms]
2024-05-04 19:20:28.301 [info] > git rev-parse --show-toplevel [1ms]
2024-05-04 19:20:28.307 [info] > git rev-parse --show-toplevel [2ms]
2024-05-04 19:20:28.313 [info] > git rev-parse --show-toplevel [2ms]
2024-05-04 19:20:28.319 [info] > git rev-parse --show-toplevel [1ms]
2024-05-04 19:20:28.328 [info] > git rev-parse --show-toplevel [3ms]
2024-05-04 19:20:28.353 [info] > git rev-parse --show-toplevel [21ms]
2024-05-04 19:20:28.361 [info] > git rev-parse --show-toplevel [2ms]
2024-05-04 19:20:28.367 [info] > git rev-parse --show-toplevel [1ms]
2024-05-04 19:20:28.375 [info] > git rev-parse --show-toplevel [2ms]
2024-05-04 19:20:28.382 [info] > git rev-parse --show-toplevel [1ms]
2024-05-04 19:20:28.389 [info] > git rev-parse --show-toplevel [2ms]
2024-05-04 19:20:28.398 [info] > git rev-parse --show-toplevel [2ms]
2024-05-04 19:20:28.404 [info] > git rev-parse --show-toplevel [1ms]
2024-05-04 19:20:28.420 [info] > git show --textconv :hypr/hyprland.conf [7ms]
2024-05-04 19:20:28.421 [info] > git ls-files --stage -- /home/I40S/.config/hypr/hyprland.conf [3ms]
2024-05-04 19:20:28.430 [info] > git cat-file -s c1725f3370964b4586df6e73d3972a9a633bb631 [2ms]
2024-05-04 19:20:29.002 [info] > git config --local branch.main.github-pr-owner-number [73ms]
2024-05-04 19:20:29.002 [warning] git config failed: Failed to execute git
2024-05-04 19:20:30.176 [info] > git merge-base refs/heads/main refs/remotes/origin/main [94ms]
2024-05-04 19:20:30.769 [info] > git rev-list --count --left-right refs/heads/main...refs/remotes/origin/main [588ms]
2024-05-04 19:20:30.774 [info] > git config --get commit.template [601ms]
2024-05-04 19:20:30.779 [info] > git diff --name-status -z --diff-filter=ADMR 824edd8fb9fb510089b60ca32a6560b43971bbb4...refs/remotes/origin/main [5ms]
2024-05-04 19:20:30.784 [info] > git for-each-ref --format=%(refname)%00%(upstream:short)%00%(objectname)%00%(upstream:track)%00%(upstream:remotename)%00%(upstream:remoteref) refs/heads/main refs/remotes/main [1ms]
2024-05-04 19:20:30.979 [info] > git status -z -uall [191ms] (cancelled)
2024-05-04 19:20:54.322 [info] > git check-ignore -v -z --stdin [3ms]
2024-05-04 19:25:28.045 [info] > git config --local branch.main.github-pr-owner-number [1ms]
2024-05-04 19:25:28.045 [warning] git config failed: Failed to execute git
2024-05-04 19:29:23.256 [info] > git check-ignore -v -z --stdin [4ms]
2024-05-04 19:29:24.540 [info] > git show --textconv :eww/windows.yuck [8ms]
2024-05-04 19:29:24.542 [info] > git ls-files --stage -- /home/I40S/.config/eww/windows.yuck [3ms]
2024-05-04 19:29:24.550 [info] > git cat-file -s f8a6d14e140f30d1ae3bee20e49531adb784036d [2ms]
2024-05-04 19:29:33.113 [info] > git check-ignore -v -z --stdin [5ms]
2024-05-04 19:29:33.974 [info] > git show --textconv :eww/modules/bar.yuck [9ms]
2024-05-04 19:29:33.976 [info] > git ls-files --stage -- /home/I40S/.config/eww/modules/bar.yuck [3ms]
2024-05-04 19:29:33.984 [info] > git cat-file -s 0e01f3439e52bd67d1d4ad845d9c09b192806c08 [2ms]
2024-05-04 19:29:35.300 [info] > git show --textconv :eww/modules/bg_widgets.yuck [9ms]
2024-05-04 19:29:35.303 [info] > git ls-files --stage -- /home/I40S/.config/eww/modules/bg_widgets.yuck [3ms]
2024-05-04 19:29:35.310 [info] > git cat-file -s b2ac4dccd3476631db490001f279b7eeb3a67ad0 [2ms]
2024-05-04 19:29:38.639 [info] > git show --textconv :eww/modules/clock.yuck [10ms]
2024-05-04 19:29:38.641 [info] > git ls-files --stage -- /home/I40S/.config/eww/modules/clock.yuck [3ms]
2024-05-04 19:29:38.651 [info] > git cat-file -s acd5524451f4290ac07d3c5a3c6decd359300b58 [2ms]
2024-05-04 19:29:51.242 [info] > git check-ignore -v -z --stdin [3ms]
2024-05-04 19:29:52.678 [info] > git check-ignore -v -z --stdin [3ms]
2024-05-04 19:29:54.258 [info] > git show --textconv :eww/modules/weather.yuck [9ms]
2024-05-04 19:29:54.259 [info] > git ls-files --stage -- /home/I40S/.config/eww/modules/weather.yuck [3ms]
2024-05-04 19:29:54.266 [info] > git cat-file -s ba16b12047344594b0393e9f17619bbadbf26f50 [1ms]
2024-05-04 19:30:06.720 [info] > git check-ignore -v -z --stdin [4ms]
2024-05-04 19:30:09.160 [info] > git check-ignore -v -z --stdin [5ms]
2024-05-04 19:30:10.385 [info] > git show --textconv :eww/scripts/generate_wallpaper.sh [7ms]
2024-05-04 19:30:10.388 [info] > git ls-files --stage -- /home/I40S/.config/eww/scripts/generate_wallpaper.sh [3ms]
2024-05-04 19:30:10.396 [info] > git cat-file -s 34d54627e6dc5271e619d1fe34a8d8892fea6e92 [2ms]
2024-05-04 19:30:13.522 [info] > git check-ignore -v -z --stdin [4ms]
2024-05-04 19:30:15.421 [info] > git show --textconv :eww/scripts/weather.py [8ms]
2024-05-04 19:30:15.424 [info] > git ls-files --stage -- /home/I40S/.config/eww/scripts/weather.py [4ms]
2024-05-04 19:30:15.433 [info] > git cat-file -s bada024af1bdfa8c16a9b112984c7858c4bda325 [2ms]
2024-05-04 19:30:28.057 [info] > git config --local branch.main.github-pr-owner-number [2ms]
2024-05-04 19:30:28.057 [warning] git config failed: Failed to execute git
