2024-05-01 12:14:06.968 [warning] /home/I40S/.ssh/config: ENOENT: no such file or directory, open '/home/I40S/.ssh/config'
2024-05-01 12:14:06.968 [info] Activation> Extension version: 0.86.1
2024-05-01 12:14:07.474 [info] Looking for git repository
2024-05-01 12:14:07.474 [info] Found 0 repositories during activation
2024-05-01 12:14:07.474 [info] Git repository found, initializing review manager and pr tree view.
2024-05-01 12:14:07.476 [info] Registering git provider
2024-05-01 12:15:01.355 [warning] /home/I40S/.ssh/config: ENOENT: no such file or directory, open '/home/I40S/.ssh/config'
2024-05-01 12:15:01.356 [info] Activation> Extension version: 0.86.1
2024-05-01 12:15:01.691 [info] Looking for git repository
2024-05-01 12:15:01.691 [info] Found 0 repositories during activation
2024-05-01 12:15:01.691 [info] Git repository found, initializing review manager and pr tree view.
2024-05-01 12:15:01.694 [info] Registering git provider
2024-05-01 12:15:02.308 [info] Git initialization state changed: state=initialized
2024-05-01 12:15:02.308 [info] Review+0> Validate state in progress
2024-05-01 12:15:02.308 [info] Review+0> Validating state...
2024-05-01 12:15:02.328 [info] Found GitHub remote for folder /home/I40S/.config
2024-05-01 12:15:02.683 [info] Trying to use globalState for assignableUsers.
2024-05-01 12:15:02.769 [info] Review+0> No matching pull request metadata found locally for current branch main
2024-05-01 12:15:02.804 [info] Using globalState assignableUsers for 1.
2024-05-01 12:15:03.087 [info] Review+0> No matching pull request metadata found on GitHub for current branch main
2024-05-01 12:15:04.080 [info] Repo state for file:///home/I40S/.config changed.
2024-05-01 12:15:04.080 [info] Repo file:///home/I40S/.config has already been setup.
