2024-04-11 19:22:31.793 [info] Reading sessions from keychain...
2024-04-11 19:22:31.793 [info] Getting sessions for all scopes...
2024-04-11 19:22:31.793 [info] Getting sessions for all scopes...
2024-04-11 19:22:31.793 [info] Got stored sessions!
2024-04-11 19:22:31.793 [info] Got 1 verified sessions.
2024-04-11 19:22:31.793 [info] Got 1 sessions for ...
2024-04-11 19:22:31.793 [info] Got 1 sessions for ...
2024-04-11 19:22:31.842 [info] Getting sessions for project,read:org,read:user,repo,user:email,workflow...
2024-04-11 19:22:31.842 [info] Got 0 sessions for project,read:org,read:user,repo,user:email,workflow...
2024-04-11 19:22:31.843 [info] Getting sessions for all scopes...
2024-04-11 19:22:31.843 [info] Got 1 sessions for ...
2024-04-11 19:22:32.000 [info] Getting sessions for all scopes...
2024-04-11 19:22:32.000 [info] Got 1 sessions for ...
2024-04-11 19:22:32.027 [info] Getting sessions for read:user,repo,user:email,workflow...
2024-04-11 19:22:32.027 [info] Got 1 sessions for read:user,repo,user:email,workflow...
2024-04-11 19:22:32.212 [info] Getting sessions for read:user,repo,user:email...
2024-04-11 19:22:32.212 [info] Got 0 sessions for read:user,repo,user:email...
2024-04-11 19:22:32.285 [info] Getting sessions for read:user,repo,user:email,workflow...
2024-04-11 19:22:32.285 [info] Got 1 sessions for read:user,repo,user:email,workflow...
2024-04-11 19:22:35.319 [info] Getting sessions for read:user,repo,user:email,workflow...
2024-04-11 19:22:35.319 [info] Got 1 sessions for read:user,repo,user:email,workflow...
2024-04-11 19:22:36.494 [info] Getting sessions for read:user,repo,user:email,workflow...
2024-04-11 19:22:36.494 [info] Got 1 sessions for read:user,repo,user:email,workflow...
