2024-04-11 08:25:18.096 [info] Log level: Info
2024-04-11 08:25:18.096 [info] Validating found git in: "git"
2024-04-11 08:25:18.096 [info] Using git "2.44.0" from "git"
2024-04-11 08:25:18.096 [info] > git rev-parse --show-toplevel [9ms]
2024-04-11 08:25:18.096 [info] > git rev-parse --git-dir --git-common-dir [1ms]
2024-04-11 08:25:18.096 [info] Open repository: /home/I40S/.config
2024-04-11 08:25:18.109 [info] > git rev-parse --show-toplevel [3ms]
2024-04-11 08:25:18.110 [info] > git config --get commit.template [7ms]
2024-04-11 08:25:18.134 [info] > git rev-parse --show-toplevel [12ms]
2024-04-11 08:25:18.140 [info] > git for-each-ref --format=%(refname)%00%(upstream:short)%00%(objectname)%00%(upstream:track)%00%(upstream:remotename)%00%(upstream:remoteref) refs/heads/main refs/remotes/main [8ms]
2024-04-11 08:25:18.144 [info] > git rev-parse --show-toplevel [4ms]
2024-04-11 08:25:18.269 [info] > git rev-parse --show-toplevel [119ms]
2024-04-11 08:25:18.297 [info] > git rev-parse --show-toplevel [1ms]
2024-04-11 08:25:18.385 [info] > git rev-parse --show-toplevel [82ms]
2024-04-11 08:25:18.418 [info] > git rev-parse --show-toplevel [8ms]
2024-04-11 08:25:18.431 [info] > git status -z -uall [163ms] (cancelled)
2024-04-11 08:25:18.440 [info] > git rev-parse --show-toplevel [13ms]
2024-04-11 08:25:18.454 [info] > git rev-parse --show-toplevel [7ms]
2024-04-11 08:25:18.463 [info] > git rev-parse --show-toplevel [2ms]
2024-04-11 08:25:18.471 [info] > git rev-parse --show-toplevel [3ms]
2024-04-11 08:25:18.720 [info] > git rev-parse --show-toplevel [165ms]
2024-04-11 08:25:18.819 [info] > git check-ignore -v -z --stdin [19ms]
2024-04-11 08:25:18.820 [info] > git rev-parse --show-toplevel [6ms]
2024-04-11 08:25:18.863 [info] > git rev-parse --show-toplevel [36ms]
2024-04-11 08:25:19.003 [info] > git rev-parse --show-toplevel [113ms]
2024-04-11 08:25:19.018 [info] > git rev-parse --show-toplevel [7ms]
2024-04-11 08:25:19.037 [info] > git rev-parse --show-toplevel [12ms]
2024-04-11 08:25:19.279 [info] > git rev-parse --show-toplevel [147ms]
2024-04-11 08:25:19.313 [info] > git rev-parse --show-toplevel [3ms]
2024-04-11 08:25:19.337 [info] > git rev-parse --show-toplevel [2ms]
2024-04-11 08:25:19.377 [info] > git rev-parse --show-toplevel [34ms]
2024-04-11 08:25:19.388 [info] > git rev-parse --show-toplevel [3ms]
2024-04-11 08:25:19.404 [info] > git rev-parse --show-toplevel [3ms]
2024-04-11 08:25:19.417 [info] > git rev-parse --show-toplevel [4ms]
2024-04-11 08:25:19.427 [info] > git rev-parse --show-toplevel [1ms]
2024-04-11 08:25:19.434 [info] > git rev-parse --show-toplevel [2ms]
2024-04-11 08:25:19.440 [info] > git rev-parse --show-toplevel [2ms]
2024-04-11 08:25:19.462 [info] > git rev-parse --show-toplevel [2ms]
2024-04-11 08:25:19.578 [info] > git rev-parse --show-toplevel [97ms]
2024-04-11 08:25:19.600 [info] > git rev-parse --show-toplevel [4ms]
2024-04-11 08:25:19.607 [info] > git rev-parse --show-toplevel [2ms]
2024-04-11 08:25:19.613 [info] > git rev-parse --show-toplevel [2ms]
2024-04-11 08:25:19.707 [info] > git rev-parse --show-toplevel [89ms]
2024-04-11 08:25:19.732 [info] > git rev-parse --show-toplevel [18ms]
2024-04-11 08:25:19.739 [info] > git rev-parse --show-toplevel [2ms]
2024-04-11 08:25:19.745 [info] > git rev-parse --show-toplevel [1ms]
2024-04-11 08:25:19.774 [info] > git rev-parse --show-toplevel [1ms]
2024-04-11 08:25:19.781 [info] > git rev-parse --show-toplevel [2ms]
2024-04-11 08:25:19.797 [info] > git rev-parse --show-toplevel [4ms]
2024-04-11 08:25:19.804 [info] > git rev-parse --show-toplevel [2ms]
2024-04-11 08:25:19.810 [info] > git rev-parse --show-toplevel [2ms]
2024-04-11 08:25:19.817 [info] > git rev-parse --show-toplevel [2ms]
2024-04-11 08:25:19.826 [info] > git rev-parse --show-toplevel [3ms]
2024-04-11 08:25:19.844 [info] > git rev-parse --show-toplevel [13ms]
2024-04-11 08:25:19.850 [info] > git rev-parse --show-toplevel [2ms]
2024-04-11 08:25:19.857 [info] > git rev-parse --show-toplevel [3ms]
2024-04-11 08:25:19.863 [info] > git rev-parse --show-toplevel [1ms]
2024-04-11 08:25:19.870 [info] > git rev-parse --show-toplevel [2ms]
2024-04-11 08:25:19.875 [info] > git rev-parse --show-toplevel [1ms]
2024-04-11 08:25:19.881 [info] > git rev-parse --show-toplevel [2ms]
2024-04-11 08:25:19.887 [info] > git rev-parse --show-toplevel [2ms]
2024-04-11 08:25:19.893 [info] > git rev-parse --show-toplevel [1ms]
2024-04-11 08:25:19.900 [info] > git rev-parse --show-toplevel [1ms]
2024-04-11 08:25:19.915 [info] > git show --textconv :eww/modules/control_center.yuck [6ms]
2024-04-11 08:25:19.917 [info] > git ls-files --stage -- /home/I40S/.config/eww/modules/control_center.yuck [4ms]
2024-04-11 08:25:19.947 [info] > git cat-file -s 09f302e0f531f7d3888f768302e8cda7147c3cde [25ms]
2024-04-11 08:25:21.231 [info] > git config --local branch.main.github-pr-owner-number [59ms]
2024-04-11 08:25:21.231 [warning] git config failed: Failed to execute git
2024-04-11 08:25:23.959 [info] > git show --textconv :eww/modules/music.yuck [6ms]
2024-04-11 08:25:23.962 [info] > git ls-files --stage -- /home/I40S/.config/eww/modules/music.yuck [3ms]
2024-04-11 08:25:23.969 [info] > git cat-file -s 7349d38f86df3b186ddd781c13640542263c4cec [2ms]
2024-04-11 08:25:36.853 [info] > git merge-base refs/heads/main refs/remotes/origin/main [698ms]
2024-04-11 08:25:36.861 [info] > git config --get commit.template [10ms]
2024-04-11 08:25:36.866 [info] > git rev-list --count --left-right refs/heads/main...refs/remotes/origin/main [7ms]
2024-04-11 08:25:36.876 [info] > git diff --name-status -z --diff-filter=ADMR 136f723ef6c39fecff7d845454be1bdefdd41859...refs/remotes/origin/main [6ms]
2024-04-11 08:25:36.877 [info] > git for-each-ref --format=%(refname)%00%(upstream:short)%00%(objectname)%00%(upstream:track)%00%(upstream:remotename)%00%(upstream:remoteref) refs/heads/main refs/remotes/main [2ms]
2024-04-11 08:25:37.047 [info] > git status -z -uall [165ms] (cancelled)
2024-04-11 08:26:17.228 [info] > git check-ignore -v -z --stdin [6ms]
2024-04-11 08:26:18.937 [info] > git show --textconv :eww/windows.yuck [8ms]
2024-04-11 08:26:18.940 [info] > git ls-files --stage -- /home/I40S/.config/eww/windows.yuck [4ms]
2024-04-11 08:26:18.949 [info] > git cat-file -s cba89fdda7bc5a4d13db00028231cac7a930139a [3ms]
2024-04-11 08:26:48.061 [info] > git check-ignore -v -z --stdin [4ms]
2024-04-11 08:27:30.267 [info] > git show --textconv :eww/eww.scss [9ms]
2024-04-11 08:27:30.269 [info] > git ls-files --stage -- /home/I40S/.config/eww/eww.scss [2ms]
2024-04-11 08:27:30.274 [info] > git cat-file -s 1e12bf05875680a351f16ea5207a1c5d9292f5d3 [1ms]
2024-04-11 08:27:32.998 [info] > git check-ignore -v -z --stdin [4ms]
2024-04-11 08:27:35.191 [info] > git check-ignore -v -z --stdin [5ms]
2024-04-11 08:27:37.618 [info] > git check-ignore -v -z --stdin [6ms]
2024-04-11 08:27:38.404 [info] > git show --textconv :eww/scss/bar.scss [9ms]
2024-04-11 08:27:38.405 [info] > git ls-files --stage -- /home/I40S/.config/eww/scss/bar.scss [3ms]
2024-04-11 08:27:38.413 [info] > git cat-file -s 408e03b97656e93a3b00e2ab60f97fd607ece75f [2ms]
2024-04-11 08:27:59.641 [info] > git show --textconv :eww/scss/indicator.scss [16ms]
2024-04-11 08:27:59.641 [info] > git ls-files --stage -- /home/I40S/.config/eww/scss/indicator.scss [8ms]
2024-04-11 08:27:59.649 [info] > git cat-file -s 6ac09666111c7a87d60546b2cb497d9b5aec6630 [2ms]
2024-04-11 08:28:21.261 [info] > git check-ignore -v -z --stdin [2ms]
2024-04-11 08:28:22.716 [info] > git show --textconv :eww/scss/logo.scss [8ms]
2024-04-11 08:28:22.718 [info] > git ls-files --stage -- /home/I40S/.config/eww/scss/logo.scss [3ms]
2024-04-11 08:28:22.726 [info] > git cat-file -s d78fcc2de4bfd77c5e9d81e4f1cf32d16ec578b9 [1ms]
2024-04-11 08:28:33.012 [info] > git show --textconv :eww/scss/workspaces.scss [8ms]
2024-04-11 08:28:33.014 [info] > git ls-files --stage -- /home/I40S/.config/eww/scss/workspaces.scss [3ms]
2024-04-11 08:28:33.022 [info] > git cat-file -s 3ac22b9163426434013de4eb8c8b7f81a9462c4e [1ms]
2024-04-11 08:29:53.563 [info] > git show --textconv :eww/scss/clock.scss [8ms]
2024-04-11 08:29:53.565 [info] > git ls-files --stage -- /home/I40S/.config/eww/scss/clock.scss [3ms]
2024-04-11 08:29:53.574 [info] > git cat-file -s 357fed40607ed0b578705a577bded7257094efae [2ms]
2024-04-11 08:30:19.367 [info] > git config --local branch.main.github-pr-owner-number [1ms]
2024-04-11 08:30:19.368 [warning] git config failed: Failed to execute git
2024-04-11 08:31:15.224 [info] > git show --textconv :eww/scss/bar.scss [10ms]
2024-04-11 08:31:15.227 [info] > git ls-files --stage -- /home/I40S/.config/eww/scss/bar.scss [4ms]
2024-04-11 08:31:15.242 [info] > git cat-file -s 408e03b97656e93a3b00e2ab60f97fd607ece75f [8ms]
2024-04-11 08:31:31.242 [info] > git show --textconv :eww/scss/logo.scss [7ms]
2024-04-11 08:31:31.244 [info] > git ls-files --stage -- /home/I40S/.config/eww/scss/logo.scss [3ms]
2024-04-11 08:31:31.252 [info] > git cat-file -s d78fcc2de4bfd77c5e9d81e4f1cf32d16ec578b9 [1ms]
2024-04-11 08:33:01.950 [info] > git show --textconv :eww/scss/quick_settings.scss [8ms]
2024-04-11 08:33:01.953 [info] > git ls-files --stage -- /home/I40S/.config/eww/scss/quick_settings.scss [3ms]
2024-04-11 08:33:01.961 [info] > git cat-file -s 7b6997ddc658a76d0b65439d42f1f08d2dccf6da [2ms]
2024-04-11 08:33:17.338 [info] > git show --textconv :eww/scss/recorder_menu.scss [8ms]
2024-04-11 08:33:17.341 [info] > git ls-files --stage -- /home/I40S/.config/eww/scss/recorder_menu.scss [3ms]
2024-04-11 08:33:17.350 [info] > git cat-file -s c08d25ebdfb676faf8d8f293d9d5dc06ce9ad55a [3ms]
2024-04-11 08:33:19.436 [info] > git show --textconv :eww/scss/taskbar.scss [8ms]
2024-04-11 08:33:19.438 [info] > git ls-files --stage -- /home/I40S/.config/eww/scss/taskbar.scss [3ms]
2024-04-11 08:33:19.447 [info] > git cat-file -s 6aa4d506d1f8561bdb59ab62bc43cddc10710578 [2ms]
2024-04-11 08:33:23.562 [info] > git show --textconv :eww/scss/tray.scss [8ms]
2024-04-11 08:33:23.565 [info] > git ls-files --stage -- /home/I40S/.config/eww/scss/tray.scss [4ms]
2024-04-11 08:33:23.573 [info] > git cat-file -s 4fc275851308ab741ff641d606f023ccfd2fac7d [2ms]
2024-04-11 08:34:06.241 [info] > git show --textconv :eww/modules/notifications_popup.yuck [8ms]
2024-04-11 08:34:06.243 [info] > git ls-files --stage -- /home/I40S/.config/eww/modules/notifications_popup.yuck [3ms]
2024-04-11 08:34:06.251 [info] > git cat-file -s 7dde2d63544f963008f930b69d15d2b334dda9b5 [2ms]
2024-04-11 08:34:07.211 [info] > git show --textconv :hypr/hyprland.conf [8ms]
2024-04-11 08:34:07.214 [info] > git ls-files --stage -- /home/I40S/.config/hypr/hyprland.conf [4ms]
2024-04-11 08:34:07.224 [info] > git cat-file -s 13fc163310ae45d19bf397b4146f3107baddf5d9 [3ms]
2024-04-11 08:34:37.670 [info] > git show --textconv :eww/scss/launcher.scss [8ms]
2024-04-11 08:34:37.673 [info] > git ls-files --stage -- /home/I40S/.config/eww/scss/launcher.scss [3ms]
2024-04-11 08:34:37.681 [info] > git cat-file -s a94645a0d7b2dcc35e6a5512820a5a482f9b695e [2ms]
2024-04-11 08:34:39.951 [info] > git show --textconv :eww/scss/picker.scss [10ms]
2024-04-11 08:34:39.953 [info] > git ls-files --stage -- /home/I40S/.config/eww/scss/picker.scss [3ms]
2024-04-11 08:34:39.961 [info] > git cat-file -s 506767da82ff8f087fe722c66a8e95631f6f4acf [2ms]
2024-04-11 08:34:41.578 [info] > git show --textconv :eww/scss/powermenu.scss [8ms]
2024-04-11 08:34:41.580 [info] > git ls-files --stage -- /home/I40S/.config/eww/scss/powermenu.scss [3ms]
2024-04-11 08:34:41.588 [info] > git cat-file -s ddf9a611f9823a56aaf5f33cc3dd195a1fa4f246 [2ms]
2024-04-11 08:34:55.532 [info] > git show --textconv :eww/scss/indicator.scss [11ms]
2024-04-11 08:34:55.534 [info] > git ls-files --stage -- /home/I40S/.config/eww/scss/indicator.scss [3ms]
2024-04-11 08:34:55.543 [info] > git cat-file -s 6ac09666111c7a87d60546b2cb497d9b5aec6630 [2ms]
2024-04-11 08:35:19.379 [info] > git config --local branch.main.github-pr-owner-number [2ms]
2024-04-11 08:35:19.379 [warning] git config failed: Failed to execute git
2024-04-11 08:35:45.202 [info] > git show --textconv :eww/scss/control_center.scss [8ms]
2024-04-11 08:35:45.204 [info] > git ls-files --stage -- /home/I40S/.config/eww/scss/control_center.scss [3ms]
2024-04-11 08:35:45.212 [info] > git cat-file -s 70557ad35d5b8ef5a4e14f27f0dd7f7cd2502580 [2ms]
2024-04-11 08:38:36.335 [info] > git show --textconv :eww/scss/logo.scss [11ms]
2024-04-11 08:38:36.337 [info] > git ls-files --stage -- /home/I40S/.config/eww/scss/logo.scss [3ms]
2024-04-11 08:38:36.345 [info] > git cat-file -s d78fcc2de4bfd77c5e9d81e4f1cf32d16ec578b9 [1ms]
2024-04-11 08:39:29.076 [info] > git show --textconv :eww/scss/indicator.scss [8ms]
2024-04-11 08:39:29.078 [info] > git ls-files --stage -- /home/I40S/.config/eww/scss/indicator.scss [2ms]
2024-04-11 08:39:29.087 [info] > git cat-file -s 6ac09666111c7a87d60546b2cb497d9b5aec6630 [2ms]
2024-04-11 08:39:46.377 [info] > git show --textconv :eww/scss/taskbar.scss [10ms]
2024-04-11 08:39:46.378 [info] > git ls-files --stage -- /home/I40S/.config/eww/scss/taskbar.scss [3ms]
2024-04-11 08:39:46.387 [info] > git cat-file -s 6aa4d506d1f8561bdb59ab62bc43cddc10710578 [2ms]
2024-04-11 08:40:07.575 [info] > git show --textconv :eww/scss/tray.scss [8ms]
2024-04-11 08:40:07.577 [info] > git ls-files --stage -- /home/I40S/.config/eww/scss/tray.scss [3ms]
2024-04-11 08:40:07.585 [info] > git cat-file -s 4fc275851308ab741ff641d606f023ccfd2fac7d [2ms]
2024-04-11 08:40:19.387 [info] > git config --local branch.main.github-pr-owner-number [1ms]
2024-04-11 08:40:19.387 [warning] git config failed: Failed to execute git
