2024-04-10 09:58:12.587 [info] Log level: Info
2024-04-10 09:58:12.587 [info] Validating found git in: "git"
2024-04-10 09:58:12.587 [info] Using git "2.44.0" from "git"
2024-04-10 09:58:12.587 [info] > git rev-parse --show-toplevel [3ms]
2024-04-10 09:58:12.587 [info] fatal: not a git repository (or any parent up to mount point /)
Stopping at filesystem boundary (GIT_DISCOVERY_ACROSS_FILESYSTEM not set).
2024-04-10 09:58:12.587 [info] > git rev-parse --show-toplevel [99ms]
2024-04-10 09:58:12.587 [info] fatal: not a git repository (or any parent up to mount point /)
Stopping at filesystem boundary (GIT_DISCOVERY_ACROSS_FILESYSTEM not set).
2024-04-10 09:58:12.589 [info] > git rev-parse --show-toplevel [19ms]
2024-04-10 09:58:12.590 [info] fatal: not a git repository (or any parent up to mount point /)
Stopping at filesystem boundary (GIT_DISCOVERY_ACROSS_FILESYSTEM not set).
2024-04-10 09:58:12.598 [info] > git rev-parse --show-toplevel [4ms]
2024-04-10 09:58:12.598 [info] fatal: not a git repository (or any parent up to mount point /)
Stopping at filesystem boundary (GIT_DISCOVERY_ACROSS_FILESYSTEM not set).
2024-04-10 09:58:12.901 [info] > git rev-parse --show-toplevel [6ms]
2024-04-10 09:58:12.902 [info] fatal: not a git repository (or any parent up to mount point /)
Stopping at filesystem boundary (GIT_DISCOVERY_ACROSS_FILESYSTEM not set).
2024-04-10 09:59:01.295 [info] > git rev-parse --show-toplevel [0ms]
2024-04-10 09:59:01.295 [info] fatal: not a git repository (or any parent up to mount point /)
Stopping at filesystem boundary (GIT_DISCOVERY_ACROSS_FILESYSTEM not set).
