2024-04-10 19:47:35.230 [info] Reading sessions from keychain...
2024-04-10 19:47:35.230 [info] Getting sessions for all scopes...
2024-04-10 19:47:35.230 [info] Getting sessions for all scopes...
2024-04-10 19:47:35.230 [info] Got stored sessions!
2024-04-10 19:47:35.230 [info] Got 1 verified sessions.
2024-04-10 19:47:35.230 [info] Got 1 sessions for ...
2024-04-10 19:47:35.230 [info] Got 1 sessions for ...
2024-04-10 19:47:35.230 [info] Getting sessions for all scopes...
2024-04-10 19:47:35.230 [info] Got 1 sessions for ...
2024-04-10 19:47:35.269 [info] Getting sessions for all scopes...
2024-04-10 19:47:35.269 [info] Got 1 sessions for ...
2024-04-10 19:47:35.349 [info] Getting sessions for project,read:org,read:user,repo,user:email,workflow...
2024-04-10 19:47:35.349 [info] Got 0 sessions for project,read:org,read:user,repo,user:email,workflow...
2024-04-10 19:47:35.552 [info] Getting sessions for read:user,repo,user:email,workflow...
2024-04-10 19:47:35.552 [info] Got 1 sessions for read:user,repo,user:email,workflow...
2024-04-10 19:47:35.666 [info] Getting sessions for read:user,repo,user:email,workflow...
2024-04-10 19:47:35.666 [info] Got 1 sessions for read:user,repo,user:email,workflow...
2024-04-10 19:47:58.786 [info] Reading sessions from keychain...
2024-04-10 19:47:58.786 [info] Getting sessions for all scopes...
2024-04-10 19:47:58.786 [info] Getting sessions for all scopes...
2024-04-10 19:47:58.786 [info] Got stored sessions!
2024-04-10 19:47:58.786 [info] Got 1 verified sessions.
2024-04-10 19:47:58.786 [info] Got 1 sessions for ...
2024-04-10 19:47:58.786 [info] Got 1 sessions for ...
2024-04-10 19:47:58.786 [info] Getting sessions for all scopes...
2024-04-10 19:47:58.786 [info] Got 1 sessions for ...
2024-04-10 19:47:59.023 [info] Getting sessions for project,read:org,read:user,repo,user:email,workflow...
2024-04-10 19:47:59.023 [info] Got 0 sessions for project,read:org,read:user,repo,user:email,workflow...
2024-04-10 19:47:59.158 [info] Getting sessions for read:user,repo,user:email,workflow...
2024-04-10 19:47:59.158 [info] Got 1 sessions for read:user,repo,user:email,workflow...
2024-04-10 19:47:59.249 [info] Getting sessions for read:user,repo,user:email,workflow...
2024-04-10 19:47:59.249 [info] Got 1 sessions for read:user,repo,user:email,workflow...
