2024-04-10 21:58:35.038 [info] Reading sessions from keychain...
2024-04-10 21:58:35.038 [info] Getting sessions for all scopes...
2024-04-10 21:58:35.038 [info] Getting sessions for all scopes...
2024-04-10 21:58:35.038 [info] Got stored sessions!
2024-04-10 21:58:35.038 [info] Got 1 verified sessions.
2024-04-10 21:58:35.038 [info] Got 1 sessions for ...
2024-04-10 21:58:35.038 [info] Got 1 sessions for ...
2024-04-10 21:58:35.301 [info] Getting sessions for project,read:org,read:user,repo,user:email,workflow...
2024-04-10 21:58:35.301 [info] Got 0 sessions for project,read:org,read:user,repo,user:email,workflow...
2024-04-10 21:58:35.302 [info] Getting sessions for all scopes...
2024-04-10 21:58:35.302 [info] Got 1 sessions for ...
2024-04-10 21:58:35.440 [info] Getting sessions for read:user,repo,user:email,workflow...
2024-04-10 21:58:35.440 [info] Got 1 sessions for read:user,repo,user:email,workflow...
2024-04-10 21:58:35.641 [info] Getting sessions for read:user,repo,user:email...
2024-04-10 21:58:35.641 [info] Got 0 sessions for read:user,repo,user:email...
2024-04-10 21:58:35.721 [info] Getting sessions for read:user,repo,user:email,workflow...
2024-04-10 21:58:35.721 [info] Got 1 sessions for read:user,repo,user:email,workflow...
2024-04-10 21:58:36.561 [info] Getting sessions for all scopes...
2024-04-10 21:58:36.561 [info] Got 1 sessions for ...
2024-04-10 21:58:39.377 [info] Getting sessions for read:user,repo,user:email,workflow...
2024-04-10 21:58:39.377 [info] Got 1 sessions for read:user,repo,user:email,workflow...
2024-04-10 21:58:42.115 [info] Getting sessions for read:user,repo,user:email,workflow...
2024-04-10 21:58:42.115 [info] Got 1 sessions for read:user,repo,user:email,workflow...
