2024-04-10 21:55:22.700 [info] Added views:workbench.panel.markers.view in workbench.panel.markers
2024-04-10 21:55:22.700 [info] Added views:workbench.panel.output in workbench.panel.output
2024-04-10 21:55:22.700 [info] Added views:terminal in terminal
2024-04-10 21:55:22.700 [info] Added views:outline in workbench.view.explorer
2024-04-10 21:55:22.700 [info] Added views:workbench.scm in workbench.view.scm
2024-04-10 21:55:22.700 [info] Added views:workbench.view.search in workbench.view.search
2024-04-10 21:55:22.700 [info] Added views:timeline in workbench.view.explorer
2024-04-10 21:55:22.700 [info] Added views:workbench.explorer.openEditorsView,workbench.explorer.fileView in workbench.view.explorer
2024-04-10 21:55:22.964 [info] Added views:workbench.debug.welcome in workbench.view.debug
2024-04-10 21:55:23.098 [info] Added views:gitlens.views.home,gitlens.views.workspaces,gitlens.views.account in workbench.view.extension.gitlens
2024-04-10 21:55:23.098 [info] Added views:gitlens.views.commitDetails,gitlens.views.lineHistory,gitlens.views.fileHistory,gitlens.views.searchAndCompare in workbench.view.extension.gitlensInspect
2024-04-10 21:55:23.099 [info] Added views:gitlens.views.commits,gitlens.views.branches,gitlens.views.remotes,gitlens.views.stashes,gitlens.views.tags,gitlens.views.contributors in workbench.view.scm
2024-04-10 21:55:23.099 [info] Added views:pr:github,issues:github in workbench.view.extension.github-pull-requests
2024-04-10 21:55:23.100 [info] Added views:liveshare.session in workbench.view.extension.liveshare
2024-04-10 21:55:23.417 [info] Added views:workbench.panel.repl.view in workbench.panel.repl
2024-04-10 21:55:24.109 [info] Removed views:gitlens.views.searchAndCompare,gitlens.views.fileHistory,gitlens.views.lineHistory,gitlens.views.commitDetails from workbench.view.extension.gitlensInspect
2024-04-10 21:55:24.111 [info] Removed views:gitlens.views.contributors,gitlens.views.tags,gitlens.views.stashes,gitlens.views.remotes,gitlens.views.branches,gitlens.views.commits from workbench.view.scm
2024-04-10 21:55:24.233 [info] Added views:gitlens.views.drafts in workbench.view.extension.gitlens
2024-04-10 21:55:24.274 [info] Added views:petsView in workbench.view.explorer
2024-04-10 21:55:24.774 [info] Added views:~remote.forwardedPorts in ~remote.forwardedPortsContainer
2024-04-10 21:55:31.683 [info] Added views:workbench.panel.markers.view in workbench.panel.markers
2024-04-10 21:55:31.683 [info] Added views:workbench.panel.output in workbench.panel.output
2024-04-10 21:55:31.683 [info] Added views:terminal in terminal
2024-04-10 21:55:31.683 [info] Added views:outline in workbench.view.explorer
2024-04-10 21:55:31.683 [info] Added views:workbench.scm in workbench.view.scm
2024-04-10 21:55:31.683 [info] Added views:workbench.view.search in workbench.view.search
2024-04-10 21:55:31.683 [info] Added views:timeline in workbench.view.explorer
2024-04-10 21:55:31.683 [info] Added views:workbench.explorer.openEditorsView,workbench.explorer.emptyView in workbench.view.explorer
2024-04-10 21:55:31.883 [info] Added views:gitlens.views.home,gitlens.views.workspaces,gitlens.views.account in workbench.view.extension.gitlens
2024-04-10 21:55:31.883 [info] Added views:gitlens.views.commitDetails,gitlens.views.lineHistory,gitlens.views.fileHistory,gitlens.views.searchAndCompare in workbench.view.extension.gitlensInspect
2024-04-10 21:55:31.884 [info] Added views:gitlens.views.commits,gitlens.views.branches,gitlens.views.remotes,gitlens.views.stashes,gitlens.views.tags,gitlens.views.contributors in workbench.view.scm
2024-04-10 21:55:31.885 [info] Added views:pr:github,issues:github in workbench.view.extension.github-pull-requests
2024-04-10 21:55:31.885 [info] Added views:liveshare.session in workbench.view.extension.liveshare
2024-04-10 21:55:32.129 [info] Added views:workbench.debug.variablesView,workbench.debug.watchExpressionsView,workbench.debug.callStackView,workbench.debug.breakPointsView in workbench.view.debug
2024-04-10 21:55:32.144 [info] Added views:workbench.panel.repl.view in workbench.panel.repl
2024-04-10 21:55:32.145 [info] Removed views:workbench.debug.breakPointsView,workbench.debug.callStackView,workbench.debug.watchExpressionsView,workbench.debug.variablesView from workbench.view.debug
2024-04-10 21:55:32.145 [info] Added views:workbench.debug.welcome in workbench.view.debug
2024-04-10 21:55:32.210 [info] Added views:~remote.forwardedPorts in ~remote.forwardedPortsContainer
2024-04-10 21:55:32.431 [info] Removed views:gitlens.views.searchAndCompare,gitlens.views.fileHistory,gitlens.views.lineHistory,gitlens.views.commitDetails from workbench.view.extension.gitlensInspect
2024-04-10 21:55:32.432 [info] Removed views:gitlens.views.contributors,gitlens.views.tags,gitlens.views.stashes,gitlens.views.remotes,gitlens.views.branches,gitlens.views.commits from workbench.view.scm
2024-04-10 21:55:32.476 [info] Added views:gitlens.views.drafts in workbench.view.extension.gitlens
2024-04-10 21:55:32.480 [info] Added views:petsView in workbench.view.explorer
2024-04-10 21:55:54.921 [info] Added views:workbench.panel.markers.view in workbench.panel.markers
2024-04-10 21:55:54.921 [info] Added views:workbench.panel.output in workbench.panel.output
2024-04-10 21:55:54.921 [info] Added views:terminal in terminal
2024-04-10 21:55:54.921 [info] Added views:outline in workbench.view.explorer
2024-04-10 21:55:54.921 [info] Added views:workbench.scm in workbench.view.scm
2024-04-10 21:55:54.921 [info] Added views:workbench.view.search in workbench.view.search
2024-04-10 21:55:54.921 [info] Added views:timeline in workbench.view.explorer
2024-04-10 21:55:54.921 [info] Added views:workbench.explorer.openEditorsView,workbench.explorer.fileView in workbench.view.explorer
2024-04-10 21:55:55.152 [info] Added views:workbench.debug.welcome in workbench.view.debug
2024-04-10 21:55:55.302 [info] Added views:gitlens.views.home,gitlens.views.workspaces,gitlens.views.account in workbench.view.extension.gitlens
2024-04-10 21:55:55.302 [info] Added views:gitlens.views.commitDetails,gitlens.views.lineHistory,gitlens.views.fileHistory,gitlens.views.searchAndCompare in workbench.view.extension.gitlensInspect
2024-04-10 21:55:55.303 [info] Added views:gitlens.views.commits,gitlens.views.branches,gitlens.views.remotes,gitlens.views.stashes,gitlens.views.tags,gitlens.views.contributors in workbench.view.scm
2024-04-10 21:55:55.303 [info] Added views:pr:github,issues:github in workbench.view.extension.github-pull-requests
2024-04-10 21:55:55.304 [info] Added views:liveshare.session in workbench.view.extension.liveshare
2024-04-10 21:55:55.723 [info] Added views:workbench.panel.repl.view in workbench.panel.repl
2024-04-10 21:55:56.392 [info] Removed views:gitlens.views.searchAndCompare,gitlens.views.fileHistory,gitlens.views.lineHistory,gitlens.views.commitDetails from workbench.view.extension.gitlensInspect
2024-04-10 21:55:56.394 [info] Removed views:gitlens.views.contributors,gitlens.views.tags,gitlens.views.stashes,gitlens.views.remotes,gitlens.views.branches,gitlens.views.commits from workbench.view.scm
2024-04-10 21:55:56.609 [info] Added views:gitlens.views.drafts in workbench.view.extension.gitlens
2024-04-10 21:55:56.626 [info] Added views:petsView in workbench.view.explorer
2024-04-10 21:55:57.096 [info] Added views:~remote.forwardedPorts in ~remote.forwardedPortsContainer
2024-04-10 21:55:57.192 [info] Added views:gitlens.views.graph,gitlens.views.graphDetails in workbench.view.extension.gitlensPanel
2024-04-10 21:55:57.196 [info] Added views:gitlens.views.commitDetails,gitlens.views.lineHistory,gitlens.views.fileHistory,gitlens.views.timeline,gitlens.views.searchAndCompare in workbench.view.extension.gitlensInspect
2024-04-10 21:55:57.198 [info] Added views:gitlens.views.commits,gitlens.views.branches,gitlens.views.remotes,gitlens.views.stashes,gitlens.views.tags,gitlens.views.worktrees,gitlens.views.contributors in workbench.view.scm
2024-04-10 21:55:57.822 [info] Added views:workbench.panel.comments in workbench.panel.comments
