2024-04-30 15:28:05.587 [info] Getting Manifest... catppuccin.catppuccin-vsc
2024-04-30 15:28:05.588 [info] Getting Manifest... eamodio.gitlens
2024-04-30 15:28:05.701 [info] Installing extension: catppuccin.catppuccin-vsc
2024-04-30 15:28:05.726 [info] Installing extension: eamodio.gitlens
2024-04-30 15:28:06.416 [warning] Extension signature verification failed with error 'UnknownError': catppuccin.catppuccin-vsc
2024-04-30 15:28:06.428 [info] Extracted extension to file:///home/I40S/.vscode/extensions/catppuccin.catppuccin-vsc-3.14.0: catppuccin.catppuccin-vsc
2024-04-30 15:28:06.430 [info] Renamed to /home/I40S/.vscode/extensions/catppuccin.catppuccin-vsc-3.14.0
2024-04-30 15:28:06.431 [info] Extracting extension completed. catppuccin.catppuccin-vsc
2024-04-30 15:28:06.436 [info] Extension installed successfully: catppuccin.catppuccin-vsc
2024-04-30 15:28:06.438 [info] Marked extension as uninstalled catppuccin.catppuccin-vsc-3.13.0
2024-04-30 15:28:06.516 [error] [uncaught exception in sharedProcess]: Error: ENOENT: no such file or directory, stat '/home/I40S/.vscode/extensions/extensions.json.vsctmp': EntryNotFound (FileSystemError): Error: ENOENT: no such file or directory, stat '/home/I40S/.vscode/extensions/extensions.json.vsctmp'
    at r.create (/opt/visual-studio-code/resources/app/out/vs/code/node/sharedProcess/sharedProcessMain.js:53:30080)
    at a (/opt/visual-studio-code/resources/app/out/vs/code/node/sharedProcess/sharedProcessMain.js:53:30195)
    at i.fb (/opt/visual-studio-code/resources/app/out/vs/code/node/sharedProcess/sharedProcessMain.js:58:36500)
    at i.stat (/opt/visual-studio-code/resources/app/out/vs/code/node/sharedProcess/sharedProcessMain.js:58:28946)
    at async $.stat (/opt/visual-studio-code/resources/app/out/vs/code/node/sharedProcess/sharedProcessMain.js:58:16092)
    at async K.sb (/opt/visual-studio-code/resources/app/out/vs/code/node/sharedProcess/sharedProcessMain.js:104:108402)
2024-04-30 15:28:07.561 [warning] Extension signature verification failed with error 'UnknownError': eamodio.gitlens
2024-04-30 15:28:07.816 [info] Extracted extension to file:///home/I40S/.vscode/extensions/eamodio.gitlens-14.9.1: eamodio.gitlens
2024-04-30 15:28:07.831 [info] Renamed to /home/I40S/.vscode/extensions/eamodio.gitlens-14.9.1
2024-04-30 15:28:07.844 [info] Extracting extension completed. eamodio.gitlens
2024-04-30 15:28:07.858 [info] Extension installed successfully: eamodio.gitlens
2024-04-30 15:28:07.865 [info] Marked extension as uninstalled eamodio.gitlens-14.9.0
2024-04-30 15:28:07.922 [error] [uncaught exception in sharedProcess]: Error: ENOENT: no such file or directory, stat '/home/I40S/.vscode/extensions/extensions.json.vsctmp': EntryNotFound (FileSystemError): Error: ENOENT: no such file or directory, stat '/home/I40S/.vscode/extensions/extensions.json.vsctmp'
    at r.create (/opt/visual-studio-code/resources/app/out/vs/code/node/sharedProcess/sharedProcessMain.js:53:30080)
    at a (/opt/visual-studio-code/resources/app/out/vs/code/node/sharedProcess/sharedProcessMain.js:53:30195)
    at i.fb (/opt/visual-studio-code/resources/app/out/vs/code/node/sharedProcess/sharedProcessMain.js:58:36500)
    at i.stat (/opt/visual-studio-code/resources/app/out/vs/code/node/sharedProcess/sharedProcessMain.js:58:28946)
    at async $.stat (/opt/visual-studio-code/resources/app/out/vs/code/node/sharedProcess/sharedProcessMain.js:58:16092)
    at async K.sb (/opt/visual-studio-code/resources/app/out/vs/code/node/sharedProcess/sharedProcessMain.js:104:108402)
