2024-04-10 10:27:47.773 [info] Log level: Info
2024-04-10 10:27:47.773 [info] Validating found git in: "git"
2024-04-10 10:27:47.773 [info] Using git "2.44.0" from "git"
2024-04-10 10:28:10.328 [info] Log level: Info
2024-04-10 10:28:10.328 [info] Validating found git in: "git"
2024-04-10 10:28:10.328 [info] Using git "2.44.0" from "git"
2024-04-10 10:28:10.328 [info] > git rev-parse --show-toplevel [3ms]
2024-04-10 10:28:10.328 [info] fatal: not a git repository (or any parent up to mount point /)
Stopping at filesystem boundary (GIT_DISCOVERY_ACROSS_FILESYSTEM not set).
2024-04-10 10:28:10.331 [info] > git rev-parse --show-toplevel [4ms]
2024-04-10 10:28:10.331 [info] fatal: not a git repository (or any parent up to mount point /)
Stopping at filesystem boundary (GIT_DISCOVERY_ACROSS_FILESYSTEM not set).
2024-04-10 10:28:10.337 [info] > git rev-parse --show-toplevel [1ms]
2024-04-10 10:28:10.337 [info] fatal: not a git repository (or any parent up to mount point /)
Stopping at filesystem boundary (GIT_DISCOVERY_ACROSS_FILESYSTEM not set).
2024-04-10 10:28:10.346 [info] > git rev-parse --show-toplevel [4ms]
2024-04-10 10:28:10.346 [info] fatal: not a git repository (or any parent up to mount point /)
Stopping at filesystem boundary (GIT_DISCOVERY_ACROSS_FILESYSTEM not set).
2024-04-10 10:28:10.355 [info] > git rev-parse --show-toplevel [2ms]
2024-04-10 10:28:10.355 [info] fatal: not a git repository (or any parent up to mount point /)
Stopping at filesystem boundary (GIT_DISCOVERY_ACROSS_FILESYSTEM not set).
2024-04-10 10:28:10.769 [info] > git rev-parse --show-toplevel [166ms]
2024-04-10 10:28:10.769 [info] fatal: not a git repository (or any parent up to mount point /)
Stopping at filesystem boundary (GIT_DISCOVERY_ACROSS_FILESYSTEM not set).
2024-04-10 10:28:10.854 [info] > git rev-parse --show-toplevel [2ms]
2024-04-10 10:28:10.854 [info] fatal: not a git repository (or any parent up to mount point /)
Stopping at filesystem boundary (GIT_DISCOVERY_ACROSS_FILESYSTEM not set).
2024-04-10 10:28:11.245 [info] > git rev-parse --show-toplevel [1ms]
2024-04-10 10:28:11.245 [info] fatal: not a git repository (or any parent up to mount point /)
Stopping at filesystem boundary (GIT_DISCOVERY_ACROSS_FILESYSTEM not set).
2024-04-10 10:28:20.929 [info] > git rev-parse --show-toplevel [1ms]
2024-04-10 10:28:20.929 [info] fatal: not a git repository (or any parent up to mount point /)
Stopping at filesystem boundary (GIT_DISCOVERY_ACROSS_FILESYSTEM not set).
2024-04-10 10:28:21.586 [info] > git rev-parse --show-toplevel [2ms]
2024-04-10 10:28:21.586 [info] fatal: not a git repository (or any parent up to mount point /)
Stopping at filesystem boundary (GIT_DISCOVERY_ACROSS_FILESYSTEM not set).
2024-04-10 10:28:22.204 [info] > git rev-parse --show-toplevel [2ms]
2024-04-10 10:28:22.204 [info] fatal: not a git repository (or any parent up to mount point /)
Stopping at filesystem boundary (GIT_DISCOVERY_ACROSS_FILESYSTEM not set).
2024-04-10 10:28:22.918 [info] > git rev-parse --show-toplevel [2ms]
2024-04-10 10:28:22.918 [info] fatal: not a git repository (or any parent up to mount point /)
Stopping at filesystem boundary (GIT_DISCOVERY_ACROSS_FILESYSTEM not set).
2024-04-10 10:28:23.822 [info] > git rev-parse --show-toplevel [2ms]
2024-04-10 10:28:23.822 [info] fatal: not a git repository (or any parent up to mount point /)
Stopping at filesystem boundary (GIT_DISCOVERY_ACROSS_FILESYSTEM not set).
