2024-04-16 22:04:00.425 [info] Reading sessions from keychain...
2024-04-16 22:04:00.425 [info] Getting sessions for all scopes...
2024-04-16 22:04:00.425 [info] Getting sessions for all scopes...
2024-04-16 22:04:00.425 [info] Got stored sessions!
2024-04-16 22:04:00.425 [info] Got 1 verified sessions.
2024-04-16 22:04:00.425 [info] Got 1 sessions for ...
2024-04-16 22:04:00.425 [info] Got 1 sessions for ...
2024-04-16 22:04:00.425 [info] Getting sessions for all scopes...
2024-04-16 22:04:00.425 [info] Got 1 sessions for ...
2024-04-16 22:04:00.425 [info] Getting sessions for read:user,repo,user:email...
2024-04-16 22:04:00.425 [info] Got 0 sessions for read:user,repo,user:email...
2024-04-16 22:04:00.547 [info] Getting sessions for project,read:org,read:user,repo,user:email,workflow...
2024-04-16 22:04:00.547 [info] Got 0 sessions for project,read:org,read:user,repo,user:email,workflow...
2024-04-16 22:04:00.654 [info] Getting sessions for read:user,repo,user:email,workflow...
2024-04-16 22:04:00.654 [info] Got 1 sessions for read:user,repo,user:email,workflow...
2024-04-16 22:04:00.803 [info] Getting sessions for read:user,repo,user:email,workflow...
2024-04-16 22:04:00.803 [info] Got 1 sessions for read:user,repo,user:email,workflow...
2024-04-16 22:04:07.172 [info] Getting sessions for read:user,repo,user:email,workflow...
2024-04-16 22:04:07.172 [info] Got 1 sessions for read:user,repo,user:email,workflow...
2024-04-16 22:04:08.430 [info] Getting sessions for read:user,repo,user:email,workflow...
2024-04-16 22:04:08.430 [info] Got 1 sessions for read:user,repo,user:email,workflow...
