2024-05-01 12:14:06.968 [info] Reading sessions from keychain...
2024-05-01 12:14:06.968 [info] Getting sessions for all scopes...
2024-05-01 12:14:06.968 [info] Getting sessions for all scopes...
2024-05-01 12:14:06.968 [info] Got stored sessions!
2024-05-01 12:14:06.968 [info] Got 1 verified sessions.
2024-05-01 12:14:06.968 [info] Got 1 sessions for ...
2024-05-01 12:14:06.968 [info] Got 1 sessions for ...
2024-05-01 12:14:06.968 [info] Getting sessions for all scopes...
2024-05-01 12:14:06.968 [info] Got 1 sessions for ...
2024-05-01 12:14:07.304 [info] Getting sessions for project,read:org,read:user,repo,user:email,workflow...
2024-05-01 12:14:07.304 [info] Got 0 sessions for project,read:org,read:user,repo,user:email,workflow...
2024-05-01 12:14:07.373 [info] Getting sessions for read:user,repo,user:email,workflow...
2024-05-01 12:14:07.373 [info] Got 1 sessions for read:user,repo,user:email,workflow...
2024-05-01 12:14:07.417 [info] Getting sessions for read:user,repo,user:email,workflow...
2024-05-01 12:14:07.417 [info] Got 1 sessions for read:user,repo,user:email,workflow...
2024-05-01 12:15:01.324 [info] Reading sessions from keychain...
2024-05-01 12:15:01.324 [info] Getting sessions for all scopes...
2024-05-01 12:15:01.324 [info] Getting sessions for all scopes...
2024-05-01 12:15:01.324 [info] Got stored sessions!
2024-05-01 12:15:01.324 [info] Got 1 verified sessions.
2024-05-01 12:15:01.324 [info] Got 1 sessions for ...
2024-05-01 12:15:01.324 [info] Got 1 sessions for ...
2024-05-01 12:15:01.324 [info] Getting sessions for all scopes...
2024-05-01 12:15:01.324 [info] Got 1 sessions for ...
2024-05-01 12:15:01.379 [info] Getting sessions for all scopes...
2024-05-01 12:15:01.379 [info] Got 1 sessions for ...
2024-05-01 12:15:01.463 [info] Getting sessions for project,read:org,read:user,repo,user:email,workflow...
2024-05-01 12:15:01.463 [info] Got 0 sessions for project,read:org,read:user,repo,user:email,workflow...
2024-05-01 12:15:01.606 [info] Getting sessions for read:user,repo,user:email,workflow...
2024-05-01 12:15:01.606 [info] Got 1 sessions for read:user,repo,user:email,workflow...
2024-05-01 12:15:01.764 [info] Getting sessions for read:user,repo,user:email,workflow...
2024-05-01 12:15:01.764 [info] Got 1 sessions for read:user,repo,user:email,workflow...
2024-05-01 12:15:01.871 [info] Getting sessions for read:user,repo,user:email...
2024-05-01 12:15:01.871 [info] Got 0 sessions for read:user,repo,user:email...
2024-05-01 12:15:04.866 [info] Getting sessions for read:user,repo,user:email,workflow...
2024-05-01 12:15:04.866 [info] Got 1 sessions for read:user,repo,user:email,workflow...
2024-05-01 12:15:05.800 [info] Getting sessions for read:user,repo,user:email,workflow...
2024-05-01 12:15:05.801 [info] Got 1 sessions for read:user,repo,user:email,workflow...
