2024-04-10 21:58:34.138 [info] Log level: Info
2024-04-10 21:58:34.138 [info] Validating found git in: "git"
2024-04-10 21:58:34.138 [info] Using git "2.44.0" from "git"
2024-04-10 21:58:34.138 [info] > git rev-parse --show-toplevel [4ms]
2024-04-10 21:58:34.138 [info] > git rev-parse --git-dir --git-common-dir [15ms]
2024-04-10 21:58:34.138 [info] Open repository: /home/I40S/.config
2024-04-10 21:58:34.138 [info] > git rev-parse --show-toplevel [7ms]
2024-04-10 21:58:34.138 [info] > git config --get commit.template [11ms]
2024-04-10 21:58:34.138 [info] > git for-each-ref --format=%(refname)%00%(upstream:short)%00%(objectname)%00%(upstream:track)%00%(upstream:remotename)%00%(upstream:remoteref) refs/heads/main refs/remotes/main [3ms]
2024-04-10 21:58:34.138 [info] > git rev-parse --show-toplevel [9ms]
2024-04-10 21:58:34.138 [warning] ENOENT: no such file or directory, open '/home/I40S/.config/.git/refs/remotes/origin/main'
2024-04-10 21:58:34.139 [info] > git rev-parse refs/remotes/origin/main [6ms]
2024-04-10 21:58:34.145 [info] > git rev-parse --show-toplevel [7ms]
2024-04-10 21:58:34.152 [info] > git rev-parse --show-toplevel [2ms]
2024-04-10 21:58:34.157 [info] > git rev-parse --show-toplevel [2ms]
2024-04-10 21:58:34.161 [info] > git rev-parse --show-toplevel [1ms]
2024-04-10 21:58:34.167 [info] > git rev-parse --show-toplevel [0ms]
2024-04-10 21:58:34.172 [info] > git rev-parse --show-toplevel [2ms]
2024-04-10 21:58:34.178 [info] > git rev-parse --show-toplevel [1ms]
2024-04-10 21:58:34.183 [info] > git rev-parse --show-toplevel [1ms]
2024-04-10 21:58:34.191 [info] > git rev-parse --show-toplevel [4ms]
2024-04-10 21:58:34.197 [info] > git rev-parse --show-toplevel [1ms]
2024-04-10 21:58:34.202 [info] > git rev-parse --show-toplevel [1ms]
2024-04-10 21:58:34.206 [info] > git rev-parse --show-toplevel [1ms]
2024-04-10 21:58:34.211 [info] > git rev-parse --show-toplevel [1ms]
2024-04-10 21:58:34.218 [info] > git rev-parse --show-toplevel [1ms]
2024-04-10 21:58:34.223 [info] > git rev-parse --show-toplevel [1ms]
2024-04-10 21:58:34.229 [info] > git rev-parse --show-toplevel [1ms]
2024-04-10 21:58:34.236 [info] > git rev-parse --show-toplevel [1ms]
2024-04-10 21:58:34.244 [info] > git rev-parse --show-toplevel [4ms]
2024-04-10 21:58:34.256 [info] > git status -z -uall [112ms] (cancelled)
2024-04-10 21:58:34.257 [info] > git rev-parse --show-toplevel [6ms]
2024-04-10 21:58:34.262 [info] > git rev-parse --show-toplevel [2ms]
2024-04-10 21:58:34.269 [info] > git rev-parse --show-toplevel [2ms]
2024-04-10 21:58:34.390 [info] > git rev-parse --show-toplevel [115ms]
2024-04-10 21:58:34.749 [info] > git rev-parse --show-toplevel [237ms]
2024-04-10 21:58:34.933 [info] > git rev-parse --show-toplevel [178ms]
2024-04-10 21:58:35.022 [info] > git check-ignore -v -z --stdin [98ms]
2024-04-10 21:58:35.026 [info] > git rev-parse --show-toplevel [5ms]
2024-04-10 21:58:35.038 [info] > git rev-parse --show-toplevel [2ms]
2024-04-10 21:58:35.106 [info] > git rev-parse --show-toplevel [64ms]
2024-04-10 21:58:35.120 [info] > git rev-parse --show-toplevel [2ms]
2024-04-10 21:58:35.155 [info] > git rev-parse --show-toplevel [31ms]
2024-04-10 21:58:35.241 [info] > git rev-parse --show-toplevel [82ms]
2024-04-10 21:58:35.276 [info] > git rev-parse --show-toplevel [4ms]
2024-04-10 21:58:35.284 [info] > git rev-parse --show-toplevel [2ms]
2024-04-10 21:58:35.352 [info] > git rev-parse --show-toplevel [52ms]
2024-04-10 21:58:35.361 [info] > git rev-parse --show-toplevel [3ms]
2024-04-10 21:58:35.374 [info] > git rev-parse --show-toplevel [4ms]
2024-04-10 21:58:35.382 [info] > git rev-parse --show-toplevel [2ms]
2024-04-10 21:58:35.390 [info] > git rev-parse --show-toplevel [2ms]
2024-04-10 21:58:35.441 [info] > git rev-parse --show-toplevel [3ms]
2024-04-10 21:58:35.460 [info] > git rev-parse --show-toplevel [11ms]
2024-04-10 21:58:35.491 [info] > git rev-parse --show-toplevel [20ms]
2024-04-10 21:58:35.504 [info] > git rev-parse --show-toplevel [2ms]
2024-04-10 21:58:35.513 [info] > git rev-parse --show-toplevel [1ms]
2024-04-10 21:58:35.520 [info] > git rev-parse --show-toplevel [2ms]
2024-04-10 21:58:35.594 [info] > git rev-parse --show-toplevel [52ms]
2024-04-10 21:58:35.640 [info] > git rev-parse --show-toplevel [24ms]
2024-04-10 21:58:35.661 [info] > git rev-parse --show-toplevel [11ms]
2024-04-10 21:58:35.723 [info] > git rev-parse --show-toplevel [2ms]
2024-04-10 21:58:35.788 [info] > git rev-parse --show-toplevel [12ms]
2024-04-10 21:58:35.827 [info] > git rev-parse --show-toplevel [2ms]
2024-04-10 21:58:35.921 [info] > git rev-parse --show-toplevel [87ms]
2024-04-10 21:58:35.942 [info] > git rev-parse --show-toplevel [16ms]
2024-04-10 21:58:36.792 [info] > git show --textconv :eww/windows.yuck [7ms]
2024-04-10 21:58:36.793 [info] > git ls-files --stage -- /home/I40S/.config/eww/windows.yuck [2ms]
2024-04-10 21:58:36.808 [info] > git cat-file -s cba89fdda7bc5a4d13db00028231cac7a930139a [8ms]
2024-04-10 21:58:39.356 [info] > git merge-base refs/heads/main refs/remotes/origin/main [72ms]
2024-04-10 21:58:39.363 [info] > git rev-list --count --left-right refs/heads/main...refs/remotes/origin/main [2ms]
2024-04-10 21:58:39.369 [info] > git config --get commit.template [12ms]
2024-04-10 21:58:39.372 [info] > git diff --name-status -z --diff-filter=ADMR ee2cbad79a77d2ec2a0d81e5fb79ea9b58ddb4e6...refs/remotes/origin/main [3ms]
2024-04-10 21:58:39.975 [info] > git for-each-ref --format=%(refname)%00%(upstream:short)%00%(objectname)%00%(upstream:track)%00%(upstream:remotename)%00%(upstream:remoteref) refs/heads/main refs/remotes/main [598ms]
2024-04-10 21:58:39.981 [warning] ENOENT: no such file or directory, open '/home/I40S/.config/.git/refs/remotes/origin/main'
2024-04-10 21:58:40.013 [info] > git rev-parse refs/remotes/origin/main [33ms]
2024-04-10 21:58:40.187 [info] > git status -z -uall [169ms] (cancelled)
2024-04-10 21:58:42.079 [info] > git config --local branch.main.github-pr-owner-number [17ms]
2024-04-10 21:58:42.079 [warning] git config failed: Failed to execute git
2024-04-10 21:58:53.089 [info] > git check-ignore -v -z --stdin [9ms]
2024-04-10 21:58:54.667 [info] > git show --textconv :README.md [18ms]
2024-04-10 21:58:54.667 [info] > git ls-files --stage -- /home/I40S/.config/README.md [4ms]
2024-04-10 21:58:54.673 [info] > git cat-file -s 78981922613b2afb6025042ff6bd878ac1994e85 [1ms]
2024-04-10 21:59:13.719 [info] > git ls-files --stage -- /home/I40S/.config/eww/windows.yuck [9ms]
2024-04-10 21:59:13.727 [info] > git ls-files --stage -- /home/I40S/.config/README.md [9ms]
2024-04-10 21:59:13.734 [info] > git cat-file -s cba89fdda7bc5a4d13db00028231cac7a930139a [8ms]
2024-04-10 21:59:13.736 [info] > git cat-file -s 78981922613b2afb6025042ff6bd878ac1994e85 [3ms]
2024-04-10 21:59:13.754 [info] > git show --textconv :eww/windows.yuck [9ms]
2024-04-10 21:59:13.756 [info] > git show --textconv :README.md [3ms]
2024-04-10 21:59:15.658 [info] > git ls-files --stage -- /home/I40S/.config/eww/windows.yuck [10ms]
2024-04-10 21:59:15.665 [info] > git ls-files --stage -- /home/I40S/.config/README.md [8ms]
2024-04-10 21:59:15.672 [info] > git cat-file -s cba89fdda7bc5a4d13db00028231cac7a930139a [8ms]
2024-04-10 21:59:15.674 [info] > git cat-file -s 78981922613b2afb6025042ff6bd878ac1994e85 [3ms]
2024-04-10 21:59:15.690 [info] > git show --textconv :eww/windows.yuck [8ms]
2024-04-10 21:59:15.693 [info] > git show --textconv :README.md [4ms]
2024-04-10 21:59:20.314 [info] > git ls-files --stage -- /home/I40S/.config/eww/windows.yuck [9ms]
2024-04-10 21:59:20.321 [info] > git ls-files --stage -- /home/I40S/.config/README.md [8ms]
2024-04-10 21:59:20.328 [info] > git cat-file -s cba89fdda7bc5a4d13db00028231cac7a930139a [8ms]
2024-04-10 21:59:20.330 [info] > git cat-file -s 78981922613b2afb6025042ff6bd878ac1994e85 [2ms]
2024-04-10 21:59:20.347 [info] > git show --textconv :eww/windows.yuck [9ms]
2024-04-10 21:59:20.349 [info] > git show --textconv :README.md [3ms]
