2024-04-18 19:52:57.328 [info] Reading sessions from keychain...
2024-04-18 19:52:57.328 [info] Getting sessions for all scopes...
2024-04-18 19:52:57.328 [info] Getting sessions for all scopes...
2024-04-18 19:52:57.328 [info] Got stored sessions!
2024-04-18 19:52:57.328 [info] Got 1 verified sessions.
2024-04-18 19:52:57.328 [info] Got 1 sessions for ...
2024-04-18 19:52:57.328 [info] Got 1 sessions for ...
2024-04-18 19:52:57.328 [info] Getting sessions for all scopes...
2024-04-18 19:52:57.328 [info] Got 1 sessions for ...
2024-04-18 19:52:57.330 [info] Getting sessions for read:user,repo,user:email...
2024-04-18 19:52:57.330 [info] Got 0 sessions for read:user,repo,user:email...
2024-04-18 19:52:57.365 [info] Getting sessions for project,read:org,read:user,repo,user:email,workflow...
2024-04-18 19:52:57.365 [info] Got 0 sessions for project,read:org,read:user,repo,user:email,workflow...
2024-04-18 19:52:57.578 [info] Getting sessions for read:user,repo,user:email,workflow...
2024-04-18 19:52:57.578 [info] Got 1 sessions for read:user,repo,user:email,workflow...
2024-04-18 19:52:57.613 [info] Getting sessions for read:user,repo,user:email,workflow...
2024-04-18 19:52:57.614 [info] Got 1 sessions for read:user,repo,user:email,workflow...
2024-04-18 19:53:04.843 [info] Getting sessions for read:user,repo,user:email,workflow...
2024-04-18 19:53:04.843 [info] Got 1 sessions for read:user,repo,user:email,workflow...
2024-04-18 19:53:05.854 [info] Getting sessions for read:user,repo,user:email,workflow...
2024-04-18 19:53:05.854 [info] Got 1 sessions for read:user,repo,user:email,workflow...
